2024-06-30 10:37:26.035 INFO  demo [] background-preinit org.hibernate.validator.internal.util.Version:21 HV000001: Hibernate Validator 8.0.0.Final
2024-06-30 10:37:26.060 INFO  demo [] main c.i.zoo.example.springboot.mybatisplus.BasicTest:51 Starting BasicTest using Java 17.0.3.1 with PID 11972 (started by 13548 in D:\working\spring-cloud-jd\zoo-example\zoo-example-springboot\zoo-example-springboot-mybatisplus)
2024-06-30 10:37:26.061 DEBUG demo [] main c.i.zoo.example.springboot.mybatisplus.BasicTest:52 Running with Spring Boot v3.0.2, Spring v6.0.4
2024-06-30 10:37:26.062 INFO  demo [] main c.i.zoo.example.springboot.mybatisplus.BasicTest:630 No active profile set, falling back to 1 default profile: "default"
2024-06-30 10:37:28.294 INFO  demo [] main com.ideaaedi.zoo.foundation.DIYGuidePrinter:51 Integrate component -> 01.zoo-diy-artifact-mybatis-plus
2024-06-30 10:37:28.303 INFO  demo [] main com.ideaaedi.zoo.foundation.DIYGuidePrinter:86 
------------------------ 01.zoo-diy-artifact-mybatis-plus guide ------------------------
[instruction]
此组件主要整合mybatis-plus，并作一定增强

[manual]
引入此组件后，一般需要根据自身情况，作相应mybatis-plus配置。如：
mybatis-plus:
  global-config:
    db-config:
      logic-delete-value: 1 # 指定逻辑删除值
      logic-not-delete-value: 0 # 指定逻辑未删除值

[contacts]
作者邮箱: 13548417409@163.com

[links]
官网: https://baomidou.com/
Github: https://github.com/baomidou/mybatis-plus
------------------------------------------------------------------------------------------
2024-06-30 10:37:28.315 INFO  demo [] main c.i.zoo.example.springboot.mybatisplus.BasicTest:57 Started BasicTest in 2.679 seconds (process running for 3.452)
2024-06-30 10:37:29.009 INFO  demo [] main com.zaxxer.hikari.HikariDataSource:110 HikariPool-1 - Starting...
2024-06-30 10:37:32.348 ERROR demo [] main com.zaxxer.hikari.pool.HikariPool:594 HikariPool-1 - Exception during pool initialization.
com.mysql.cj.jdbc.exceptions.CommunicationsException: Communications link failure

The last packet successfully received from the server was 2,178 milliseconds ago.  The last packet sent successfully to the server was 2,178 milliseconds ago.
	at com.mysql.cj.jdbc.exceptions.SQLError.createCommunicationsException(SQLError.java:174)
	at com.mysql.cj.jdbc.exceptions.SQLExceptionsMapping.translateException(SQLExceptionsMapping.java:64)
	at com.mysql.cj.jdbc.ConnectionImpl.createNewIO(ConnectionImpl.java:835)
	at com.mysql.cj.jdbc.ConnectionImpl.<init>(ConnectionImpl.java:455)
	at com.mysql.cj.jdbc.ConnectionImpl.getInstance(ConnectionImpl.java:240)
	at com.mysql.cj.jdbc.NonRegisteringDriver.connect(NonRegisteringDriver.java:199)
	at com.zaxxer.hikari.util.DriverDataSource.getConnection(DriverDataSource.java:138)
	at com.zaxxer.hikari.pool.PoolBase.newConnection(PoolBase.java:359)
	at com.zaxxer.hikari.pool.PoolBase.newPoolEntry(PoolBase.java:201)
	at com.zaxxer.hikari.pool.HikariPool.createPoolEntry(HikariPool.java:470)
	at com.zaxxer.hikari.pool.HikariPool.checkFailFast(HikariPool.java:561)
	at com.zaxxer.hikari.pool.HikariPool.<init>(HikariPool.java:100)
	at com.zaxxer.hikari.HikariDataSource.getConnection(HikariDataSource.java:112)
	at org.springframework.jdbc.datasource.DataSourceUtils.fetchConnection(DataSourceUtils.java:159)
	at org.springframework.jdbc.datasource.DataSourceUtils.doGetConnection(DataSourceUtils.java:117)
	at org.springframework.jdbc.datasource.DataSourceUtils.getConnection(DataSourceUtils.java:80)
	at org.mybatis.spring.transaction.SpringManagedTransaction.openConnection(SpringManagedTransaction.java:80)
	at org.mybatis.spring.transaction.SpringManagedTransaction.getConnection(SpringManagedTransaction.java:67)
	at org.apache.ibatis.executor.BaseExecutor.getConnection(BaseExecutor.java:345)
	at org.apache.ibatis.executor.SimpleExecutor.prepareStatement(SimpleExecutor.java:89)
	at org.apache.ibatis.executor.SimpleExecutor.doQuery(SimpleExecutor.java:64)
	at org.apache.ibatis.executor.BaseExecutor.queryFromDatabase(BaseExecutor.java:333)
	at org.apache.ibatis.executor.BaseExecutor.query(BaseExecutor.java:158)
	at org.apache.ibatis.executor.CachingExecutor.query(CachingExecutor.java:110)
	at com.baomidou.mybatisplus.extension.plugins.MybatisPlusInterceptor.intercept(MybatisPlusInterceptor.java:81)
	at org.apache.ibatis.plugin.Plugin.invoke(Plugin.java:59)
	at jdk.proxy2/jdk.proxy2.$Proxy121.query(Unknown Source)
	at org.apache.ibatis.session.defaults.DefaultSqlSession.selectList(DefaultSqlSession.java:154)
	at org.apache.ibatis.session.defaults.DefaultSqlSession.selectList(DefaultSqlSession.java:147)
	at org.apache.ibatis.session.defaults.DefaultSqlSession.selectList(DefaultSqlSession.java:142)
	at java.base/jdk.internal.reflect.NativeMethodAccessorImpl.invoke0(Native Method)
	at java.base/jdk.internal.reflect.NativeMethodAccessorImpl.invoke(NativeMethodAccessorImpl.java:77)
	at java.base/jdk.internal.reflect.DelegatingMethodAccessorImpl.invoke(DelegatingMethodAccessorImpl.java:43)
	at java.base/java.lang.reflect.Method.invoke(Method.java:568)
	at org.mybatis.spring.SqlSessionTemplate$SqlSessionInterceptor.invoke(SqlSessionTemplate.java:425)
	at jdk.proxy2/jdk.proxy2.$Proxy70.selectList(Unknown Source)
	at org.mybatis.spring.SqlSessionTemplate.selectList(SqlSessionTemplate.java:224)
	at com.baomidou.mybatisplus.core.override.MybatisMapperMethod.executeForMany(MybatisMapperMethod.java:166)
	at com.baomidou.mybatisplus.core.override.MybatisMapperMethod.execute(MybatisMapperMethod.java:77)
	at com.baomidou.mybatisplus.core.override.MybatisMapperProxy$PlainMethodInvoker.invoke(MybatisMapperProxy.java:152)
	at com.baomidou.mybatisplus.core.override.MybatisMapperProxy.invoke(MybatisMapperProxy.java:89)
	at jdk.proxy2/jdk.proxy2.$Proxy75.selectList(Unknown Source)
	at com.baomidou.mybatisplus.extension.service.IService.list(IService.java:406)
	at com.baomidou.mybatisplus.extension.service.IService.list(IService.java:427)
	at java.base/jdk.internal.reflect.NativeMethodAccessorImpl.invoke0(Native Method)
	at java.base/jdk.internal.reflect.NativeMethodAccessorImpl.invoke(NativeMethodAccessorImpl.java:77)
	at java.base/jdk.internal.reflect.DelegatingMethodAccessorImpl.invoke(DelegatingMethodAccessorImpl.java:43)
	at java.base/java.lang.reflect.Method.invoke(Method.java:568)
	at org.springframework.aop.support.AopUtils.invokeJoinpointUsingReflection(AopUtils.java:343)
	at org.springframework.aop.framework.CglibAopProxy$DynamicAdvisedInterceptor.intercept(CglibAopProxy.java:699)
	at com.ideaaedi.zoo.example.springboot.mybatisplus.service.impl.UserInfoServiceImpl$$SpringCGLIB$$0.list(<generated>)
	at com.ideaaedi.zoo.example.springboot.mybatisplus.BasicTest.list(BasicTest.java:22)
	at java.base/jdk.internal.reflect.NativeMethodAccessorImpl.invoke0(Native Method)
	at java.base/jdk.internal.reflect.NativeMethodAccessorImpl.invoke(NativeMethodAccessorImpl.java:77)
	at java.base/jdk.internal.reflect.DelegatingMethodAccessorImpl.invoke(DelegatingMethodAccessorImpl.java:43)
	at java.base/java.lang.reflect.Method.invoke(Method.java:568)
	at org.junit.platform.commons.util.ReflectionUtils.invokeMethod(ReflectionUtils.java:727)
	at org.junit.jupiter.engine.execution.MethodInvocation.proceed(MethodInvocation.java:60)
	at org.junit.jupiter.engine.execution.InvocationInterceptorChain$ValidatingInvocation.proceed(InvocationInterceptorChain.java:131)
	at org.junit.jupiter.engine.extension.TimeoutExtension.intercept(TimeoutExtension.java:156)
	at org.junit.jupiter.engine.extension.TimeoutExtension.interceptTestableMethod(TimeoutExtension.java:147)
	at org.junit.jupiter.engine.extension.TimeoutExtension.interceptTestMethod(TimeoutExtension.java:86)
	at org.junit.jupiter.engine.execution.InterceptingExecutableInvoker$ReflectiveInterceptorCall.lambda$ofVoidMethod$0(InterceptingExecutableInvoker.java:103)
	at org.junit.jupiter.engine.execution.InterceptingExecutableInvoker.lambda$invoke$0(InterceptingExecutableInvoker.java:93)
	at org.junit.jupiter.engine.execution.InvocationInterceptorChain$InterceptedInvocation.proceed(InvocationInterceptorChain.java:106)
	at org.junit.jupiter.engine.execution.InvocationInterceptorChain.proceed(InvocationInterceptorChain.java:64)
	at org.junit.jupiter.engine.execution.InvocationInterceptorChain.chainAndInvoke(InvocationInterceptorChain.java:45)
	at org.junit.jupiter.engine.execution.InvocationInterceptorChain.invoke(InvocationInterceptorChain.java:37)
	at org.junit.jupiter.engine.execution.InterceptingExecutableInvoker.invoke(InterceptingExecutableInvoker.java:92)
	at org.junit.jupiter.engine.execution.InterceptingExecutableInvoker.invoke(InterceptingExecutableInvoker.java:86)
	at org.junit.jupiter.engine.descriptor.TestMethodTestDescriptor.lambda$invokeTestMethod$7(TestMethodTestDescriptor.java:217)
	at org.junit.platform.engine.support.hierarchical.ThrowableCollector.execute(ThrowableCollector.java:73)
	at org.junit.jupiter.engine.descriptor.TestMethodTestDescriptor.invokeTestMethod(TestMethodTestDescriptor.java:213)
	at org.junit.jupiter.engine.descriptor.TestMethodTestDescriptor.execute(TestMethodTestDescriptor.java:138)
	at org.junit.jupiter.engine.descriptor.TestMethodTestDescriptor.execute(TestMethodTestDescriptor.java:68)
	at org.junit.platform.engine.support.hierarchical.NodeTestTask.lambda$executeRecursively$6(NodeTestTask.java:151)
	at org.junit.platform.engine.support.hierarchical.ThrowableCollector.execute(ThrowableCollector.java:73)
	at org.junit.platform.engine.support.hierarchical.NodeTestTask.lambda$executeRecursively$8(NodeTestTask.java:141)
	at org.junit.platform.engine.support.hierarchical.Node.around(Node.java:137)
	at org.junit.platform.engine.support.hierarchical.NodeTestTask.lambda$executeRecursively$9(NodeTestTask.java:139)
	at org.junit.platform.engine.support.hierarchical.ThrowableCollector.execute(ThrowableCollector.java:73)
	at org.junit.platform.engine.support.hierarchical.NodeTestTask.executeRecursively(NodeTestTask.java:138)
	at org.junit.platform.engine.support.hierarchical.NodeTestTask.execute(NodeTestTask.java:95)
	at java.base/java.util.ArrayList.forEach(ArrayList.java:1511)
	at org.junit.platform.engine.support.hierarchical.SameThreadHierarchicalTestExecutorService.invokeAll(SameThreadHierarchicalTestExecutorService.java:41)
	at org.junit.platform.engine.support.hierarchical.NodeTestTask.lambda$executeRecursively$6(NodeTestTask.java:155)
	at org.junit.platform.engine.support.hierarchical.ThrowableCollector.execute(ThrowableCollector.java:73)
	at org.junit.platform.engine.support.hierarchical.NodeTestTask.lambda$executeRecursively$8(NodeTestTask.java:141)
	at org.junit.platform.engine.support.hierarchical.Node.around(Node.java:137)
	at org.junit.platform.engine.support.hierarchical.NodeTestTask.lambda$executeRecursively$9(NodeTestTask.java:139)
	at org.junit.platform.engine.support.hierarchical.ThrowableCollector.execute(ThrowableCollector.java:73)
	at org.junit.platform.engine.support.hierarchical.NodeTestTask.executeRecursively(NodeTestTask.java:138)
	at org.junit.platform.engine.support.hierarchical.NodeTestTask.execute(NodeTestTask.java:95)
	at java.base/java.util.ArrayList.forEach(ArrayList.java:1511)
	at org.junit.platform.engine.support.hierarchical.SameThreadHierarchicalTestExecutorService.invokeAll(SameThreadHierarchicalTestExecutorService.java:41)
	at org.junit.platform.engine.support.hierarchical.NodeTestTask.lambda$executeRecursively$6(NodeTestTask.java:155)
	at org.junit.platform.engine.support.hierarchical.ThrowableCollector.execute(ThrowableCollector.java:73)
	at org.junit.platform.engine.support.hierarchical.NodeTestTask.lambda$executeRecursively$8(NodeTestTask.java:141)
	at org.junit.platform.engine.support.hierarchical.Node.around(Node.java:137)
	at org.junit.platform.engine.support.hierarchical.NodeTestTask.lambda$executeRecursively$9(NodeTestTask.java:139)
	at org.junit.platform.engine.support.hierarchical.ThrowableCollector.execute(ThrowableCollector.java:73)
	at org.junit.platform.engine.support.hierarchical.NodeTestTask.executeRecursively(NodeTestTask.java:138)
	at org.junit.platform.engine.support.hierarchical.NodeTestTask.execute(NodeTestTask.java:95)
	at org.junit.platform.engine.support.hierarchical.SameThreadHierarchicalTestExecutorService.submit(SameThreadHierarchicalTestExecutorService.java:35)
	at org.junit.platform.engine.support.hierarchical.HierarchicalTestExecutor.execute(HierarchicalTestExecutor.java:57)
	at org.junit.platform.engine.support.hierarchical.HierarchicalTestEngine.execute(HierarchicalTestEngine.java:54)
	at org.junit.platform.launcher.core.EngineExecutionOrchestrator.execute(EngineExecutionOrchestrator.java:147)
	at org.junit.platform.launcher.core.EngineExecutionOrchestrator.execute(EngineExecutionOrchestrator.java:127)
	at org.junit.platform.launcher.core.EngineExecutionOrchestrator.execute(EngineExecutionOrchestrator.java:90)
	at org.junit.platform.launcher.core.EngineExecutionOrchestrator.lambda$execute$0(EngineExecutionOrchestrator.java:55)
	at org.junit.platform.launcher.core.EngineExecutionOrchestrator.withInterceptedStreams(EngineExecutionOrchestrator.java:102)
	at org.junit.platform.launcher.core.EngineExecutionOrchestrator.execute(EngineExecutionOrchestrator.java:54)
	at org.junit.platform.launcher.core.DefaultLauncher.execute(DefaultLauncher.java:114)
	at org.junit.platform.launcher.core.DefaultLauncher.execute(DefaultLauncher.java:86)
	at org.junit.platform.launcher.core.DefaultLauncherSession$DelegatingLauncher.execute(DefaultLauncherSession.java:86)
	at org.junit.platform.launcher.core.SessionPerRequestLauncher.execute(SessionPerRequestLauncher.java:53)
	at com.intellij.junit5.JUnit5IdeaTestRunner.startRunnerWithArgs(JUnit5IdeaTestRunner.java:57)
	at com.intellij.rt.junit.IdeaTestRunner$Repeater$1.execute(IdeaTestRunner.java:38)
	at com.intellij.rt.execution.junit.TestsRepeater.repeat(TestsRepeater.java:11)
	at com.intellij.rt.junit.IdeaTestRunner$Repeater.startRunnerWithArgs(IdeaTestRunner.java:35)
	at com.intellij.rt.junit.JUnitStarter.prepareStreamsAndStart(JUnitStarter.java:235)
	at com.intellij.rt.junit.JUnitStarter.main(JUnitStarter.java:54)
Caused by: com.mysql.cj.exceptions.CJCommunicationsException: Communications link failure

The last packet successfully received from the server was 2,178 milliseconds ago.  The last packet sent successfully to the server was 2,178 milliseconds ago.
	at java.base/jdk.internal.reflect.NativeConstructorAccessorImpl.newInstance0(Native Method)
	at java.base/jdk.internal.reflect.NativeConstructorAccessorImpl.newInstance(NativeConstructorAccessorImpl.java:77)
	at java.base/jdk.internal.reflect.DelegatingConstructorAccessorImpl.newInstance(DelegatingConstructorAccessorImpl.java:45)
	at java.base/java.lang.reflect.Constructor.newInstanceWithCaller(Constructor.java:499)
	at java.base/java.lang.reflect.Constructor.newInstance(Constructor.java:480)
	at com.mysql.cj.exceptions.ExceptionFactory.createException(ExceptionFactory.java:61)
	at com.mysql.cj.exceptions.ExceptionFactory.createException(ExceptionFactory.java:105)
	at com.mysql.cj.exceptions.ExceptionFactory.createException(ExceptionFactory.java:151)
	at com.mysql.cj.exceptions.ExceptionFactory.createCommunicationsException(ExceptionFactory.java:167)
	at com.mysql.cj.protocol.a.NativeProtocol.readMessage(NativeProtocol.java:562)
	at com.mysql.cj.protocol.a.NativeProtocol.checkErrorMessage(NativeProtocol.java:732)
	at com.mysql.cj.protocol.a.NativeProtocol.sendCommand(NativeProtocol.java:671)
	at com.mysql.cj.protocol.a.NativeProtocol.sendCommand(NativeProtocol.java:132)
	at com.mysql.cj.NativeSession.sendCommand(NativeSession.java:321)
	at com.mysql.cj.NativeSession.configureClientCharacterSet(NativeSession.java:594)
	at com.mysql.cj.jdbc.ConnectionImpl.initializePropsFromServer(ConnectionImpl.java:1325)
	at com.mysql.cj.jdbc.ConnectionImpl.connectOneTryOnly(ConnectionImpl.java:966)
	at com.mysql.cj.jdbc.ConnectionImpl.createNewIO(ConnectionImpl.java:825)
	... 119 common frames omitted
Caused by: java.net.SocketException: Connection reset
	at java.base/sun.nio.ch.NioSocketImpl.implRead(NioSocketImpl.java:323)
	at java.base/sun.nio.ch.NioSocketImpl.read(NioSocketImpl.java:350)
	at java.base/sun.nio.ch.NioSocketImpl$1.read(NioSocketImpl.java:803)
	at java.base/java.net.Socket$SocketInputStream.read(Socket.java:966)
	at com.mysql.cj.protocol.ReadAheadInputStream.fill(ReadAheadInputStream.java:107)
	at com.mysql.cj.protocol.ReadAheadInputStream.readFromUnderlyingStreamIfNecessary(ReadAheadInputStream.java:150)
	at com.mysql.cj.protocol.ReadAheadInputStream.read(ReadAheadInputStream.java:180)
	at java.base/java.io.FilterInputStream.read(FilterInputStream.java:132)
	at com.mysql.cj.protocol.FullReadInputStream.readFully(FullReadInputStream.java:64)
	at com.mysql.cj.protocol.a.SimplePacketReader.readHeader(SimplePacketReader.java:63)
	at com.mysql.cj.protocol.a.SimplePacketReader.readHeader(SimplePacketReader.java:45)
	at com.mysql.cj.protocol.a.TimeTrackingPacketReader.readHeader(TimeTrackingPacketReader.java:52)
	at com.mysql.cj.protocol.a.TimeTrackingPacketReader.readHeader(TimeTrackingPacketReader.java:41)
	at com.mysql.cj.protocol.a.MultiPacketReader.readHeader(MultiPacketReader.java:54)
	at com.mysql.cj.protocol.a.MultiPacketReader.readHeader(MultiPacketReader.java:44)
	at com.mysql.cj.protocol.a.NativeProtocol.readMessage(NativeProtocol.java:556)
	... 127 common frames omitted
2024-06-30 10:37:57.364 INFO  demo [] background-preinit org.hibernate.validator.internal.util.Version:21 HV000001: Hibernate Validator 8.0.0.Final
2024-06-30 10:37:57.392 INFO  demo [] main c.i.zoo.example.springboot.mybatisplus.BasicTest:51 Starting BasicTest using Java 17.0.3.1 with PID 26984 (started by 13548 in D:\working\spring-cloud-jd\zoo-example\zoo-example-springboot\zoo-example-springboot-mybatisplus)
2024-06-30 10:37:57.392 DEBUG demo [] main c.i.zoo.example.springboot.mybatisplus.BasicTest:52 Running with Spring Boot v3.0.2, Spring v6.0.4
2024-06-30 10:37:57.393 INFO  demo [] main c.i.zoo.example.springboot.mybatisplus.BasicTest:630 No active profile set, falling back to 1 default profile: "default"
2024-06-30 10:37:59.570 INFO  demo [] main com.ideaaedi.zoo.foundation.DIYGuidePrinter:51 Integrate component -> 01.zoo-diy-artifact-mybatis-plus
2024-06-30 10:37:59.577 INFO  demo [] main com.ideaaedi.zoo.foundation.DIYGuidePrinter:86 
------------------------ 01.zoo-diy-artifact-mybatis-plus guide ------------------------
[instruction]
此组件主要整合mybatis-plus，并作一定增强

[manual]
引入此组件后，一般需要根据自身情况，作相应mybatis-plus配置。如：
mybatis-plus:
  global-config:
    db-config:
      logic-delete-value: 1 # 指定逻辑删除值
      logic-not-delete-value: 0 # 指定逻辑未删除值

[contacts]
作者邮箱: 13548417409@163.com

[links]
官网: https://baomidou.com/
Github: https://github.com/baomidou/mybatis-plus
------------------------------------------------------------------------------------------
2024-06-30 10:37:59.595 INFO  demo [] main c.i.zoo.example.springboot.mybatisplus.BasicTest:57 Started BasicTest in 2.637 seconds (process running for 3.406)
2024-06-30 10:38:00.287 INFO  demo [] main com.zaxxer.hikari.HikariDataSource:110 HikariPool-1 - Starting...
2024-06-30 10:38:00.517 INFO  demo [] main com.zaxxer.hikari.pool.HikariPool:565 HikariPool-1 - Added connection com.mysql.cj.jdbc.ConnectionImpl@474ce6b8
2024-06-30 10:38:00.518 INFO  demo [] main com.zaxxer.hikari.HikariDataSource:123 HikariPool-1 - Start completed.
2024-06-30 10:38:00.526 DEBUG demo [] main c.i.z.e.s.m.mapper.UserInfoMapper.selectList:135 ==>  Preparing: SELECT id,name,gender FROM user_info
2024-06-30 10:38:00.555 DEBUG demo [] main c.i.z.e.s.m.mapper.UserInfoMapper.selectList:135 ==> Parameters: 
2024-06-30 10:38:00.582 DEBUG demo [] main c.i.z.e.s.m.mapper.UserInfoMapper.selectList:135 <==      Total: 0
2024-06-30 10:38:00.621 INFO  demo [] SpringApplicationShutdownHook com.zaxxer.hikari.HikariDataSource:350 HikariPool-1 - Shutdown initiated...
2024-06-30 10:38:00.626 INFO  demo [] SpringApplicationShutdownHook com.zaxxer.hikari.HikariDataSource:352 HikariPool-1 - Shutdown completed.
2024-06-30 10:39:10.038 INFO  demo [] background-preinit org.hibernate.validator.internal.util.Version:21 HV000001: Hibernate Validator 8.0.0.Final
2024-06-30 10:39:10.062 INFO  demo [] main c.i.zoo.example.springboot.mybatisplus.BasicTest:51 Starting BasicTest using Java 17.0.3.1 with PID 27536 (started by 13548 in D:\working\spring-cloud-jd\zoo-example\zoo-example-springboot\zoo-example-springboot-mybatisplus)
2024-06-30 10:39:10.062 DEBUG demo [] main c.i.zoo.example.springboot.mybatisplus.BasicTest:52 Running with Spring Boot v3.0.2, Spring v6.0.4
2024-06-30 10:39:10.063 INFO  demo [] main c.i.zoo.example.springboot.mybatisplus.BasicTest:630 No active profile set, falling back to 1 default profile: "default"
2024-06-30 10:39:12.231 INFO  demo [] main com.ideaaedi.zoo.foundation.DIYGuidePrinter:51 Integrate component -> 01.zoo-diy-artifact-mybatis-plus
2024-06-30 10:39:12.235 INFO  demo [] main com.ideaaedi.zoo.foundation.DIYGuidePrinter:86 
------------------------ 01.zoo-diy-artifact-mybatis-plus guide ------------------------
[instruction]
此组件主要整合mybatis-plus，并作一定增强

[manual]
引入此组件后，一般需要根据自身情况，作相应mybatis-plus配置。如：
mybatis-plus:
  global-config:
    db-config:
      logic-delete-value: 1 # 指定逻辑删除值
      logic-not-delete-value: 0 # 指定逻辑未删除值

[contacts]
作者邮箱: 13548417409@163.com

[links]
官网: https://baomidou.com/
Github: https://github.com/baomidou/mybatis-plus
------------------------------------------------------------------------------------------
2024-06-30 10:39:12.252 INFO  demo [] main c.i.zoo.example.springboot.mybatisplus.BasicTest:57 Started BasicTest in 2.662 seconds (process running for 3.406)
2024-06-30 10:39:12.839 INFO  demo [] main com.zaxxer.hikari.HikariDataSource:110 HikariPool-1 - Starting...
2024-06-30 10:39:12.960 INFO  demo [] main com.zaxxer.hikari.pool.HikariPool:565 HikariPool-1 - Added connection com.mysql.cj.jdbc.ConnectionImpl@72f24a84
2024-06-30 10:39:12.961 INFO  demo [] main com.zaxxer.hikari.HikariDataSource:123 HikariPool-1 - Start completed.
2024-06-30 10:39:12.966 DEBUG demo [] main c.i.z.e.s.m.mapper.UserInfoMapper.selectList:135 ==>  Preparing: SELECT id,name,gender FROM user_info
2024-06-30 10:39:12.984 DEBUG demo [] main c.i.z.e.s.m.mapper.UserInfoMapper.selectList:135 ==> Parameters: 
2024-06-30 10:39:13.002 DEBUG demo [] main c.i.z.e.s.m.mapper.UserInfoMapper.selectList:135 <==      Total: 2
2024-06-30 10:39:13.025 INFO  demo [] SpringApplicationShutdownHook com.zaxxer.hikari.HikariDataSource:350 HikariPool-1 - Shutdown initiated...
2024-06-30 10:39:13.032 INFO  demo [] SpringApplicationShutdownHook com.zaxxer.hikari.HikariDataSource:352 HikariPool-1 - Shutdown completed.
2024-06-30 10:40:52.037 INFO  demo [] background-preinit org.hibernate.validator.internal.util.Version:21 HV000001: Hibernate Validator 8.0.0.Final
2024-06-30 10:40:52.097 INFO  demo [] main c.i.zoo.example.springboot.mybatisplus.BasicTest:51 Starting BasicTest using Java 17.0.3.1 with PID 20364 (started by 13548 in D:\working\spring-cloud-jd\zoo-example\zoo-example-springboot\zoo-example-springboot-mybatisplus)
2024-06-30 10:40:52.098 DEBUG demo [] main c.i.zoo.example.springboot.mybatisplus.BasicTest:52 Running with Spring Boot v3.0.2, Spring v6.0.4
2024-06-30 10:40:52.102 INFO  demo [] main c.i.zoo.example.springboot.mybatisplus.BasicTest:630 No active profile set, falling back to 1 default profile: "default"
2024-06-30 10:40:54.427 INFO  demo [] main com.ideaaedi.zoo.foundation.DIYGuidePrinter:51 Integrate component -> 01.zoo-diy-artifact-mybatis-plus
2024-06-30 10:40:54.432 INFO  demo [] main com.ideaaedi.zoo.foundation.DIYGuidePrinter:86 
------------------------ 01.zoo-diy-artifact-mybatis-plus guide ------------------------
[instruction]
此组件主要整合mybatis-plus，并作一定增强

[manual]
引入此组件后，一般需要根据自身情况，作相应mybatis-plus配置。如：
mybatis-plus:
  global-config:
    db-config:
      logic-delete-value: 1 # 指定逻辑删除值
      logic-not-delete-value: 0 # 指定逻辑未删除值

[contacts]
作者邮箱: 13548417409@163.com

[links]
官网: https://baomidou.com/
Github: https://github.com/baomidou/mybatis-plus
------------------------------------------------------------------------------------------
2024-06-30 10:40:54.446 INFO  demo [] main c.i.zoo.example.springboot.mybatisplus.BasicTest:57 Started BasicTest in 2.908 seconds (process running for 3.757)
2024-06-30 10:40:55.193 INFO  demo [] main com.zaxxer.hikari.HikariDataSource:110 HikariPool-1 - Starting...
2024-06-30 10:40:55.320 INFO  demo [] main com.zaxxer.hikari.pool.HikariPool:565 HikariPool-1 - Added connection com.mysql.cj.jdbc.ConnectionImpl@350342e0
2024-06-30 10:40:55.321 INFO  demo [] main com.zaxxer.hikari.HikariDataSource:123 HikariPool-1 - Start completed.
2024-06-30 10:40:55.327 DEBUG demo [] main c.i.z.e.s.m.m.UserInfoMapper.selectList_mpCount:135 ==>  Preparing: SELECT COUNT(*) AS total FROM user_info
2024-06-30 10:40:55.347 DEBUG demo [] main c.i.z.e.s.m.m.UserInfoMapper.selectList_mpCount:135 ==> Parameters: 
2024-06-30 10:40:55.364 DEBUG demo [] main c.i.z.e.s.m.m.UserInfoMapper.selectList_mpCount:135 <==      Total: 1
2024-06-30 10:40:55.370 DEBUG demo [] main c.i.z.e.s.m.mapper.UserInfoMapper.selectList:135 ==>  Preparing: SELECT id,name,gender FROM user_info LIMIT ?
2024-06-30 10:40:55.372 DEBUG demo [] main c.i.z.e.s.m.mapper.UserInfoMapper.selectList:135 ==> Parameters: 1(Long)
2024-06-30 10:40:55.373 DEBUG demo [] main c.i.z.e.s.m.mapper.UserInfoMapper.selectList:135 <==      Total: 1
2024-06-30 10:40:55.563 INFO  demo [] SpringApplicationShutdownHook com.zaxxer.hikari.HikariDataSource:350 HikariPool-1 - Shutdown initiated...
2024-06-30 10:40:55.576 INFO  demo [] SpringApplicationShutdownHook com.zaxxer.hikari.HikariDataSource:352 HikariPool-1 - Shutdown completed.
2024-06-30 10:43:52.505 INFO  demo [] background-preinit org.hibernate.validator.internal.util.Version:21 HV000001: Hibernate Validator 8.0.0.Final
2024-06-30 10:43:52.556 INFO  demo [] main c.i.zoo.example.springboot.mybatisplus.BasicTest:51 Starting BasicTest using Java 17.0.3.1 with PID 26536 (started by 13548 in D:\working\spring-cloud-jd\zoo-example\zoo-example-springboot\zoo-example-springboot-mybatisplus)
2024-06-30 10:43:52.557 DEBUG demo [] main c.i.zoo.example.springboot.mybatisplus.BasicTest:52 Running with Spring Boot v3.0.2, Spring v6.0.4
2024-06-30 10:43:52.558 INFO  demo [] main c.i.zoo.example.springboot.mybatisplus.BasicTest:630 No active profile set, falling back to 1 default profile: "default"
2024-06-30 10:43:54.966 INFO  demo [] main com.ideaaedi.zoo.foundation.DIYGuidePrinter:51 Integrate component -> 01.zoo-diy-artifact-mybatis-plus
2024-06-30 10:43:54.972 INFO  demo [] main com.ideaaedi.zoo.foundation.DIYGuidePrinter:86 
------------------------ 01.zoo-diy-artifact-mybatis-plus guide ------------------------
[instruction]
此组件主要整合mybatis-plus，并作一定增强

[manual]
引入此组件后，一般需要根据自身情况，作相应mybatis-plus配置。如：
mybatis-plus:
  global-config:
    db-config:
      logic-delete-value: 1 # 指定逻辑删除值
      logic-not-delete-value: 0 # 指定逻辑未删除值

[contacts]
作者邮箱: 13548417409@163.com

[links]
官网: https://baomidou.com/
Github: https://github.com/baomidou/mybatis-plus
------------------------------------------------------------------------------------------
2024-06-30 10:43:54.992 INFO  demo [] main c.i.zoo.example.springboot.mybatisplus.BasicTest:57 Started BasicTest in 2.909 seconds (process running for 3.812)
2024-06-30 10:43:55.725 INFO  demo [] main com.zaxxer.hikari.HikariDataSource:110 HikariPool-1 - Starting...
2024-06-30 10:43:55.867 INFO  demo [] main com.zaxxer.hikari.pool.HikariPool:565 HikariPool-1 - Added connection com.mysql.cj.jdbc.ConnectionImpl@23d0944b
2024-06-30 10:43:55.869 INFO  demo [] main com.zaxxer.hikari.HikariDataSource:123 HikariPool-1 - Start completed.
2024-06-30 10:43:55.875 DEBUG demo [] main c.i.z.e.s.m.mapper.UserInfoMapper.selectList:135 ==>  Preparing: SELECT id,name,gender FROM user_info
2024-06-30 10:43:55.890 DEBUG demo [] main c.i.z.e.s.m.mapper.UserInfoMapper.selectList:135 ==> Parameters: 
2024-06-30 10:43:55.909 DEBUG demo [] main c.i.z.e.s.m.mapper.UserInfoMapper.selectList:135 <==      Total: 2
2024-06-30 10:43:56.075 DEBUG demo [] main c.i.z.e.s.m.m.UserInfoMapper.selectList_mpCount:135 ==>  Preparing: SELECT COUNT(*) AS total FROM user_info
2024-06-30 10:43:56.075 DEBUG demo [] main c.i.z.e.s.m.m.UserInfoMapper.selectList_mpCount:135 ==> Parameters: 
2024-06-30 10:43:56.078 DEBUG demo [] main c.i.z.e.s.m.m.UserInfoMapper.selectList_mpCount:135 <==      Total: 1
2024-06-30 10:43:56.082 DEBUG demo [] main c.i.z.e.s.m.mapper.UserInfoMapper.selectList:135 ==>  Preparing: SELECT id,name,gender FROM user_info LIMIT ?
2024-06-30 10:43:56.083 DEBUG demo [] main c.i.z.e.s.m.mapper.UserInfoMapper.selectList:135 ==> Parameters: 1(Long)
2024-06-30 10:43:56.084 DEBUG demo [] main c.i.z.e.s.m.mapper.UserInfoMapper.selectList:135 <==      Total: 1
2024-06-30 10:43:56.103 INFO  demo [] SpringApplicationShutdownHook com.zaxxer.hikari.HikariDataSource:350 HikariPool-1 - Shutdown initiated...
2024-06-30 10:43:56.109 INFO  demo [] SpringApplicationShutdownHook com.zaxxer.hikari.HikariDataSource:352 HikariPool-1 - Shutdown completed.
2024-06-30 10:46:47.820 INFO  demo [] background-preinit org.hibernate.validator.internal.util.Version:21 HV000001: Hibernate Validator 8.0.0.Final
2024-06-30 10:46:47.854 INFO  demo [] main c.i.zoo.example.springboot.mybatisplus.BasicTest:51 Starting BasicTest using Java 17.0.3.1 with PID 12996 (started by 13548 in D:\working\spring-cloud-jd\zoo-example\zoo-example-springboot\zoo-example-springboot-mybatisplus)
2024-06-30 10:46:47.855 DEBUG demo [] main c.i.zoo.example.springboot.mybatisplus.BasicTest:52 Running with Spring Boot v3.0.2, Spring v6.0.4
2024-06-30 10:46:47.856 INFO  demo [] main c.i.zoo.example.springboot.mybatisplus.BasicTest:630 No active profile set, falling back to 1 default profile: "default"
2024-06-30 10:46:50.204 INFO  demo [] main com.ideaaedi.zoo.foundation.DIYGuidePrinter:51 Integrate component -> 01.zoo-diy-artifact-mybatis-plus
2024-06-30 10:46:50.209 INFO  demo [] main com.ideaaedi.zoo.foundation.DIYGuidePrinter:86 
------------------------ 01.zoo-diy-artifact-mybatis-plus guide ------------------------
[instruction]
此组件主要整合mybatis-plus，并作一定增强

[manual]
引入此组件后，一般需要根据自身情况，作相应mybatis-plus配置。如：
mybatis-plus:
  global-config:
    db-config:
      logic-delete-value: 1 # 指定逻辑删除值
      logic-not-delete-value: 0 # 指定逻辑未删除值

[contacts]
作者邮箱: 13548417409@163.com

[links]
官网: https://baomidou.com/
Github: https://github.com/baomidou/mybatis-plus
------------------------------------------------------------------------------------------
2024-06-30 10:46:50.223 INFO  demo [] main c.i.zoo.example.springboot.mybatisplus.BasicTest:57 Started BasicTest in 2.825 seconds (process running for 3.649)
2024-06-30 10:46:50.892 INFO  demo [] main com.zaxxer.hikari.HikariDataSource:110 HikariPool-1 - Starting...
2024-06-30 10:46:51.018 INFO  demo [] main com.zaxxer.hikari.pool.HikariPool:565 HikariPool-1 - Added connection com.mysql.cj.jdbc.ConnectionImpl@21c34bf8
2024-06-30 10:46:51.019 INFO  demo [] main com.zaxxer.hikari.HikariDataSource:123 HikariPool-1 - Start completed.
2024-06-30 10:46:51.025 DEBUG demo [] main c.i.z.e.s.m.mapper.UserInfoMapper.selectList:135 ==>  Preparing: SELECT id,name,gender FROM user_info
2024-06-30 10:46:51.047 DEBUG demo [] main c.i.z.e.s.m.mapper.UserInfoMapper.selectList:135 ==> Parameters: 
2024-06-30 10:46:51.067 DEBUG demo [] main c.i.z.e.s.m.mapper.UserInfoMapper.selectList:135 <==      Total: 2
2024-06-30 10:46:51.236 DEBUG demo [] main c.i.z.e.s.m.m.UserInfoMapper.selectList_mpCount:135 ==>  Preparing: SELECT COUNT(*) AS total FROM user_info
2024-06-30 10:46:51.237 DEBUG demo [] main c.i.z.e.s.m.m.UserInfoMapper.selectList_mpCount:135 ==> Parameters: 
2024-06-30 10:46:51.239 DEBUG demo [] main c.i.z.e.s.m.m.UserInfoMapper.selectList_mpCount:135 <==      Total: 1
2024-06-30 10:46:51.243 DEBUG demo [] main c.i.z.e.s.m.mapper.UserInfoMapper.selectList:135 ==>  Preparing: SELECT id,name,gender FROM user_info LIMIT ?
2024-06-30 10:46:51.244 DEBUG demo [] main c.i.z.e.s.m.mapper.UserInfoMapper.selectList:135 ==> Parameters: 1(Long)
2024-06-30 10:46:51.244 DEBUG demo [] main c.i.z.e.s.m.mapper.UserInfoMapper.selectList:135 <==      Total: 1
2024-06-30 10:46:51.267 INFO  demo [] SpringApplicationShutdownHook com.zaxxer.hikari.HikariDataSource:350 HikariPool-1 - Shutdown initiated...
2024-06-30 10:46:51.278 INFO  demo [] SpringApplicationShutdownHook com.zaxxer.hikari.HikariDataSource:352 HikariPool-1 - Shutdown completed.
2024-06-30 10:47:01.016 INFO  demo [] background-preinit org.hibernate.validator.internal.util.Version:21 HV000001: Hibernate Validator 8.0.0.Final
2024-06-30 10:47:01.059 INFO  demo [] main c.i.zoo.example.springboot.mybatisplus.BasicTest:51 Starting BasicTest using Java 17.0.3.1 with PID 27612 (started by 13548 in D:\working\spring-cloud-jd\zoo-example\zoo-example-springboot\zoo-example-springboot-mybatisplus)
2024-06-30 10:47:01.060 DEBUG demo [] main c.i.zoo.example.springboot.mybatisplus.BasicTest:52 Running with Spring Boot v3.0.2, Spring v6.0.4
2024-06-30 10:47:01.061 INFO  demo [] main c.i.zoo.example.springboot.mybatisplus.BasicTest:630 No active profile set, falling back to 1 default profile: "default"
2024-06-30 10:47:03.649 INFO  demo [] main com.ideaaedi.zoo.foundation.DIYGuidePrinter:51 Integrate component -> 01.zoo-diy-artifact-mybatis-plus
2024-06-30 10:47:03.659 INFO  demo [] main com.ideaaedi.zoo.foundation.DIYGuidePrinter:86 
------------------------ 01.zoo-diy-artifact-mybatis-plus guide ------------------------
[instruction]
此组件主要整合mybatis-plus，并作一定增强

[manual]
引入此组件后，一般需要根据自身情况，作相应mybatis-plus配置。如：
mybatis-plus:
  global-config:
    db-config:
      logic-delete-value: 1 # 指定逻辑删除值
      logic-not-delete-value: 0 # 指定逻辑未删除值

[contacts]
作者邮箱: 13548417409@163.com

[links]
官网: https://baomidou.com/
Github: https://github.com/baomidou/mybatis-plus
------------------------------------------------------------------------------------------
2024-06-30 10:47:03.678 INFO  demo [] main c.i.zoo.example.springboot.mybatisplus.BasicTest:57 Started BasicTest in 3.131 seconds (process running for 4.04)
2024-06-30 10:47:04.403 INFO  demo [] main com.zaxxer.hikari.HikariDataSource:110 HikariPool-1 - Starting...
2024-06-30 10:47:04.517 INFO  demo [] main com.zaxxer.hikari.pool.HikariPool:565 HikariPool-1 - Added connection com.mysql.cj.jdbc.ConnectionImpl@538e74fc
2024-06-30 10:47:04.518 INFO  demo [] main com.zaxxer.hikari.HikariDataSource:123 HikariPool-1 - Start completed.
2024-06-30 10:47:04.525 DEBUG demo [] main c.i.z.e.s.m.mapper.UserInfoMapper.selectList:135 ==>  Preparing: SELECT id,name,gender FROM user_info
2024-06-30 10:47:04.543 DEBUG demo [] main c.i.z.e.s.m.mapper.UserInfoMapper.selectList:135 ==> Parameters: 
2024-06-30 10:47:04.562 DEBUG demo [] main c.i.z.e.s.m.mapper.UserInfoMapper.selectList:135 <==      Total: 2
2024-06-30 10:47:04.736 DEBUG demo [] main c.i.z.e.s.m.m.UserInfoMapper.selectList_mpCount:135 ==>  Preparing: SELECT COUNT(*) AS total FROM user_info
2024-06-30 10:47:04.737 DEBUG demo [] main c.i.z.e.s.m.m.UserInfoMapper.selectList_mpCount:135 ==> Parameters: 
2024-06-30 10:47:04.740 DEBUG demo [] main c.i.z.e.s.m.m.UserInfoMapper.selectList_mpCount:135 <==      Total: 1
2024-06-30 10:47:04.743 DEBUG demo [] main c.i.z.e.s.m.mapper.UserInfoMapper.selectList:135 ==>  Preparing: SELECT id,name,gender FROM user_info LIMIT ?
2024-06-30 10:47:04.744 DEBUG demo [] main c.i.z.e.s.m.mapper.UserInfoMapper.selectList:135 ==> Parameters: 1(Long)
2024-06-30 10:47:04.745 DEBUG demo [] main c.i.z.e.s.m.mapper.UserInfoMapper.selectList:135 <==      Total: 1
2024-06-30 10:47:04.763 INFO  demo [] SpringApplicationShutdownHook com.zaxxer.hikari.HikariDataSource:350 HikariPool-1 - Shutdown initiated...
2024-06-30 10:47:04.772 INFO  demo [] SpringApplicationShutdownHook com.zaxxer.hikari.HikariDataSource:352 HikariPool-1 - Shutdown completed.
2024-06-30 10:47:24.307 INFO  demo [] background-preinit org.hibernate.validator.internal.util.Version:21 HV000001: Hibernate Validator 8.0.0.Final
2024-06-30 10:47:24.344 INFO  demo [] main c.i.zoo.example.springboot.mybatisplus.BasicTest:51 Starting BasicTest using Java 17.0.3.1 with PID 25416 (started by 13548 in D:\working\spring-cloud-jd\zoo-example\zoo-example-springboot\zoo-example-springboot-mybatisplus)
2024-06-30 10:47:24.345 DEBUG demo [] main c.i.zoo.example.springboot.mybatisplus.BasicTest:52 Running with Spring Boot v3.0.2, Spring v6.0.4
2024-06-30 10:47:24.346 INFO  demo [] main c.i.zoo.example.springboot.mybatisplus.BasicTest:630 No active profile set, falling back to 1 default profile: "default"
2024-06-30 10:47:26.672 INFO  demo [] main com.ideaaedi.zoo.foundation.DIYGuidePrinter:51 Integrate component -> 01.zoo-diy-artifact-mybatis-plus
2024-06-30 10:47:26.687 INFO  demo [] main com.ideaaedi.zoo.foundation.DIYGuidePrinter:86 
------------------------ 01.zoo-diy-artifact-mybatis-plus guide ------------------------
[instruction]
此组件主要整合mybatis-plus，并作一定增强

[manual]
引入此组件后，一般需要根据自身情况，作相应mybatis-plus配置。如：
mybatis-plus:
  global-config:
    db-config:
      logic-delete-value: 1 # 指定逻辑删除值
      logic-not-delete-value: 0 # 指定逻辑未删除值

[contacts]
作者邮箱: 13548417409@163.com

[links]
官网: https://baomidou.com/
Github: https://github.com/baomidou/mybatis-plus
------------------------------------------------------------------------------------------
2024-06-30 10:47:26.700 INFO  demo [] main c.i.zoo.example.springboot.mybatisplus.BasicTest:57 Started BasicTest in 2.837 seconds (process running for 3.733)
2024-06-30 10:47:27.296 INFO  demo [] main com.zaxxer.hikari.HikariDataSource:110 HikariPool-1 - Starting...
2024-06-30 10:47:27.417 INFO  demo [] main com.zaxxer.hikari.pool.HikariPool:565 HikariPool-1 - Added connection com.mysql.cj.jdbc.ConnectionImpl@559e3f67
2024-06-30 10:47:27.418 INFO  demo [] main com.zaxxer.hikari.HikariDataSource:123 HikariPool-1 - Start completed.
2024-06-30 10:47:27.423 DEBUG demo [] main c.i.z.e.s.m.mapper.UserInfoMapper.selectList:135 ==>  Preparing: SELECT id,name,gender FROM user_info
2024-06-30 10:47:27.443 DEBUG demo [] main c.i.z.e.s.m.mapper.UserInfoMapper.selectList:135 ==> Parameters: 
2024-06-30 10:47:27.460 DEBUG demo [] main c.i.z.e.s.m.mapper.UserInfoMapper.selectList:135 <==      Total: 2
2024-06-30 10:47:27.628 DEBUG demo [] main c.i.z.e.s.m.m.UserInfoMapper.selectList_mpCount:135 ==>  Preparing: SELECT COUNT(*) AS total FROM user_info
2024-06-30 10:47:27.629 DEBUG demo [] main c.i.z.e.s.m.m.UserInfoMapper.selectList_mpCount:135 ==> Parameters: 
2024-06-30 10:47:27.630 DEBUG demo [] main c.i.z.e.s.m.m.UserInfoMapper.selectList_mpCount:135 <==      Total: 1
2024-06-30 10:47:27.632 DEBUG demo [] main c.i.z.e.s.m.mapper.UserInfoMapper.selectList:135 ==>  Preparing: SELECT id,name,gender FROM user_info LIMIT ?
2024-06-30 10:47:27.633 DEBUG demo [] main c.i.z.e.s.m.mapper.UserInfoMapper.selectList:135 ==> Parameters: 1(Long)
2024-06-30 10:47:27.634 DEBUG demo [] main c.i.z.e.s.m.mapper.UserInfoMapper.selectList:135 <==      Total: 1
2024-06-30 10:47:27.656 INFO  demo [] SpringApplicationShutdownHook com.zaxxer.hikari.HikariDataSource:350 HikariPool-1 - Shutdown initiated...
2024-06-30 10:47:27.669 INFO  demo [] SpringApplicationShutdownHook com.zaxxer.hikari.HikariDataSource:352 HikariPool-1 - Shutdown completed.
2024-06-30 10:48:57.141 INFO  demo [] background-preinit org.hibernate.validator.internal.util.Version:21 HV000001: Hibernate Validator 8.0.0.Final
2024-06-30 10:48:57.174 INFO  demo [] main c.i.zoo.example.springboot.mybatisplus.BasicTest:51 Starting BasicTest using Java 17.0.3.1 with PID 16772 (started by 13548 in D:\working\spring-cloud-jd\zoo-example\zoo-example-springboot\zoo-example-springboot-mybatisplus)
2024-06-30 10:48:57.176 DEBUG demo [] main c.i.zoo.example.springboot.mybatisplus.BasicTest:52 Running with Spring Boot v3.0.2, Spring v6.0.4
2024-06-30 10:48:57.179 INFO  demo [] main c.i.zoo.example.springboot.mybatisplus.BasicTest:630 No active profile set, falling back to 1 default profile: "default"
2024-06-30 10:48:59.523 INFO  demo [] main com.ideaaedi.zoo.foundation.DIYGuidePrinter:51 Integrate component -> 01.zoo-diy-artifact-mybatis-plus
2024-06-30 10:48:59.527 INFO  demo [] main com.ideaaedi.zoo.foundation.DIYGuidePrinter:86 
------------------------ 01.zoo-diy-artifact-mybatis-plus guide ------------------------
[instruction]
此组件主要整合mybatis-plus，并作一定增强

[manual]
引入此组件后，一般需要根据自身情况，作相应mybatis-plus配置。如：
mybatis-plus:
  global-config:
    db-config:
      logic-delete-value: 1 # 指定逻辑删除值
      logic-not-delete-value: 0 # 指定逻辑未删除值

[contacts]
作者邮箱: 13548417409@163.com

[links]
官网: https://baomidou.com/
Github: https://github.com/baomidou/mybatis-plus
------------------------------------------------------------------------------------------
2024-06-30 10:48:59.538 INFO  demo [] main c.i.zoo.example.springboot.mybatisplus.BasicTest:57 Started BasicTest in 2.898 seconds (process running for 3.798)
2024-06-30 10:49:00.098 INFO  demo [] main c.i.zoo.example.springboot.mybatisplus.BasicTest:30 运行单元测试前，请确保已初始化数据库脚本：src/main/resources/sql/user_info_like.sql
2024-06-30 10:49:00.177 INFO  demo [] main com.zaxxer.hikari.HikariDataSource:110 HikariPool-1 - Starting...
2024-06-30 10:49:00.304 INFO  demo [] main com.zaxxer.hikari.pool.HikariPool:565 HikariPool-1 - Added connection com.mysql.cj.jdbc.ConnectionImpl@7ecb9e17
2024-06-30 10:49:00.306 INFO  demo [] main com.zaxxer.hikari.HikariDataSource:123 HikariPool-1 - Start completed.
2024-06-30 10:49:00.311 DEBUG demo [] main c.i.z.e.s.m.mapper.UserInfoMapper.selectList:135 ==>  Preparing: SELECT id,name,gender FROM user_info
2024-06-30 10:49:00.329 DEBUG demo [] main c.i.z.e.s.m.mapper.UserInfoMapper.selectList:135 ==> Parameters: 
2024-06-30 10:49:00.368 DEBUG demo [] main c.i.z.e.s.m.mapper.UserInfoMapper.selectList:135 <==      Total: 2
2024-06-30 10:49:00.497 INFO  demo [] main c.i.zoo.example.springboot.mybatisplus.BasicTest:30 运行单元测试前，请确保已初始化数据库脚本：src/main/resources/sql/user_info_like.sql
2024-06-30 10:49:00.547 DEBUG demo [] main c.i.z.e.s.m.m.UserInfoMapper.selectList_mpCount:135 ==>  Preparing: SELECT COUNT(*) AS total FROM user_info
2024-06-30 10:49:00.548 DEBUG demo [] main c.i.z.e.s.m.m.UserInfoMapper.selectList_mpCount:135 ==> Parameters: 
2024-06-30 10:49:00.550 DEBUG demo [] main c.i.z.e.s.m.m.UserInfoMapper.selectList_mpCount:135 <==      Total: 1
2024-06-30 10:49:00.553 DEBUG demo [] main c.i.z.e.s.m.mapper.UserInfoMapper.selectList:135 ==>  Preparing: SELECT id,name,gender FROM user_info LIMIT ?
2024-06-30 10:49:00.554 DEBUG demo [] main c.i.z.e.s.m.mapper.UserInfoMapper.selectList:135 ==> Parameters: 1(Long)
2024-06-30 10:49:00.556 DEBUG demo [] main c.i.z.e.s.m.mapper.UserInfoMapper.selectList:135 <==      Total: 1
2024-06-30 10:49:00.577 INFO  demo [] SpringApplicationShutdownHook com.zaxxer.hikari.HikariDataSource:350 HikariPool-1 - Shutdown initiated...
2024-06-30 10:49:00.586 INFO  demo [] SpringApplicationShutdownHook com.zaxxer.hikari.HikariDataSource:352 HikariPool-1 - Shutdown completed.
2024-06-30 10:49:31.548 INFO  demo [] background-preinit org.hibernate.validator.internal.util.Version:21 HV000001: Hibernate Validator 8.0.0.Final
2024-06-30 10:49:31.593 INFO  demo [] main c.i.zoo.example.springboot.mybatisplus.BasicTest:51 Starting BasicTest using Java 17.0.3.1 with PID 24764 (started by 13548 in D:\working\spring-cloud-jd\zoo-example\zoo-example-springboot\zoo-example-springboot-mybatisplus)
2024-06-30 10:49:31.594 DEBUG demo [] main c.i.zoo.example.springboot.mybatisplus.BasicTest:52 Running with Spring Boot v3.0.2, Spring v6.0.4
2024-06-30 10:49:31.595 INFO  demo [] main c.i.zoo.example.springboot.mybatisplus.BasicTest:630 No active profile set, falling back to 1 default profile: "default"
2024-06-30 10:49:33.995 INFO  demo [] main com.ideaaedi.zoo.foundation.DIYGuidePrinter:51 Integrate component -> 01.zoo-diy-artifact-mybatis-plus
2024-06-30 10:49:33.999 INFO  demo [] main com.ideaaedi.zoo.foundation.DIYGuidePrinter:86 
------------------------ 01.zoo-diy-artifact-mybatis-plus guide ------------------------
[instruction]
此组件主要整合mybatis-plus，并作一定增强

[manual]
引入此组件后，一般需要根据自身情况，作相应mybatis-plus配置。如：
mybatis-plus:
  global-config:
    db-config:
      logic-delete-value: 1 # 指定逻辑删除值
      logic-not-delete-value: 0 # 指定逻辑未删除值

[contacts]
作者邮箱: 13548417409@163.com

[links]
官网: https://baomidou.com/
Github: https://github.com/baomidou/mybatis-plus
------------------------------------------------------------------------------------------
2024-06-30 10:49:34.008 INFO  demo [] main c.i.zoo.example.springboot.mybatisplus.BasicTest:57 Started BasicTest in 2.858 seconds (process running for 3.676)
2024-06-30 10:49:34.486 INFO  demo [] main c.i.zoo.example.springboot.mybatisplus.BasicTest:31 运行单元测试前，请确保已初始化数据库脚本：src/main/resources/sql/user_info_like.sql
2024-06-30 10:49:34.549 INFO  demo [] main com.zaxxer.hikari.HikariDataSource:110 HikariPool-1 - Starting...
2024-06-30 10:49:34.675 INFO  demo [] main com.zaxxer.hikari.pool.HikariPool:565 HikariPool-1 - Added connection com.mysql.cj.jdbc.ConnectionImpl@fbbd90c
2024-06-30 10:49:34.676 INFO  demo [] main com.zaxxer.hikari.HikariDataSource:123 HikariPool-1 - Start completed.
2024-06-30 10:49:34.683 DEBUG demo [] main c.i.z.e.s.m.mapper.UserInfoMapper.selectList:135 ==>  Preparing: SELECT id,name,gender FROM user_info
2024-06-30 10:49:34.701 DEBUG demo [] main c.i.z.e.s.m.mapper.UserInfoMapper.selectList:135 ==> Parameters: 
2024-06-30 10:49:34.719 DEBUG demo [] main c.i.z.e.s.m.mapper.UserInfoMapper.selectList:135 <==      Total: 2
2024-06-30 10:49:34.844 INFO  demo [] main c.i.zoo.example.springboot.mybatisplus.BasicTest:31 运行单元测试前，请确保已初始化数据库脚本：src/main/resources/sql/user_info_like.sql
2024-06-30 10:49:34.882 DEBUG demo [] main c.i.z.e.s.m.m.UserInfoMapper.selectList_mpCount:135 ==>  Preparing: SELECT COUNT(*) AS total FROM user_info
2024-06-30 10:49:34.884 DEBUG demo [] main c.i.z.e.s.m.m.UserInfoMapper.selectList_mpCount:135 ==> Parameters: 
2024-06-30 10:49:34.886 DEBUG demo [] main c.i.z.e.s.m.m.UserInfoMapper.selectList_mpCount:135 <==      Total: 1
2024-06-30 10:49:34.889 DEBUG demo [] main c.i.z.e.s.m.mapper.UserInfoMapper.selectList:135 ==>  Preparing: SELECT id,name,gender FROM user_info LIMIT ?
2024-06-30 10:49:34.890 DEBUG demo [] main c.i.z.e.s.m.mapper.UserInfoMapper.selectList:135 ==> Parameters: 1(Long)
2024-06-30 10:49:34.891 DEBUG demo [] main c.i.z.e.s.m.mapper.UserInfoMapper.selectList:135 <==      Total: 1
2024-06-30 10:49:34.910 INFO  demo [] SpringApplicationShutdownHook com.zaxxer.hikari.HikariDataSource:350 HikariPool-1 - Shutdown initiated...
2024-06-30 10:49:34.921 INFO  demo [] SpringApplicationShutdownHook com.zaxxer.hikari.HikariDataSource:352 HikariPool-1 - Shutdown completed.
2024-06-30 10:50:05.197 INFO  demo [] background-preinit org.hibernate.validator.internal.util.Version:21 HV000001: Hibernate Validator 8.0.0.Final
2024-06-30 10:50:05.225 INFO  demo [] main c.i.zoo.example.springboot.mybatisplus.BasicTest:51 Starting BasicTest using Java 17.0.3.1 with PID 26064 (started by 13548 in D:\working\spring-cloud-jd\zoo-example\zoo-example-springboot\zoo-example-springboot-mybatisplus)
2024-06-30 10:50:05.226 DEBUG demo [] main c.i.zoo.example.springboot.mybatisplus.BasicTest:52 Running with Spring Boot v3.0.2, Spring v6.0.4
2024-06-30 10:50:05.227 INFO  demo [] main c.i.zoo.example.springboot.mybatisplus.BasicTest:630 No active profile set, falling back to 1 default profile: "default"
2024-06-30 10:50:07.533 INFO  demo [] main com.ideaaedi.zoo.foundation.DIYGuidePrinter:51 Integrate component -> 01.zoo-diy-artifact-mybatis-plus
2024-06-30 10:50:07.545 INFO  demo [] main com.ideaaedi.zoo.foundation.DIYGuidePrinter:86 
------------------------ 01.zoo-diy-artifact-mybatis-plus guide ------------------------
[instruction]
此组件主要整合mybatis-plus，并作一定增强

[manual]
引入此组件后，一般需要根据自身情况，作相应mybatis-plus配置。如：
mybatis-plus:
  global-config:
    db-config:
      logic-delete-value: 1 # 指定逻辑删除值
      logic-not-delete-value: 0 # 指定逻辑未删除值

[contacts]
作者邮箱: 13548417409@163.com

[links]
官网: https://baomidou.com/
Github: https://github.com/baomidou/mybatis-plus
------------------------------------------------------------------------------------------
2024-06-30 10:50:07.559 INFO  demo [] main c.i.zoo.example.springboot.mybatisplus.BasicTest:57 Started BasicTest in 2.777 seconds (process running for 3.611)
2024-06-30 10:50:08.155 INFO  demo [] main c.i.zoo.example.springboot.mybatisplus.BasicTest:31 运行单元测试前，请确保已初始化数据库脚本：src/main/resources/sql/user_info_like.sql
2024-06-30 10:50:08.217 INFO  demo [] main com.zaxxer.hikari.HikariDataSource:110 HikariPool-1 - Starting...
2024-06-30 10:50:08.344 INFO  demo [] main com.zaxxer.hikari.pool.HikariPool:565 HikariPool-1 - Added connection com.mysql.cj.jdbc.ConnectionImpl@2a075e70
2024-06-30 10:50:08.345 INFO  demo [] main com.zaxxer.hikari.HikariDataSource:123 HikariPool-1 - Start completed.
2024-06-30 10:50:08.351 DEBUG demo [] main c.i.z.e.s.m.mapper.UserInfoMapper.selectList:135 ==>  Preparing: SELECT id,name,gender FROM user_info
2024-06-30 10:50:08.368 DEBUG demo [] main c.i.z.e.s.m.mapper.UserInfoMapper.selectList:135 ==> Parameters: 
2024-06-30 10:50:08.385 DEBUG demo [] main c.i.z.e.s.m.mapper.UserInfoMapper.selectList:135 <==      Total: 2
2024-06-30 10:50:08.504 INFO  demo [] main c.i.zoo.example.springboot.mybatisplus.BasicTest:31 运行单元测试前，请确保已初始化数据库脚本：src/main/resources/sql/user_info_like.sql
2024-06-30 10:50:08.549 DEBUG demo [] main c.i.z.e.s.m.m.UserInfoMapper.selectList_mpCount:135 ==>  Preparing: SELECT COUNT(*) AS total FROM user_info
2024-06-30 10:50:08.550 DEBUG demo [] main c.i.z.e.s.m.m.UserInfoMapper.selectList_mpCount:135 ==> Parameters: 
2024-06-30 10:50:08.553 DEBUG demo [] main c.i.z.e.s.m.m.UserInfoMapper.selectList_mpCount:135 <==      Total: 1
2024-06-30 10:50:08.555 DEBUG demo [] main c.i.z.e.s.m.mapper.UserInfoMapper.selectList:135 ==>  Preparing: SELECT id,name,gender FROM user_info LIMIT ?
2024-06-30 10:50:08.556 DEBUG demo [] main c.i.z.e.s.m.mapper.UserInfoMapper.selectList:135 ==> Parameters: 1(Long)
2024-06-30 10:50:08.557 DEBUG demo [] main c.i.z.e.s.m.mapper.UserInfoMapper.selectList:135 <==      Total: 1
2024-06-30 10:50:08.575 INFO  demo [] SpringApplicationShutdownHook com.zaxxer.hikari.HikariDataSource:350 HikariPool-1 - Shutdown initiated...
2024-06-30 10:50:08.588 INFO  demo [] SpringApplicationShutdownHook com.zaxxer.hikari.HikariDataSource:352 HikariPool-1 - Shutdown completed.
2024-06-30 10:50:43.303 INFO  demo [] background-preinit org.hibernate.validator.internal.util.Version:21 HV000001: Hibernate Validator 8.0.0.Final
2024-06-30 10:50:43.329 INFO  demo [] main c.i.zoo.example.springboot.mybatisplus.BasicTest:51 Starting BasicTest using Java 17.0.3.1 with PID 26540 (started by 13548 in D:\working\spring-cloud-jd\zoo-example\zoo-example-springboot\zoo-example-springboot-mybatisplus)
2024-06-30 10:50:43.329 DEBUG demo [] main c.i.zoo.example.springboot.mybatisplus.BasicTest:52 Running with Spring Boot v3.0.2, Spring v6.0.4
2024-06-30 10:50:43.332 INFO  demo [] main c.i.zoo.example.springboot.mybatisplus.BasicTest:630 No active profile set, falling back to 1 default profile: "default"
2024-06-30 10:50:45.668 INFO  demo [] main com.ideaaedi.zoo.foundation.DIYGuidePrinter:51 Integrate component -> 01.zoo-diy-artifact-mybatis-plus
2024-06-30 10:50:45.679 INFO  demo [] main com.ideaaedi.zoo.foundation.DIYGuidePrinter:86 
------------------------ 01.zoo-diy-artifact-mybatis-plus guide ------------------------
[instruction]
此组件主要整合mybatis-plus，并作一定增强

[manual]
引入此组件后，一般需要根据自身情况，作相应mybatis-plus配置。如：
mybatis-plus:
  global-config:
    db-config:
      logic-delete-value: 1 # 指定逻辑删除值
      logic-not-delete-value: 0 # 指定逻辑未删除值

[contacts]
作者邮箱: 13548417409@163.com

[links]
官网: https://baomidou.com/
Github: https://github.com/baomidou/mybatis-plus
------------------------------------------------------------------------------------------
2024-06-30 10:50:45.699 INFO  demo [] main c.i.zoo.example.springboot.mybatisplus.BasicTest:57 Started BasicTest in 2.811 seconds (process running for 3.651)
2024-06-30 10:50:46.336 INFO  demo [] main com.zaxxer.hikari.HikariDataSource:110 HikariPool-1 - Starting...
2024-06-30 10:50:46.464 INFO  demo [] main com.zaxxer.hikari.pool.HikariPool:565 HikariPool-1 - Added connection com.mysql.cj.jdbc.ConnectionImpl@2a075e70
2024-06-30 10:50:46.465 INFO  demo [] main com.zaxxer.hikari.HikariDataSource:123 HikariPool-1 - Start completed.
2024-06-30 10:50:46.471 DEBUG demo [] main c.i.z.e.s.m.mapper.UserInfoMapper.selectList:135 ==>  Preparing: SELECT id,name,gender FROM user_info
2024-06-30 10:50:46.491 DEBUG demo [] main c.i.z.e.s.m.mapper.UserInfoMapper.selectList:135 ==> Parameters: 
2024-06-30 10:50:46.509 DEBUG demo [] main c.i.z.e.s.m.mapper.UserInfoMapper.selectList:135 <==      Total: 2
2024-06-30 10:50:46.677 DEBUG demo [] main c.i.z.e.s.m.m.UserInfoMapper.selectList_mpCount:135 ==>  Preparing: SELECT COUNT(*) AS total FROM user_info
2024-06-30 10:50:46.677 DEBUG demo [] main c.i.z.e.s.m.m.UserInfoMapper.selectList_mpCount:135 ==> Parameters: 
2024-06-30 10:50:46.680 DEBUG demo [] main c.i.z.e.s.m.m.UserInfoMapper.selectList_mpCount:135 <==      Total: 1
2024-06-30 10:50:46.683 DEBUG demo [] main c.i.z.e.s.m.mapper.UserInfoMapper.selectList:135 ==>  Preparing: SELECT id,name,gender FROM user_info LIMIT ?
2024-06-30 10:50:46.684 DEBUG demo [] main c.i.z.e.s.m.mapper.UserInfoMapper.selectList:135 ==> Parameters: 1(Long)
2024-06-30 10:50:46.684 DEBUG demo [] main c.i.z.e.s.m.mapper.UserInfoMapper.selectList:135 <==      Total: 1
2024-06-30 10:50:46.707 INFO  demo [] SpringApplicationShutdownHook com.zaxxer.hikari.HikariDataSource:350 HikariPool-1 - Shutdown initiated...
2024-06-30 10:50:46.725 INFO  demo [] SpringApplicationShutdownHook com.zaxxer.hikari.HikariDataSource:352 HikariPool-1 - Shutdown completed.
2024-06-30 10:58:13.996 INFO  demo [] background-preinit org.hibernate.validator.internal.util.Version:21 HV000001: Hibernate Validator 8.0.0.Final
2024-06-30 10:58:14.028 INFO  demo [] main c.i.zoo.example.springboot.mybatisplus.BasicTest:51 Starting BasicTest using Java 17.0.3.1 with PID 16800 (started by 13548 in D:\working\spring-cloud-jd\zoo-example\zoo-example-springboot\zoo-example-springboot-mybatisplus)
2024-06-30 10:58:14.029 DEBUG demo [] main c.i.zoo.example.springboot.mybatisplus.BasicTest:52 Running with Spring Boot v3.0.2, Spring v6.0.4
2024-06-30 10:58:14.030 INFO  demo [] main c.i.zoo.example.springboot.mybatisplus.BasicTest:630 No active profile set, falling back to 1 default profile: "default"
2024-06-30 10:58:16.435 INFO  demo [] main com.ideaaedi.zoo.foundation.DIYGuidePrinter:51 Integrate component -> 01.zoo-diy-artifact-mybatis-plus
2024-06-30 10:58:16.444 INFO  demo [] main com.ideaaedi.zoo.foundation.DIYGuidePrinter:86 
------------------------ 01.zoo-diy-artifact-mybatis-plus guide ------------------------
[instruction]
此组件主要整合mybatis-plus，并作一定增强

[manual]
引入此组件后，一般需要根据自身情况，作相应mybatis-plus配置。如：
mybatis-plus:
  global-config:
    db-config:
      logic-delete-value: 1 # 指定逻辑删除值
      logic-not-delete-value: 0 # 指定逻辑未删除值

[contacts]
作者邮箱: 13548417409@163.com

[links]
官网: https://baomidou.com/
Github: https://github.com/baomidou/mybatis-plus
------------------------------------------------------------------------------------------
2024-06-30 10:58:16.469 INFO  demo [] main c.i.zoo.example.springboot.mybatisplus.BasicTest:57 Started BasicTest in 2.866 seconds (process running for 3.683)
2024-06-30 10:58:17.151 INFO  demo [] main com.zaxxer.hikari.HikariDataSource:110 HikariPool-1 - Starting...
2024-06-30 10:58:17.286 INFO  demo [] main com.zaxxer.hikari.pool.HikariPool:565 HikariPool-1 - Added connection com.mysql.cj.jdbc.ConnectionImpl@e5c5e6
2024-06-30 10:58:17.287 INFO  demo [] main com.zaxxer.hikari.HikariDataSource:123 HikariPool-1 - Start completed.
2024-06-30 10:58:17.295 DEBUG demo [] main c.i.z.e.s.m.mapper.UserInfoMapper.forceSelectList:135 ==>  Preparing: SELECT id,name,gender,deleted FROM user_info
2024-06-30 10:58:17.313 DEBUG demo [] main c.i.z.e.s.m.mapper.UserInfoMapper.forceSelectList:135 ==> Parameters: 
2024-06-30 10:58:17.335 DEBUG demo [] main c.i.z.e.s.m.mapper.UserInfoMapper.forceSelectList:135 <==      Total: 3
2024-06-30 10:58:17.463 DEBUG demo [] main c.i.z.e.s.m.mapper.UserInfoMapper.forceDelete:135 ==>  Preparing: DELETE FROM user_info WHERE deleted=0 AND (id = ?)
2024-06-30 10:58:17.466 DEBUG demo [] main c.i.z.e.s.m.mapper.UserInfoMapper.forceDelete:135 ==> Parameters: 1(Integer)
2024-06-30 10:58:17.467 DEBUG demo [] main c.i.z.e.s.m.mapper.UserInfoMapper.forceDelete:135 <==    Updates: 1
2024-06-30 10:58:17.470 DEBUG demo [] main c.i.z.e.s.m.mapper.UserInfoMapper.forceSelectList:135 ==>  Preparing: SELECT id,name,gender,deleted FROM user_info
2024-06-30 10:58:17.472 DEBUG demo [] main c.i.z.e.s.m.mapper.UserInfoMapper.forceSelectList:135 ==> Parameters: 
2024-06-30 10:58:17.473 DEBUG demo [] main c.i.z.e.s.m.mapper.UserInfoMapper.forceSelectList:135 <==      Total: 2
2024-06-30 10:58:17.483 DEBUG demo [] main c.i.z.e.s.m.mapper.UserInfoMapper.selectList:135 ==>  Preparing: SELECT id,name,gender,deleted FROM user_info WHERE deleted=0
2024-06-30 10:58:17.483 DEBUG demo [] main c.i.z.e.s.m.mapper.UserInfoMapper.selectList:135 ==> Parameters: 
2024-06-30 10:58:17.485 DEBUG demo [] main c.i.z.e.s.m.mapper.UserInfoMapper.selectList:135 <==      Total: 1
2024-06-30 10:58:17.537 DEBUG demo [] main c.i.z.e.s.m.m.UserInfoMapper.selectList_mpCount:135 ==>  Preparing: SELECT COUNT(*) AS total FROM user_info WHERE deleted = 0
2024-06-30 10:58:17.538 DEBUG demo [] main c.i.z.e.s.m.m.UserInfoMapper.selectList_mpCount:135 ==> Parameters: 
2024-06-30 10:58:17.539 DEBUG demo [] main c.i.z.e.s.m.m.UserInfoMapper.selectList_mpCount:135 <==      Total: 1
2024-06-30 10:58:17.541 DEBUG demo [] main c.i.z.e.s.m.mapper.UserInfoMapper.selectList:135 ==>  Preparing: SELECT id,name,gender,deleted FROM user_info WHERE deleted=0 LIMIT ?
2024-06-30 10:58:17.542 DEBUG demo [] main c.i.z.e.s.m.mapper.UserInfoMapper.selectList:135 ==> Parameters: 1(Long)
2024-06-30 10:58:17.543 DEBUG demo [] main c.i.z.e.s.m.mapper.UserInfoMapper.selectList:135 <==      Total: 1
2024-06-30 10:58:17.566 INFO  demo [] SpringApplicationShutdownHook com.zaxxer.hikari.HikariDataSource:350 HikariPool-1 - Shutdown initiated...
2024-06-30 10:58:17.573 INFO  demo [] SpringApplicationShutdownHook com.zaxxer.hikari.HikariDataSource:352 HikariPool-1 - Shutdown completed.
2024-06-30 11:01:16.219 INFO  demo [] background-preinit org.hibernate.validator.internal.util.Version:21 HV000001: Hibernate Validator 8.0.0.Final
2024-06-30 11:01:16.246 INFO  demo [] main c.i.zoo.example.springboot.mybatisplus.BasicTest:51 Starting BasicTest using Java 17.0.3.1 with PID 15688 (started by 13548 in D:\working\spring-cloud-jd\zoo-example\zoo-example-springboot\zoo-example-springboot-mybatisplus)
2024-06-30 11:01:16.246 DEBUG demo [] main c.i.zoo.example.springboot.mybatisplus.BasicTest:52 Running with Spring Boot v3.0.2, Spring v6.0.4
2024-06-30 11:01:16.249 INFO  demo [] main c.i.zoo.example.springboot.mybatisplus.BasicTest:630 No active profile set, falling back to 1 default profile: "default"
2024-06-30 11:01:18.561 INFO  demo [] main com.ideaaedi.zoo.foundation.DIYGuidePrinter:51 Integrate component -> 01.zoo-diy-artifact-mybatis-plus
2024-06-30 11:01:18.566 INFO  demo [] main com.ideaaedi.zoo.foundation.DIYGuidePrinter:86 
------------------------ 01.zoo-diy-artifact-mybatis-plus guide ------------------------
[instruction]
此组件主要整合mybatis-plus，并作一定增强

[manual]
引入此组件后，一般需要根据自身情况，作相应mybatis-plus配置。如：
mybatis-plus:
  global-config:
    db-config:
      logic-delete-value: 1 # 指定逻辑删除值
      logic-not-delete-value: 0 # 指定逻辑未删除值

[contacts]
作者邮箱: 13548417409@163.com

[links]
官网: https://baomidou.com/
Github: https://github.com/baomidou/mybatis-plus
------------------------------------------------------------------------------------------
2024-06-30 11:01:18.576 INFO  demo [] main c.i.zoo.example.springboot.mybatisplus.BasicTest:57 Started BasicTest in 2.757 seconds (process running for 3.602)
2024-06-30 11:01:19.199 INFO  demo [] main com.zaxxer.hikari.HikariDataSource:110 HikariPool-1 - Starting...
2024-06-30 11:01:19.318 INFO  demo [] main com.zaxxer.hikari.pool.HikariPool:565 HikariPool-1 - Added connection com.mysql.cj.jdbc.ConnectionImpl@76dc36e5
2024-06-30 11:01:19.319 INFO  demo [] main com.zaxxer.hikari.HikariDataSource:123 HikariPool-1 - Start completed.
2024-06-30 11:01:19.325 DEBUG demo [] main c.i.z.e.s.m.mapper.UserInfoMapper.forceSelectList:135 ==>  Preparing: SELECT id,name,gender,deleted FROM user_info
2024-06-30 11:01:19.342 DEBUG demo [] main c.i.z.e.s.m.mapper.UserInfoMapper.forceSelectList:135 ==> Parameters: 
2024-06-30 11:01:19.360 DEBUG demo [] main c.i.z.e.s.m.mapper.UserInfoMapper.forceSelectList:135 <==      Total: 2
2024-06-30 11:01:19.480 DEBUG demo [] main c.i.z.e.s.m.mapper.UserInfoMapper.selectList:135 ==>  Preparing: SELECT id,name,gender,deleted FROM user_info WHERE deleted=0
2024-06-30 11:01:19.481 DEBUG demo [] main c.i.z.e.s.m.mapper.UserInfoMapper.selectList:135 ==> Parameters: 
2024-06-30 11:01:19.486 DEBUG demo [] main c.i.z.e.s.m.mapper.UserInfoMapper.selectList:135 <==      Total: 1
2024-06-30 11:01:19.531 DEBUG demo [] main c.i.z.e.s.m.m.UserInfoMapper.selectList_mpCount:135 ==>  Preparing: SELECT COUNT(*) AS total FROM user_info WHERE deleted = 0
2024-06-30 11:01:19.532 DEBUG demo [] main c.i.z.e.s.m.m.UserInfoMapper.selectList_mpCount:135 ==> Parameters: 
2024-06-30 11:01:19.534 DEBUG demo [] main c.i.z.e.s.m.m.UserInfoMapper.selectList_mpCount:135 <==      Total: 1
2024-06-30 11:01:19.537 DEBUG demo [] main c.i.z.e.s.m.mapper.UserInfoMapper.selectList:135 ==>  Preparing: SELECT id,name,gender,deleted FROM user_info WHERE deleted=0 LIMIT ?
2024-06-30 11:01:19.537 DEBUG demo [] main c.i.z.e.s.m.mapper.UserInfoMapper.selectList:135 ==> Parameters: 1(Long)
2024-06-30 11:01:19.538 DEBUG demo [] main c.i.z.e.s.m.mapper.UserInfoMapper.selectList:135 <==      Total: 1
2024-06-30 11:01:19.566 INFO  demo [] SpringApplicationShutdownHook com.zaxxer.hikari.HikariDataSource:350 HikariPool-1 - Shutdown initiated...
2024-06-30 11:01:19.592 INFO  demo [] SpringApplicationShutdownHook com.zaxxer.hikari.HikariDataSource:352 HikariPool-1 - Shutdown completed.
2024-06-30 11:02:02.871 INFO  demo [] background-preinit org.hibernate.validator.internal.util.Version:21 HV000001: Hibernate Validator 8.0.0.Final
2024-06-30 11:02:02.899 INFO  demo [] main c.i.zoo.example.springboot.mybatisplus.BasicTest:51 Starting BasicTest using Java 17.0.3.1 with PID 19896 (started by 13548 in D:\working\spring-cloud-jd\zoo-example\zoo-example-springboot\zoo-example-springboot-mybatisplus)
2024-06-30 11:02:02.899 DEBUG demo [] main c.i.zoo.example.springboot.mybatisplus.BasicTest:52 Running with Spring Boot v3.0.2, Spring v6.0.4
2024-06-30 11:02:02.900 INFO  demo [] main c.i.zoo.example.springboot.mybatisplus.BasicTest:630 No active profile set, falling back to 1 default profile: "default"
2024-06-30 11:02:05.441 INFO  demo [] main com.ideaaedi.zoo.foundation.DIYGuidePrinter:51 Integrate component -> 01.zoo-diy-artifact-mybatis-plus
2024-06-30 11:02:05.454 INFO  demo [] main com.ideaaedi.zoo.foundation.DIYGuidePrinter:86 
------------------------ 01.zoo-diy-artifact-mybatis-plus guide ------------------------
[instruction]
此组件主要整合mybatis-plus，并作一定增强

[manual]
引入此组件后，一般需要根据自身情况，作相应mybatis-plus配置。如：
mybatis-plus:
  global-config:
    db-config:
      logic-delete-value: 1 # 指定逻辑删除值
      logic-not-delete-value: 0 # 指定逻辑未删除值

[contacts]
作者邮箱: 13548417409@163.com

[links]
官网: https://baomidou.com/
Github: https://github.com/baomidou/mybatis-plus
------------------------------------------------------------------------------------------
2024-06-30 11:02:05.479 INFO  demo [] main c.i.zoo.example.springboot.mybatisplus.BasicTest:57 Started BasicTest in 3.008 seconds (process running for 3.841)
2024-06-30 11:02:06.266 INFO  demo [] main com.zaxxer.hikari.HikariDataSource:110 HikariPool-1 - Starting...
2024-06-30 11:02:06.371 INFO  demo [] main com.zaxxer.hikari.pool.HikariPool:565 HikariPool-1 - Added connection com.mysql.cj.jdbc.ConnectionImpl@73a49597
2024-06-30 11:02:06.374 INFO  demo [] main com.zaxxer.hikari.HikariDataSource:123 HikariPool-1 - Start completed.
2024-06-30 11:02:06.381 DEBUG demo [] main c.i.z.e.s.m.mapper.UserInfoMapper.selectList:135 ==>  Preparing: SELECT id,name,gender,deleted FROM user_info WHERE deleted=0
2024-06-30 11:02:06.404 DEBUG demo [] main c.i.z.e.s.m.mapper.UserInfoMapper.selectList:135 ==> Parameters: 
2024-06-30 11:02:06.423 DEBUG demo [] main c.i.z.e.s.m.mapper.UserInfoMapper.selectList:135 <==      Total: 2
2024-06-30 11:02:06.599 DEBUG demo [] main c.i.z.e.s.m.m.UserInfoMapper.selectList_mpCount:135 ==>  Preparing: SELECT COUNT(*) AS total FROM user_info WHERE deleted = 0
2024-06-30 11:02:06.600 DEBUG demo [] main c.i.z.e.s.m.m.UserInfoMapper.selectList_mpCount:135 ==> Parameters: 
2024-06-30 11:02:06.601 DEBUG demo [] main c.i.z.e.s.m.m.UserInfoMapper.selectList_mpCount:135 <==      Total: 1
2024-06-30 11:02:06.603 DEBUG demo [] main c.i.z.e.s.m.mapper.UserInfoMapper.selectList:135 ==>  Preparing: SELECT id,name,gender,deleted FROM user_info WHERE deleted=0 LIMIT ?
2024-06-30 11:02:06.604 DEBUG demo [] main c.i.z.e.s.m.mapper.UserInfoMapper.selectList:135 ==> Parameters: 1(Long)
2024-06-30 11:02:06.606 DEBUG demo [] main c.i.z.e.s.m.mapper.UserInfoMapper.selectList:135 <==      Total: 1
2024-06-30 11:02:06.625 INFO  demo [] SpringApplicationShutdownHook com.zaxxer.hikari.HikariDataSource:350 HikariPool-1 - Shutdown initiated...
2024-06-30 11:02:06.634 INFO  demo [] SpringApplicationShutdownHook com.zaxxer.hikari.HikariDataSource:352 HikariPool-1 - Shutdown completed.
2024-06-30 11:02:16.341 INFO  demo [] background-preinit org.hibernate.validator.internal.util.Version:21 HV000001: Hibernate Validator 8.0.0.Final
2024-06-30 11:02:16.375 INFO  demo [] main c.i.zoo.example.springboot.mybatisplus.BasicTest:51 Starting BasicTest using Java 17.0.3.1 with PID 24668 (started by 13548 in D:\working\spring-cloud-jd\zoo-example\zoo-example-springboot\zoo-example-springboot-mybatisplus)
2024-06-30 11:02:16.376 DEBUG demo [] main c.i.zoo.example.springboot.mybatisplus.BasicTest:52 Running with Spring Boot v3.0.2, Spring v6.0.4
2024-06-30 11:02:16.377 INFO  demo [] main c.i.zoo.example.springboot.mybatisplus.BasicTest:630 No active profile set, falling back to 1 default profile: "default"
2024-06-30 11:02:19.037 INFO  demo [] main com.ideaaedi.zoo.foundation.DIYGuidePrinter:51 Integrate component -> 01.zoo-diy-artifact-mybatis-plus
2024-06-30 11:02:19.043 INFO  demo [] main com.ideaaedi.zoo.foundation.DIYGuidePrinter:86 
------------------------ 01.zoo-diy-artifact-mybatis-plus guide ------------------------
[instruction]
此组件主要整合mybatis-plus，并作一定增强

[manual]
引入此组件后，一般需要根据自身情况，作相应mybatis-plus配置。如：
mybatis-plus:
  global-config:
    db-config:
      logic-delete-value: 1 # 指定逻辑删除值
      logic-not-delete-value: 0 # 指定逻辑未删除值

[contacts]
作者邮箱: 13548417409@163.com

[links]
官网: https://baomidou.com/
Github: https://github.com/baomidou/mybatis-plus
------------------------------------------------------------------------------------------
2024-06-30 11:02:19.057 INFO  demo [] main c.i.zoo.example.springboot.mybatisplus.BasicTest:57 Started BasicTest in 3.221 seconds (process running for 4.12)
2024-06-30 11:02:19.747 INFO  demo [] main com.zaxxer.hikari.HikariDataSource:110 HikariPool-1 - Starting...
2024-06-30 11:02:19.870 INFO  demo [] main com.zaxxer.hikari.pool.HikariPool:565 HikariPool-1 - Added connection com.mysql.cj.jdbc.ConnectionImpl@2a54c92e
2024-06-30 11:02:19.872 INFO  demo [] main com.zaxxer.hikari.HikariDataSource:123 HikariPool-1 - Start completed.
2024-06-30 11:02:19.880 DEBUG demo [] main c.i.z.e.s.m.mapper.UserInfoMapper.forceSelectList:135 ==>  Preparing: SELECT id,name,gender,deleted FROM user_info
2024-06-30 11:02:19.900 DEBUG demo [] main c.i.z.e.s.m.mapper.UserInfoMapper.forceSelectList:135 ==> Parameters: 
2024-06-30 11:02:19.939 DEBUG demo [] main c.i.z.e.s.m.mapper.UserInfoMapper.forceSelectList:135 <==      Total: 3
2024-06-30 11:02:20.070 DEBUG demo [] main c.i.z.e.s.m.mapper.UserInfoMapper.forceDelete:135 ==>  Preparing: DELETE FROM user_info WHERE deleted=0 AND (id = ?)
2024-06-30 11:02:20.079 DEBUG demo [] main c.i.z.e.s.m.mapper.UserInfoMapper.forceDelete:135 ==> Parameters: 1(Integer)
2024-06-30 11:02:20.080 DEBUG demo [] main c.i.z.e.s.m.mapper.UserInfoMapper.forceDelete:135 <==    Updates: 1
2024-06-30 11:02:20.085 DEBUG demo [] main c.i.z.e.s.m.mapper.UserInfoMapper.forceSelectList:135 ==>  Preparing: SELECT id,name,gender,deleted FROM user_info
2024-06-30 11:02:20.086 DEBUG demo [] main c.i.z.e.s.m.mapper.UserInfoMapper.forceSelectList:135 ==> Parameters: 
2024-06-30 11:02:20.087 DEBUG demo [] main c.i.z.e.s.m.mapper.UserInfoMapper.forceSelectList:135 <==      Total: 2
2024-06-30 11:02:20.116 INFO  demo [] SpringApplicationShutdownHook com.zaxxer.hikari.HikariDataSource:350 HikariPool-1 - Shutdown initiated...
2024-06-30 11:02:20.124 INFO  demo [] SpringApplicationShutdownHook com.zaxxer.hikari.HikariDataSource:352 HikariPool-1 - Shutdown completed.
2024-06-30 11:51:11.940 INFO  demo [] background-preinit org.hibernate.validator.internal.util.Version:21 HV000001: Hibernate Validator 8.0.0.Final
2024-06-30 11:51:11.965 INFO  demo [] main c.i.zoo.example.springboot.mybatisplus.BasicTest:51 Starting BasicTest using Java 17.0.3.1 with PID 4172 (started by 13548 in D:\working\spring-cloud-jd\zoo-example\zoo-example-springboot\zoo-example-springboot-mybatisplus)
2024-06-30 11:51:11.965 DEBUG demo [] main c.i.zoo.example.springboot.mybatisplus.BasicTest:52 Running with Spring Boot v3.0.2, Spring v6.0.4
2024-06-30 11:51:11.967 INFO  demo [] main c.i.zoo.example.springboot.mybatisplus.BasicTest:630 No active profile set, falling back to 1 default profile: "default"
2024-06-30 11:51:14.402 INFO  demo [] main com.ideaaedi.zoo.foundation.DIYGuidePrinter:51 Integrate component -> 01.zoo-diy-artifact-mybatis-plus
2024-06-30 11:51:14.414 INFO  demo [] main com.ideaaedi.zoo.foundation.DIYGuidePrinter:94 
------------------------ 01.zoo-diy-artifact-mybatis-plus guide ------------------------
[instruction]
此组件主要整合mybatis-plus，并作一定增强

[manual]
引入此组件后，一般需要根据自身情况，作相应mybatis-plus配置。如：
mybatis-plus:
  global-config:
    db-config:
      logic-delete-value: 1 # 指定逻辑删除值
      logic-not-delete-value: 0 # 指定逻辑未删除值

[manifests]
01.BaseMapper增加方法forceSelectById：忽略逻辑删除字段，byId查询
02.BaseMapper增加方法forceSelectOne：忽略逻辑删除字段，selectOne查询
03.BaseMapper增加方法forceSelectBatchIds：忽略逻辑删除字段，byIds查询
04.BaseMapper增加方法forceSelectList：忽略逻辑删除字段，selectList查询
05.BaseMapper增加方法forceExists：忽略逻辑删除字段，exists判断
06.BaseMapper增加方法forceSelectCount：忽略逻辑删除字段，selectCount查询
07.BaseMapper增加方法forceSelectPage：忽略逻辑删除字段，selectPage查询
08.BaseMapper增加方法forceDeleteById：忽略逻辑删除字段，byId删除
09.BaseMapper增加方法forceDeleteBatchIds：忽略逻辑删除字段，byIds删除
10.BaseMapper增加方法forceDelete：忽略逻辑删除字段，wrapper删除

[contacts]
作者邮箱: 13548417409@163.com

[links]
官网: https://baomidou.com/
Github: https://github.com/baomidou/mybatis-plus
------------------------------------------------------------------------------------------
2024-06-30 11:51:14.434 INFO  demo [] main c.i.zoo.example.springboot.mybatisplus.BasicTest:57 Started BasicTest in 2.895 seconds (process running for 3.753)
2024-06-30 11:51:15.344 INFO  demo [] main com.zaxxer.hikari.HikariDataSource:110 HikariPool-1 - Starting...
2024-06-30 11:51:15.484 INFO  demo [] main com.zaxxer.hikari.pool.HikariPool:565 HikariPool-1 - Added connection com.mysql.cj.jdbc.ConnectionImpl@11295cb1
2024-06-30 11:51:15.487 INFO  demo [] main com.zaxxer.hikari.HikariDataSource:123 HikariPool-1 - Start completed.
2024-06-30 11:51:15.496 DEBUG demo [] main c.i.z.e.s.m.m.UserInfoMapper.selectList_mpCount:135 ==>  Preparing: SELECT COUNT(*) AS total FROM user_info WHERE deleted = 0
2024-06-30 11:51:15.515 DEBUG demo [] main c.i.z.e.s.m.m.UserInfoMapper.selectList_mpCount:135 ==> Parameters: 
2024-06-30 11:51:15.538 DEBUG demo [] main c.i.z.e.s.m.m.UserInfoMapper.selectList_mpCount:135 <==      Total: 1
2024-06-30 11:51:15.553 DEBUG demo [] main c.i.z.e.s.m.mapper.UserInfoMapper.selectList:135 ==>  Preparing: SELECT id,name,gender,deleted FROM user_info WHERE deleted=0 LIMIT ?
2024-06-30 11:51:15.554 DEBUG demo [] main c.i.z.e.s.m.mapper.UserInfoMapper.selectList:135 ==> Parameters: 1(Long)
2024-06-30 11:51:15.557 DEBUG demo [] main c.i.z.e.s.m.mapper.UserInfoMapper.selectList:135 <==      Total: 1
2024-06-30 11:51:15.721 INFO  demo [] SpringApplicationShutdownHook com.zaxxer.hikari.HikariDataSource:350 HikariPool-1 - Shutdown initiated...
2024-06-30 11:51:15.730 INFO  demo [] SpringApplicationShutdownHook com.zaxxer.hikari.HikariDataSource:352 HikariPool-1 - Shutdown completed.
2024-06-30 11:51:42.331 INFO  demo [] background-preinit org.hibernate.validator.internal.util.Version:21 HV000001: Hibernate Validator 8.0.0.Final
2024-06-30 11:51:42.355 INFO  demo [] main c.i.zoo.example.springboot.mybatisplus.BasicTest:51 Starting BasicTest using Java 17.0.3.1 with PID 3928 (started by 13548 in D:\working\spring-cloud-jd\zoo-example\zoo-example-springboot\zoo-example-springboot-mybatisplus)
2024-06-30 11:51:42.356 DEBUG demo [] main c.i.zoo.example.springboot.mybatisplus.BasicTest:52 Running with Spring Boot v3.0.2, Spring v6.0.4
2024-06-30 11:51:42.357 INFO  demo [] main c.i.zoo.example.springboot.mybatisplus.BasicTest:630 No active profile set, falling back to 1 default profile: "default"
2024-06-30 11:51:44.765 INFO  demo [] main com.ideaaedi.zoo.foundation.DIYGuidePrinter:51 Integrate component -> 01.zoo-diy-artifact-mybatis-plus
2024-06-30 11:51:44.775 INFO  demo [] main com.ideaaedi.zoo.foundation.DIYGuidePrinter:94 
------------------------ 01.zoo-diy-artifact-mybatis-plus guide ------------------------
[instruction]
此组件主要整合mybatis-plus，并作一定增强

[manual]
引入此组件后，一般需要根据自身情况，作相应mybatis-plus配置。如：
mybatis-plus:
  global-config:
    db-config:
      logic-delete-value: 1 # 指定逻辑删除值
      logic-not-delete-value: 0 # 指定逻辑未删除值

[manifests]
01.BaseMapper增加方法forceSelectById：忽略逻辑删除字段，byId查询
02.BaseMapper增加方法forceSelectOne：忽略逻辑删除字段，selectOne查询
03.BaseMapper增加方法forceSelectBatchIds：忽略逻辑删除字段，byIds查询
04.BaseMapper增加方法forceSelectList：忽略逻辑删除字段，selectList查询
05.BaseMapper增加方法forceExists：忽略逻辑删除字段，exists判断
06.BaseMapper增加方法forceSelectCount：忽略逻辑删除字段，selectCount查询
07.BaseMapper增加方法forceSelectPage：忽略逻辑删除字段，selectPage查询
08.BaseMapper增加方法forceDeleteById：忽略逻辑删除字段，byId删除
09.BaseMapper增加方法forceDeleteBatchIds：忽略逻辑删除字段，byIds删除
10.BaseMapper增加方法forceDelete：忽略逻辑删除字段，wrapper删除

[contacts]
作者邮箱: 13548417409@163.com

[links]
官网: https://baomidou.com/
Github: https://github.com/baomidou/mybatis-plus
------------------------------------------------------------------------------------------
2024-06-30 11:51:44.806 INFO  demo [] main c.i.zoo.example.springboot.mybatisplus.BasicTest:57 Started BasicTest in 2.904 seconds (process running for 3.83)
2024-06-30 11:51:45.580 INFO  demo [] main com.zaxxer.hikari.HikariDataSource:110 HikariPool-1 - Starting...
2024-06-30 11:51:45.709 INFO  demo [] main com.zaxxer.hikari.pool.HikariPool:565 HikariPool-1 - Added connection com.mysql.cj.jdbc.ConnectionImpl@6cc56b32
2024-06-30 11:51:45.711 INFO  demo [] main com.zaxxer.hikari.HikariDataSource:123 HikariPool-1 - Start completed.
2024-06-30 11:51:45.718 DEBUG demo [] main c.i.z.e.s.m.m.UserInfoMapper.selectList_mpCount:135 ==>  Preparing: SELECT COUNT(*) AS total FROM user_info WHERE deleted = 0
2024-06-30 11:51:45.735 DEBUG demo [] main c.i.z.e.s.m.m.UserInfoMapper.selectList_mpCount:135 ==> Parameters: 
2024-06-30 11:51:45.753 DEBUG demo [] main c.i.z.e.s.m.m.UserInfoMapper.selectList_mpCount:135 <==      Total: 1
2024-06-30 11:51:45.760 DEBUG demo [] main c.i.z.e.s.m.mapper.UserInfoMapper.selectList:135 ==>  Preparing: SELECT id,name,gender,deleted FROM user_info WHERE deleted=0 LIMIT ?
2024-06-30 11:51:45.761 DEBUG demo [] main c.i.z.e.s.m.mapper.UserInfoMapper.selectList:135 ==> Parameters: 1(Long)
2024-06-30 11:51:45.764 DEBUG demo [] main c.i.z.e.s.m.mapper.UserInfoMapper.selectList:135 <==      Total: 1
2024-06-30 11:51:45.906 INFO  demo [] SpringApplicationShutdownHook com.zaxxer.hikari.HikariDataSource:350 HikariPool-1 - Shutdown initiated...
2024-06-30 11:51:45.915 INFO  demo [] SpringApplicationShutdownHook com.zaxxer.hikari.HikariDataSource:352 HikariPool-1 - Shutdown completed.
2024-06-30 19:32:35.688 INFO  demo [] background-preinit org.hibernate.validator.internal.util.Version:21 HV000001: Hibernate Validator 8.0.0.Final
2024-06-30 19:32:35.714 INFO  demo [] main c.i.zoo.example.springboot.mybatisplus.BasicTest:51 Starting BasicTest using Java 17.0.3.1 with PID 368 (started by 13548 in D:\working\spring-cloud-jd\zoo-example\zoo-example-springboot\zoo-example-springboot-mybatisplus)
2024-06-30 19:32:35.715 DEBUG demo [] main c.i.zoo.example.springboot.mybatisplus.BasicTest:52 Running with Spring Boot v3.0.2, Spring v6.0.4
2024-06-30 19:32:35.716 INFO  demo [] main c.i.zoo.example.springboot.mybatisplus.BasicTest:630 No active profile set, falling back to 1 default profile: "default"
2024-06-30 19:32:37.578 INFO  demo [] main com.ideaaedi.zoo.foundation.DIYGuidePrinter:51 Integrate component -> 01.zoo-diy-artifact-mybatis-plus
2024-06-30 19:32:37.585 INFO  demo [] main com.ideaaedi.zoo.foundation.DIYGuidePrinter:90 
------------------------ 01.zoo-diy-artifact-mybatis-plus guide ------------------------
[instruction]
此组件主要整合mybatis-plus，并作一定增强

[manual]
引入此组件后，一般需要根据自身情况，作相应mybatis-plus配置。如：
mybatis-plus:
  global-config:
    db-config:
      logic-delete-value: 1 # 指定逻辑删除值
      logic-not-delete-value: 0 # 指定逻辑未删除值

[manifests]
01.BaseMapper增加方法forceSelectById：忽略逻辑删除字段，byId查询
02.BaseMapper增加方法forceSelectOne：忽略逻辑删除字段，selectOne查询
03.BaseMapper增加方法forceSelectBatchIds：忽略逻辑删除字段，byIds查询
04.BaseMapper增加方法forceSelectList：忽略逻辑删除字段，selectList查询
05.BaseMapper增加方法forceExists：忽略逻辑删除字段，exists判断
06.BaseMapper增加方法forceSelectCount：忽略逻辑删除字段，selectCount查询
07.BaseMapper增加方法forceSelectPage：忽略逻辑删除字段，selectPage查询
08.BaseMapper增加方法forceDeleteById：忽略逻辑删除字段，byId删除
09.BaseMapper增加方法forceDeleteBatchIds：忽略逻辑删除字段，byIds删除
10.BaseMapper增加方法forceDelete：忽略逻辑删除字段，wrapper删除

[contacts]
作者邮箱: 13548417409@163.com

[links]
官网: https://baomidou.com/
Github: https://github.com/baomidou/mybatis-plus

2024-06-30 19:32:37.607 INFO  demo [] main c.i.zoo.example.springboot.mybatisplus.BasicTest:57 Started BasicTest in 2.261 seconds (process running for 3.085)
2024-06-30 19:32:38.264 INFO  demo [] main com.zaxxer.hikari.HikariDataSource:110 HikariPool-1 - Starting...
2024-06-30 19:32:38.396 INFO  demo [] main com.zaxxer.hikari.pool.HikariPool:565 HikariPool-1 - Added connection com.mysql.cj.jdbc.ConnectionImpl@11295cb1
2024-06-30 19:32:38.397 INFO  demo [] main com.zaxxer.hikari.HikariDataSource:123 HikariPool-1 - Start completed.
2024-06-30 19:32:38.403 DEBUG demo [] main c.i.z.e.s.m.m.UserInfoMapper.selectList_mpCount:135 ==>  Preparing: SELECT COUNT(*) AS total FROM user_info WHERE deleted = 0
2024-06-30 19:32:38.424 DEBUG demo [] main c.i.z.e.s.m.m.UserInfoMapper.selectList_mpCount:135 ==> Parameters: 
2024-06-30 19:32:38.439 DEBUG demo [] main c.i.z.e.s.m.m.UserInfoMapper.selectList_mpCount:135 <==      Total: 1
2024-06-30 19:32:38.446 DEBUG demo [] main c.i.z.e.s.m.mapper.UserInfoMapper.selectList:135 ==>  Preparing: SELECT id,name,gender,deleted FROM user_info WHERE deleted=0 LIMIT ?
2024-06-30 19:32:38.446 DEBUG demo [] main c.i.z.e.s.m.mapper.UserInfoMapper.selectList:135 ==> Parameters: 1(Long)
2024-06-30 19:32:38.448 DEBUG demo [] main c.i.z.e.s.m.mapper.UserInfoMapper.selectList:135 <==      Total: 1
2024-06-30 19:32:38.605 INFO  demo [] SpringApplicationShutdownHook com.zaxxer.hikari.HikariDataSource:350 HikariPool-1 - Shutdown initiated...
2024-06-30 19:32:38.619 INFO  demo [] SpringApplicationShutdownHook com.zaxxer.hikari.HikariDataSource:352 HikariPool-1 - Shutdown completed.
2024-06-30 19:34:08.127 INFO  demo [] background-preinit org.hibernate.validator.internal.util.Version:21 HV000001: Hibernate Validator 8.0.0.Final
2024-06-30 19:34:08.153 INFO  demo [] main c.i.zoo.example.springboot.mybatisplus.BasicTest:51 Starting BasicTest using Java 17.0.3.1 with PID 16088 (started by 13548 in D:\working\spring-cloud-jd\zoo-example\zoo-example-springboot\zoo-example-springboot-mybatisplus)
2024-06-30 19:34:08.154 DEBUG demo [] main c.i.zoo.example.springboot.mybatisplus.BasicTest:52 Running with Spring Boot v3.0.2, Spring v6.0.4
2024-06-30 19:34:08.155 INFO  demo [] main c.i.zoo.example.springboot.mybatisplus.BasicTest:630 No active profile set, falling back to 1 default profile: "default"
2024-06-30 19:34:09.807 WARN  demo [] main o.s.w.context.support.GenericWebApplicationContext:592 Exception encountered during context initialization - cancelling refresh attempt: org.springframework.boot.context.properties.ConfigurationPropertiesBindException: Error creating bean with name 'zoo.guide.diy.zoo-mybatis-plus-com.ideaaedi.zoo.diy.artifact.mybatisplus.properties.ZooMybatisPlusDIYGuideProperties': Could not bind properties to 'ZooMybatisPlusDIYGuideProperties' : prefix=zoo.guide.diy.zoo-mybatis-plus, ignoreInvalidFields=false, ignoreUnknownFields=true
2024-06-30 19:34:09.814 INFO  demo [] main o.s.b.a.logging.ConditionEvaluationReportLogger:82 

Error starting ApplicationContext. To display the condition evaluation report re-run your application with 'debug' enabled.
2024-06-30 19:34:09.835 ERROR demo [] main o.s.b.diagnostics.LoggingFailureAnalysisReporter:40 

***************************
APPLICATION FAILED TO START
***************************

Description:

Binding to target org.springframework.boot.context.properties.bind.BindException: Failed to bind properties under 'zoo.guide.diy.zoo-mybatis-plus' to com.ideaaedi.zoo.diy.artifact.mybatisplus.properties.ZooMybatisPlusDIYGuideProperties failed:

    Property: zoo.guide.diy.zoo-mybatis-plus.instruction
    Value: "null"
    Reason: diy component instruction cannot be blank.

    Property: zoo.guide.diy.zoo-mybatis-plus.name
    Value: "null"
    Reason: diy component name cannot be blank.


Action:

Update your application's configuration

2024-06-30 19:34:09.839 ERROR demo [] main o.springframework.test.context.TestContextManager:245 Caught exception while allowing TestExecutionListener [org.springframework.test.context.web.ServletTestExecutionListener] to prepare test instance [com.ideaaedi.zoo.example.springboot.mybatisplus.BasicTest@404ced67]
java.lang.IllegalStateException: Failed to load ApplicationContext for [WebMergedContextConfiguration@6e95973c testClass = com.ideaaedi.zoo.example.springboot.mybatisplus.BasicTest, locations = [], classes = [com.ideaaedi.zoo.example.springboot.mybatisplus.ExampleSpringbootMybatisPlusApplication], contextInitializerClasses = [], activeProfiles = [], propertySourceLocations = [], propertySourceProperties = ["org.springframework.boot.test.context.SpringBootTestContextBootstrapper=true"], contextCustomizers = [org.springframework.boot.test.context.filter.ExcludeFilterContextCustomizer@58695725, org.springframework.boot.test.json.DuplicateJsonObjectContextCustomizerFactory$DuplicateJsonObjectContextCustomizer@25fb8912, org.springframework.boot.test.mock.mockito.MockitoContextCustomizer@0, org.springframework.boot.test.web.client.TestRestTemplateContextCustomizer@7c711375, org.springframework.boot.test.autoconfigure.actuate.observability.ObservabilityContextCustomizerFactory$DisableObservabilityContextCustomizer@9da1, org.springframework.boot.test.autoconfigure.properties.PropertyMappingContextCustomizer@0, org.springframework.boot.test.autoconfigure.web.servlet.WebDriverContextCustomizerFactory$Customizer@61001b64, org.springframework.boot.test.context.SpringBootTestAnnotation@426e704a], resourceBasePath = "src/main/webapp", contextLoader = org.springframework.boot.test.context.SpringBootContextLoader, parent = null]
	at org.springframework.test.context.cache.DefaultCacheAwareContextLoaderDelegate.loadContext(DefaultCacheAwareContextLoaderDelegate.java:142)
	at org.springframework.test.context.support.DefaultTestContext.getApplicationContext(DefaultTestContext.java:127)
	at org.springframework.test.context.web.ServletTestExecutionListener.setUpRequestContextIfNecessary(ServletTestExecutionListener.java:191)
	at org.springframework.test.context.web.ServletTestExecutionListener.prepareTestInstance(ServletTestExecutionListener.java:130)
	at org.springframework.test.context.TestContextManager.prepareTestInstance(TestContextManager.java:241)
	at org.springframework.test.context.junit.jupiter.SpringExtension.postProcessTestInstance(SpringExtension.java:138)
	at org.junit.jupiter.engine.descriptor.ClassBasedTestDescriptor.lambda$invokeTestInstancePostProcessors$10(ClassBasedTestDescriptor.java:377)
	at org.junit.jupiter.engine.descriptor.ClassBasedTestDescriptor.executeAndMaskThrowable(ClassBasedTestDescriptor.java:382)
	at org.junit.jupiter.engine.descriptor.ClassBasedTestDescriptor.lambda$invokeTestInstancePostProcessors$11(ClassBasedTestDescriptor.java:377)
	at java.base/java.util.stream.ReferencePipeline$3$1.accept(ReferencePipeline.java:197)
	at java.base/java.util.stream.ReferencePipeline$2$1.accept(ReferencePipeline.java:179)
	at java.base/java.util.ArrayList$ArrayListSpliterator.forEachRemaining(ArrayList.java:1625)
	at java.base/java.util.stream.AbstractPipeline.copyInto(AbstractPipeline.java:509)
	at java.base/java.util.stream.AbstractPipeline.wrapAndCopyInto(AbstractPipeline.java:499)
	at java.base/java.util.stream.StreamSpliterators$WrappingSpliterator.forEachRemaining(StreamSpliterators.java:310)
	at java.base/java.util.stream.Streams$ConcatSpliterator.forEachRemaining(Streams.java:735)
	at java.base/java.util.stream.Streams$ConcatSpliterator.forEachRemaining(Streams.java:734)
	at java.base/java.util.stream.ReferencePipeline$Head.forEach(ReferencePipeline.java:762)
	at org.junit.jupiter.engine.descriptor.ClassBasedTestDescriptor.invokeTestInstancePostProcessors(ClassBasedTestDescriptor.java:376)
	at org.junit.jupiter.engine.descriptor.ClassBasedTestDescriptor.lambda$instantiateAndPostProcessTestInstance$6(ClassBasedTestDescriptor.java:289)
	at org.junit.platform.engine.support.hierarchical.ThrowableCollector.execute(ThrowableCollector.java:73)
	at org.junit.jupiter.engine.descriptor.ClassBasedTestDescriptor.instantiateAndPostProcessTestInstance(ClassBasedTestDescriptor.java:288)
	at org.junit.jupiter.engine.descriptor.ClassBasedTestDescriptor.lambda$testInstancesProvider$4(ClassBasedTestDescriptor.java:278)
	at java.base/java.util.Optional.orElseGet(Optional.java:364)
	at org.junit.jupiter.engine.descriptor.ClassBasedTestDescriptor.lambda$testInstancesProvider$5(ClassBasedTestDescriptor.java:277)
	at org.junit.jupiter.engine.execution.TestInstancesProvider.getTestInstances(TestInstancesProvider.java:31)
	at org.junit.jupiter.engine.descriptor.TestMethodTestDescriptor.lambda$prepare$0(TestMethodTestDescriptor.java:105)
	at org.junit.platform.engine.support.hierarchical.ThrowableCollector.execute(ThrowableCollector.java:73)
	at org.junit.jupiter.engine.descriptor.TestMethodTestDescriptor.prepare(TestMethodTestDescriptor.java:104)
	at org.junit.jupiter.engine.descriptor.TestMethodTestDescriptor.prepare(TestMethodTestDescriptor.java:68)
	at org.junit.platform.engine.support.hierarchical.NodeTestTask.lambda$prepare$2(NodeTestTask.java:123)
	at org.junit.platform.engine.support.hierarchical.ThrowableCollector.execute(ThrowableCollector.java:73)
	at org.junit.platform.engine.support.hierarchical.NodeTestTask.prepare(NodeTestTask.java:123)
	at org.junit.platform.engine.support.hierarchical.NodeTestTask.execute(NodeTestTask.java:90)
	at java.base/java.util.ArrayList.forEach(ArrayList.java:1511)
	at org.junit.platform.engine.support.hierarchical.SameThreadHierarchicalTestExecutorService.invokeAll(SameThreadHierarchicalTestExecutorService.java:41)
	at org.junit.platform.engine.support.hierarchical.NodeTestTask.lambda$executeRecursively$6(NodeTestTask.java:155)
	at org.junit.platform.engine.support.hierarchical.ThrowableCollector.execute(ThrowableCollector.java:73)
	at org.junit.platform.engine.support.hierarchical.NodeTestTask.lambda$executeRecursively$8(NodeTestTask.java:141)
	at org.junit.platform.engine.support.hierarchical.Node.around(Node.java:137)
	at org.junit.platform.engine.support.hierarchical.NodeTestTask.lambda$executeRecursively$9(NodeTestTask.java:139)
	at org.junit.platform.engine.support.hierarchical.ThrowableCollector.execute(ThrowableCollector.java:73)
	at org.junit.platform.engine.support.hierarchical.NodeTestTask.executeRecursively(NodeTestTask.java:138)
	at org.junit.platform.engine.support.hierarchical.NodeTestTask.execute(NodeTestTask.java:95)
	at java.base/java.util.ArrayList.forEach(ArrayList.java:1511)
	at org.junit.platform.engine.support.hierarchical.SameThreadHierarchicalTestExecutorService.invokeAll(SameThreadHierarchicalTestExecutorService.java:41)
	at org.junit.platform.engine.support.hierarchical.NodeTestTask.lambda$executeRecursively$6(NodeTestTask.java:155)
	at org.junit.platform.engine.support.hierarchical.ThrowableCollector.execute(ThrowableCollector.java:73)
	at org.junit.platform.engine.support.hierarchical.NodeTestTask.lambda$executeRecursively$8(NodeTestTask.java:141)
	at org.junit.platform.engine.support.hierarchical.Node.around(Node.java:137)
	at org.junit.platform.engine.support.hierarchical.NodeTestTask.lambda$executeRecursively$9(NodeTestTask.java:139)
	at org.junit.platform.engine.support.hierarchical.ThrowableCollector.execute(ThrowableCollector.java:73)
	at org.junit.platform.engine.support.hierarchical.NodeTestTask.executeRecursively(NodeTestTask.java:138)
	at org.junit.platform.engine.support.hierarchical.NodeTestTask.execute(NodeTestTask.java:95)
	at org.junit.platform.engine.support.hierarchical.SameThreadHierarchicalTestExecutorService.submit(SameThreadHierarchicalTestExecutorService.java:35)
	at org.junit.platform.engine.support.hierarchical.HierarchicalTestExecutor.execute(HierarchicalTestExecutor.java:57)
	at org.junit.platform.engine.support.hierarchical.HierarchicalTestEngine.execute(HierarchicalTestEngine.java:54)
	at org.junit.platform.launcher.core.EngineExecutionOrchestrator.execute(EngineExecutionOrchestrator.java:147)
	at org.junit.platform.launcher.core.EngineExecutionOrchestrator.execute(EngineExecutionOrchestrator.java:127)
	at org.junit.platform.launcher.core.EngineExecutionOrchestrator.execute(EngineExecutionOrchestrator.java:90)
	at org.junit.platform.launcher.core.EngineExecutionOrchestrator.lambda$execute$0(EngineExecutionOrchestrator.java:55)
	at org.junit.platform.launcher.core.EngineExecutionOrchestrator.withInterceptedStreams(EngineExecutionOrchestrator.java:102)
	at org.junit.platform.launcher.core.EngineExecutionOrchestrator.execute(EngineExecutionOrchestrator.java:54)
	at org.junit.platform.launcher.core.DefaultLauncher.execute(DefaultLauncher.java:114)
	at org.junit.platform.launcher.core.DefaultLauncher.execute(DefaultLauncher.java:86)
	at org.junit.platform.launcher.core.DefaultLauncherSession$DelegatingLauncher.execute(DefaultLauncherSession.java:86)
	at org.junit.platform.launcher.core.SessionPerRequestLauncher.execute(SessionPerRequestLauncher.java:53)
	at com.intellij.junit5.JUnit5IdeaTestRunner.startRunnerWithArgs(JUnit5IdeaTestRunner.java:57)
	at com.intellij.rt.junit.IdeaTestRunner$Repeater$1.execute(IdeaTestRunner.java:38)
	at com.intellij.rt.execution.junit.TestsRepeater.repeat(TestsRepeater.java:11)
	at com.intellij.rt.junit.IdeaTestRunner$Repeater.startRunnerWithArgs(IdeaTestRunner.java:35)
	at com.intellij.rt.junit.JUnitStarter.prepareStreamsAndStart(JUnitStarter.java:235)
	at com.intellij.rt.junit.JUnitStarter.main(JUnitStarter.java:54)
Caused by: org.springframework.boot.context.properties.ConfigurationPropertiesBindException: Error creating bean with name 'zoo.guide.diy.zoo-mybatis-plus-com.ideaaedi.zoo.diy.artifact.mybatisplus.properties.ZooMybatisPlusDIYGuideProperties': Could not bind properties to 'ZooMybatisPlusDIYGuideProperties' : prefix=zoo.guide.diy.zoo-mybatis-plus, ignoreInvalidFields=false, ignoreUnknownFields=true
	at org.springframework.boot.context.properties.ConfigurationPropertiesBindingPostProcessor.bind(ConfigurationPropertiesBindingPostProcessor.java:99)
	at org.springframework.boot.context.properties.ConfigurationPropertiesBindingPostProcessor.postProcessBeforeInitialization(ConfigurationPropertiesBindingPostProcessor.java:79)
	at org.springframework.beans.factory.support.AbstractAutowireCapableBeanFactory.applyBeanPostProcessorsBeforeInitialization(AbstractAutowireCapableBeanFactory.java:420)
	at org.springframework.beans.factory.support.AbstractAutowireCapableBeanFactory.initializeBean(AbstractAutowireCapableBeanFactory.java:1743)
	at org.springframework.beans.factory.support.AbstractAutowireCapableBeanFactory.doCreateBean(AbstractAutowireCapableBeanFactory.java:599)
	at org.springframework.beans.factory.support.AbstractAutowireCapableBeanFactory.createBean(AbstractAutowireCapableBeanFactory.java:521)
	at org.springframework.beans.factory.support.AbstractBeanFactory.lambda$doGetBean$0(AbstractBeanFactory.java:326)
	at org.springframework.beans.factory.support.DefaultSingletonBeanRegistry.getSingleton(DefaultSingletonBeanRegistry.java:234)
	at org.springframework.beans.factory.support.AbstractBeanFactory.doGetBean(AbstractBeanFactory.java:324)
	at org.springframework.beans.factory.support.AbstractBeanFactory.getBean(AbstractBeanFactory.java:200)
	at org.springframework.beans.factory.support.DefaultListableBeanFactory.preInstantiateSingletons(DefaultListableBeanFactory.java:961)
	at org.springframework.context.support.AbstractApplicationContext.finishBeanFactoryInitialization(AbstractApplicationContext.java:915)
	at org.springframework.context.support.AbstractApplicationContext.refresh(AbstractApplicationContext.java:584)
	at org.springframework.boot.SpringApplication.refresh(SpringApplication.java:730)
	at org.springframework.boot.SpringApplication.refreshContext(SpringApplication.java:432)
	at org.springframework.boot.SpringApplication.run(SpringApplication.java:308)
	at org.springframework.boot.test.context.SpringBootContextLoader.lambda$loadContext$3(SpringBootContextLoader.java:137)
	at org.springframework.util.function.ThrowingSupplier.get(ThrowingSupplier.java:59)
	at org.springframework.util.function.ThrowingSupplier.get(ThrowingSupplier.java:47)
	at org.springframework.boot.SpringApplication.withHook(SpringApplication.java:1386)
	at org.springframework.boot.test.context.SpringBootContextLoader$ContextLoaderHook.run(SpringBootContextLoader.java:543)
	at org.springframework.boot.test.context.SpringBootContextLoader.loadContext(SpringBootContextLoader.java:137)
	at org.springframework.boot.test.context.SpringBootContextLoader.loadContext(SpringBootContextLoader.java:108)
	at org.springframework.test.context.cache.DefaultCacheAwareContextLoaderDelegate.loadContextInternal(DefaultCacheAwareContextLoaderDelegate.java:184)
	at org.springframework.test.context.cache.DefaultCacheAwareContextLoaderDelegate.loadContext(DefaultCacheAwareContextLoaderDelegate.java:118)
	... 72 common frames omitted
Caused by: org.springframework.boot.context.properties.bind.BindException: Failed to bind properties under 'zoo.guide.diy.zoo-mybatis-plus' to com.ideaaedi.zoo.diy.artifact.mybatisplus.properties.ZooMybatisPlusDIYGuideProperties
	at org.springframework.boot.context.properties.bind.Binder.handleBindError(Binder.java:387)
	at org.springframework.boot.context.properties.bind.Binder.bind(Binder.java:347)
	at org.springframework.boot.context.properties.bind.Binder.bind(Binder.java:332)
	at org.springframework.boot.context.properties.bind.Binder.bind(Binder.java:262)
	at org.springframework.boot.context.properties.bind.Binder.bind(Binder.java:249)
	at org.springframework.boot.context.properties.ConfigurationPropertiesBinder.bind(ConfigurationPropertiesBinder.java:93)
	at org.springframework.boot.context.properties.ConfigurationPropertiesBindingPostProcessor.bind(ConfigurationPropertiesBindingPostProcessor.java:96)
	... 96 common frames omitted
Caused by: org.springframework.boot.context.properties.bind.validation.BindValidationException: Binding validation errors on zoo.guide.diy.zoo-mybatis-plus
   - Field error in object 'zoo.guide.diy.zoo-mybatis-plus' on field 'instruction': rejected value [null]; codes [NotBlank.zoo.guide.diy.zoo-mybatis-plus.instruction,NotBlank.instruction,NotBlank.java.lang.String,NotBlank]; arguments [org.springframework.context.support.DefaultMessageSourceResolvable: codes [zoo.guide.diy.zoo-mybatis-plus.instruction,instruction]; arguments []; default message [instruction]]; default message [diy component instruction cannot be blank.]
   - Field error in object 'zoo.guide.diy.zoo-mybatis-plus' on field 'name': rejected value [null]; codes [NotBlank.zoo.guide.diy.zoo-mybatis-plus.name,NotBlank.name,NotBlank.java.lang.String,NotBlank]; arguments [org.springframework.context.support.DefaultMessageSourceResolvable: codes [zoo.guide.diy.zoo-mybatis-plus.name,name]; arguments []; default message [name]]; default message [diy component name cannot be blank.]
	at org.springframework.boot.context.properties.bind.validation.ValidationBindHandler.validateAndPush(ValidationBindHandler.java:141)
	at org.springframework.boot.context.properties.bind.validation.ValidationBindHandler.validate(ValidationBindHandler.java:114)
	at org.springframework.boot.context.properties.bind.validation.ValidationBindHandler.onFinish(ValidationBindHandler.java:105)
	at org.springframework.boot.context.properties.bind.Binder.handleBindResult(Binder.java:363)
	at org.springframework.boot.context.properties.bind.Binder.bind(Binder.java:344)
	... 101 common frames omitted
2024-06-30 19:34:36.698 INFO  demo [] background-preinit org.hibernate.validator.internal.util.Version:21 HV000001: Hibernate Validator 8.0.0.Final
2024-06-30 19:34:36.731 INFO  demo [] main c.i.zoo.example.springboot.mybatisplus.BasicTest:51 Starting BasicTest using Java 17.0.3.1 with PID 25908 (started by 13548 in D:\working\spring-cloud-jd\zoo-example\zoo-example-springboot\zoo-example-springboot-mybatisplus)
2024-06-30 19:34:36.731 DEBUG demo [] main c.i.zoo.example.springboot.mybatisplus.BasicTest:52 Running with Spring Boot v3.0.2, Spring v6.0.4
2024-06-30 19:34:36.732 INFO  demo [] main c.i.zoo.example.springboot.mybatisplus.BasicTest:630 No active profile set, falling back to 1 default profile: "default"
2024-06-30 19:34:38.845 WARN  demo [] main o.s.w.context.support.GenericWebApplicationContext:592 Exception encountered during context initialization - cancelling refresh attempt: org.springframework.boot.context.properties.ConfigurationPropertiesBindException: Error creating bean with name 'zoo.guide.diy.zoo-mybatis-plus-com.ideaaedi.zoo.diy.artifact.mybatisplus.properties.ZooMybatisPlusDIYGuideProperties': Could not bind properties to 'ZooMybatisPlusDIYGuideProperties' : prefix=zoo.guide.diy.zoo-mybatis-plus, ignoreInvalidFields=false, ignoreUnknownFields=true
2024-06-30 19:34:38.851 INFO  demo [] main o.s.b.a.logging.ConditionEvaluationReportLogger:82 

Error starting ApplicationContext. To display the condition evaluation report re-run your application with 'debug' enabled.
2024-06-30 19:34:38.867 ERROR demo [] main o.s.b.diagnostics.LoggingFailureAnalysisReporter:40 

***************************
APPLICATION FAILED TO START
***************************

Description:

Binding to target org.springframework.boot.context.properties.bind.BindException: Failed to bind properties under 'zoo.guide.diy.zoo-mybatis-plus' to com.ideaaedi.zoo.diy.artifact.mybatisplus.properties.ZooMybatisPlusDIYGuideProperties failed:

    Property: zoo.guide.diy.zoo-mybatis-plus.instruction
    Value: "null"
    Reason: diy component instruction cannot be blank.

    Property: zoo.guide.diy.zoo-mybatis-plus.name
    Value: "null"
    Reason: diy component name cannot be blank.


Action:

Update your application's configuration

2024-06-30 19:34:38.870 ERROR demo [] main o.springframework.test.context.TestContextManager:245 Caught exception while allowing TestExecutionListener [org.springframework.test.context.web.ServletTestExecutionListener] to prepare test instance [com.ideaaedi.zoo.example.springboot.mybatisplus.BasicTest@1c84d80a]
java.lang.IllegalStateException: Failed to load ApplicationContext for [WebMergedContextConfiguration@561f9d92 testClass = com.ideaaedi.zoo.example.springboot.mybatisplus.BasicTest, locations = [], classes = [com.ideaaedi.zoo.example.springboot.mybatisplus.ExampleSpringbootMybatisPlusApplication], contextInitializerClasses = [], activeProfiles = [], propertySourceLocations = [], propertySourceProperties = ["org.springframework.boot.test.context.SpringBootTestContextBootstrapper=true"], contextCustomizers = [org.springframework.boot.test.context.filter.ExcludeFilterContextCustomizer@58695725, org.springframework.boot.test.json.DuplicateJsonObjectContextCustomizerFactory$DuplicateJsonObjectContextCustomizer@25fb8912, org.springframework.boot.test.mock.mockito.MockitoContextCustomizer@0, org.springframework.boot.test.web.client.TestRestTemplateContextCustomizer@7c711375, org.springframework.boot.test.autoconfigure.actuate.observability.ObservabilityContextCustomizerFactory$DisableObservabilityContextCustomizer@9da1, org.springframework.boot.test.autoconfigure.properties.PropertyMappingContextCustomizer@0, org.springframework.boot.test.autoconfigure.web.servlet.WebDriverContextCustomizerFactory$Customizer@61001b64, org.springframework.boot.test.context.SpringBootTestAnnotation@426e704a], resourceBasePath = "src/main/webapp", contextLoader = org.springframework.boot.test.context.SpringBootContextLoader, parent = null]
	at org.springframework.test.context.cache.DefaultCacheAwareContextLoaderDelegate.loadContext(DefaultCacheAwareContextLoaderDelegate.java:142)
	at org.springframework.test.context.support.DefaultTestContext.getApplicationContext(DefaultTestContext.java:127)
	at org.springframework.test.context.web.ServletTestExecutionListener.setUpRequestContextIfNecessary(ServletTestExecutionListener.java:191)
	at org.springframework.test.context.web.ServletTestExecutionListener.prepareTestInstance(ServletTestExecutionListener.java:130)
	at org.springframework.test.context.TestContextManager.prepareTestInstance(TestContextManager.java:241)
	at org.springframework.test.context.junit.jupiter.SpringExtension.postProcessTestInstance(SpringExtension.java:138)
	at org.junit.jupiter.engine.descriptor.ClassBasedTestDescriptor.lambda$invokeTestInstancePostProcessors$10(ClassBasedTestDescriptor.java:377)
	at org.junit.jupiter.engine.descriptor.ClassBasedTestDescriptor.executeAndMaskThrowable(ClassBasedTestDescriptor.java:382)
	at org.junit.jupiter.engine.descriptor.ClassBasedTestDescriptor.lambda$invokeTestInstancePostProcessors$11(ClassBasedTestDescriptor.java:377)
	at java.base/java.util.stream.ReferencePipeline$3$1.accept(ReferencePipeline.java:197)
	at java.base/java.util.stream.ReferencePipeline$2$1.accept(ReferencePipeline.java:179)
	at java.base/java.util.ArrayList$ArrayListSpliterator.forEachRemaining(ArrayList.java:1625)
	at java.base/java.util.stream.AbstractPipeline.copyInto(AbstractPipeline.java:509)
	at java.base/java.util.stream.AbstractPipeline.wrapAndCopyInto(AbstractPipeline.java:499)
	at java.base/java.util.stream.StreamSpliterators$WrappingSpliterator.forEachRemaining(StreamSpliterators.java:310)
	at java.base/java.util.stream.Streams$ConcatSpliterator.forEachRemaining(Streams.java:735)
	at java.base/java.util.stream.Streams$ConcatSpliterator.forEachRemaining(Streams.java:734)
	at java.base/java.util.stream.ReferencePipeline$Head.forEach(ReferencePipeline.java:762)
	at org.junit.jupiter.engine.descriptor.ClassBasedTestDescriptor.invokeTestInstancePostProcessors(ClassBasedTestDescriptor.java:376)
	at org.junit.jupiter.engine.descriptor.ClassBasedTestDescriptor.lambda$instantiateAndPostProcessTestInstance$6(ClassBasedTestDescriptor.java:289)
	at org.junit.platform.engine.support.hierarchical.ThrowableCollector.execute(ThrowableCollector.java:73)
	at org.junit.jupiter.engine.descriptor.ClassBasedTestDescriptor.instantiateAndPostProcessTestInstance(ClassBasedTestDescriptor.java:288)
	at org.junit.jupiter.engine.descriptor.ClassBasedTestDescriptor.lambda$testInstancesProvider$4(ClassBasedTestDescriptor.java:278)
	at java.base/java.util.Optional.orElseGet(Optional.java:364)
	at org.junit.jupiter.engine.descriptor.ClassBasedTestDescriptor.lambda$testInstancesProvider$5(ClassBasedTestDescriptor.java:277)
	at org.junit.jupiter.engine.execution.TestInstancesProvider.getTestInstances(TestInstancesProvider.java:31)
	at org.junit.jupiter.engine.descriptor.TestMethodTestDescriptor.lambda$prepare$0(TestMethodTestDescriptor.java:105)
	at org.junit.platform.engine.support.hierarchical.ThrowableCollector.execute(ThrowableCollector.java:73)
	at org.junit.jupiter.engine.descriptor.TestMethodTestDescriptor.prepare(TestMethodTestDescriptor.java:104)
	at org.junit.jupiter.engine.descriptor.TestMethodTestDescriptor.prepare(TestMethodTestDescriptor.java:68)
	at org.junit.platform.engine.support.hierarchical.NodeTestTask.lambda$prepare$2(NodeTestTask.java:123)
	at org.junit.platform.engine.support.hierarchical.ThrowableCollector.execute(ThrowableCollector.java:73)
	at org.junit.platform.engine.support.hierarchical.NodeTestTask.prepare(NodeTestTask.java:123)
	at org.junit.platform.engine.support.hierarchical.NodeTestTask.execute(NodeTestTask.java:90)
	at java.base/java.util.ArrayList.forEach(ArrayList.java:1511)
	at org.junit.platform.engine.support.hierarchical.SameThreadHierarchicalTestExecutorService.invokeAll(SameThreadHierarchicalTestExecutorService.java:41)
	at org.junit.platform.engine.support.hierarchical.NodeTestTask.lambda$executeRecursively$6(NodeTestTask.java:155)
	at org.junit.platform.engine.support.hierarchical.ThrowableCollector.execute(ThrowableCollector.java:73)
	at org.junit.platform.engine.support.hierarchical.NodeTestTask.lambda$executeRecursively$8(NodeTestTask.java:141)
	at org.junit.platform.engine.support.hierarchical.Node.around(Node.java:137)
	at org.junit.platform.engine.support.hierarchical.NodeTestTask.lambda$executeRecursively$9(NodeTestTask.java:139)
	at org.junit.platform.engine.support.hierarchical.ThrowableCollector.execute(ThrowableCollector.java:73)
	at org.junit.platform.engine.support.hierarchical.NodeTestTask.executeRecursively(NodeTestTask.java:138)
	at org.junit.platform.engine.support.hierarchical.NodeTestTask.execute(NodeTestTask.java:95)
	at java.base/java.util.ArrayList.forEach(ArrayList.java:1511)
	at org.junit.platform.engine.support.hierarchical.SameThreadHierarchicalTestExecutorService.invokeAll(SameThreadHierarchicalTestExecutorService.java:41)
	at org.junit.platform.engine.support.hierarchical.NodeTestTask.lambda$executeRecursively$6(NodeTestTask.java:155)
	at org.junit.platform.engine.support.hierarchical.ThrowableCollector.execute(ThrowableCollector.java:73)
	at org.junit.platform.engine.support.hierarchical.NodeTestTask.lambda$executeRecursively$8(NodeTestTask.java:141)
	at org.junit.platform.engine.support.hierarchical.Node.around(Node.java:137)
	at org.junit.platform.engine.support.hierarchical.NodeTestTask.lambda$executeRecursively$9(NodeTestTask.java:139)
	at org.junit.platform.engine.support.hierarchical.ThrowableCollector.execute(ThrowableCollector.java:73)
	at org.junit.platform.engine.support.hierarchical.NodeTestTask.executeRecursively(NodeTestTask.java:138)
	at org.junit.platform.engine.support.hierarchical.NodeTestTask.execute(NodeTestTask.java:95)
	at org.junit.platform.engine.support.hierarchical.SameThreadHierarchicalTestExecutorService.submit(SameThreadHierarchicalTestExecutorService.java:35)
	at org.junit.platform.engine.support.hierarchical.HierarchicalTestExecutor.execute(HierarchicalTestExecutor.java:57)
	at org.junit.platform.engine.support.hierarchical.HierarchicalTestEngine.execute(HierarchicalTestEngine.java:54)
	at org.junit.platform.launcher.core.EngineExecutionOrchestrator.execute(EngineExecutionOrchestrator.java:147)
	at org.junit.platform.launcher.core.EngineExecutionOrchestrator.execute(EngineExecutionOrchestrator.java:127)
	at org.junit.platform.launcher.core.EngineExecutionOrchestrator.execute(EngineExecutionOrchestrator.java:90)
	at org.junit.platform.launcher.core.EngineExecutionOrchestrator.lambda$execute$0(EngineExecutionOrchestrator.java:55)
	at org.junit.platform.launcher.core.EngineExecutionOrchestrator.withInterceptedStreams(EngineExecutionOrchestrator.java:102)
	at org.junit.platform.launcher.core.EngineExecutionOrchestrator.execute(EngineExecutionOrchestrator.java:54)
	at org.junit.platform.launcher.core.DefaultLauncher.execute(DefaultLauncher.java:114)
	at org.junit.platform.launcher.core.DefaultLauncher.execute(DefaultLauncher.java:86)
	at org.junit.platform.launcher.core.DefaultLauncherSession$DelegatingLauncher.execute(DefaultLauncherSession.java:86)
	at org.junit.platform.launcher.core.SessionPerRequestLauncher.execute(SessionPerRequestLauncher.java:53)
	at com.intellij.junit5.JUnit5IdeaTestRunner.startRunnerWithArgs(JUnit5IdeaTestRunner.java:57)
	at com.intellij.rt.junit.IdeaTestRunner$Repeater$1.execute(IdeaTestRunner.java:38)
	at com.intellij.rt.execution.junit.TestsRepeater.repeat(TestsRepeater.java:11)
	at com.intellij.rt.junit.IdeaTestRunner$Repeater.startRunnerWithArgs(IdeaTestRunner.java:35)
	at com.intellij.rt.junit.JUnitStarter.prepareStreamsAndStart(JUnitStarter.java:235)
	at com.intellij.rt.junit.JUnitStarter.main(JUnitStarter.java:54)
Caused by: org.springframework.boot.context.properties.ConfigurationPropertiesBindException: Error creating bean with name 'zoo.guide.diy.zoo-mybatis-plus-com.ideaaedi.zoo.diy.artifact.mybatisplus.properties.ZooMybatisPlusDIYGuideProperties': Could not bind properties to 'ZooMybatisPlusDIYGuideProperties' : prefix=zoo.guide.diy.zoo-mybatis-plus, ignoreInvalidFields=false, ignoreUnknownFields=true
	at org.springframework.boot.context.properties.ConfigurationPropertiesBindingPostProcessor.bind(ConfigurationPropertiesBindingPostProcessor.java:99)
	at org.springframework.boot.context.properties.ConfigurationPropertiesBindingPostProcessor.postProcessBeforeInitialization(ConfigurationPropertiesBindingPostProcessor.java:79)
	at org.springframework.beans.factory.support.AbstractAutowireCapableBeanFactory.applyBeanPostProcessorsBeforeInitialization(AbstractAutowireCapableBeanFactory.java:420)
	at org.springframework.beans.factory.support.AbstractAutowireCapableBeanFactory.initializeBean(AbstractAutowireCapableBeanFactory.java:1743)
	at org.springframework.beans.factory.support.AbstractAutowireCapableBeanFactory.doCreateBean(AbstractAutowireCapableBeanFactory.java:599)
	at org.springframework.beans.factory.support.AbstractAutowireCapableBeanFactory.createBean(AbstractAutowireCapableBeanFactory.java:521)
	at org.springframework.beans.factory.support.AbstractBeanFactory.lambda$doGetBean$0(AbstractBeanFactory.java:326)
	at org.springframework.beans.factory.support.DefaultSingletonBeanRegistry.getSingleton(DefaultSingletonBeanRegistry.java:234)
	at org.springframework.beans.factory.support.AbstractBeanFactory.doGetBean(AbstractBeanFactory.java:324)
	at org.springframework.beans.factory.support.AbstractBeanFactory.getBean(AbstractBeanFactory.java:200)
	at org.springframework.beans.factory.support.DefaultListableBeanFactory.preInstantiateSingletons(DefaultListableBeanFactory.java:961)
	at org.springframework.context.support.AbstractApplicationContext.finishBeanFactoryInitialization(AbstractApplicationContext.java:915)
	at org.springframework.context.support.AbstractApplicationContext.refresh(AbstractApplicationContext.java:584)
	at org.springframework.boot.SpringApplication.refresh(SpringApplication.java:730)
	at org.springframework.boot.SpringApplication.refreshContext(SpringApplication.java:432)
	at org.springframework.boot.SpringApplication.run(SpringApplication.java:308)
	at org.springframework.boot.test.context.SpringBootContextLoader.lambda$loadContext$3(SpringBootContextLoader.java:137)
	at org.springframework.util.function.ThrowingSupplier.get(ThrowingSupplier.java:59)
	at org.springframework.util.function.ThrowingSupplier.get(ThrowingSupplier.java:47)
	at org.springframework.boot.SpringApplication.withHook(SpringApplication.java:1386)
	at org.springframework.boot.test.context.SpringBootContextLoader$ContextLoaderHook.run(SpringBootContextLoader.java:543)
	at org.springframework.boot.test.context.SpringBootContextLoader.loadContext(SpringBootContextLoader.java:137)
	at org.springframework.boot.test.context.SpringBootContextLoader.loadContext(SpringBootContextLoader.java:108)
	at org.springframework.test.context.cache.DefaultCacheAwareContextLoaderDelegate.loadContextInternal(DefaultCacheAwareContextLoaderDelegate.java:184)
	at org.springframework.test.context.cache.DefaultCacheAwareContextLoaderDelegate.loadContext(DefaultCacheAwareContextLoaderDelegate.java:118)
	... 72 common frames omitted
Caused by: org.springframework.boot.context.properties.bind.BindException: Failed to bind properties under 'zoo.guide.diy.zoo-mybatis-plus' to com.ideaaedi.zoo.diy.artifact.mybatisplus.properties.ZooMybatisPlusDIYGuideProperties
	at org.springframework.boot.context.properties.bind.Binder.handleBindError(Binder.java:387)
	at org.springframework.boot.context.properties.bind.Binder.bind(Binder.java:347)
	at org.springframework.boot.context.properties.bind.Binder.bind(Binder.java:332)
	at org.springframework.boot.context.properties.bind.Binder.bind(Binder.java:262)
	at org.springframework.boot.context.properties.bind.Binder.bind(Binder.java:249)
	at org.springframework.boot.context.properties.ConfigurationPropertiesBinder.bind(ConfigurationPropertiesBinder.java:93)
	at org.springframework.boot.context.properties.ConfigurationPropertiesBindingPostProcessor.bind(ConfigurationPropertiesBindingPostProcessor.java:96)
	... 96 common frames omitted
Caused by: org.springframework.boot.context.properties.bind.validation.BindValidationException: Binding validation errors on zoo.guide.diy.zoo-mybatis-plus
   - Field error in object 'zoo.guide.diy.zoo-mybatis-plus' on field 'instruction': rejected value [null]; codes [NotBlank.zoo.guide.diy.zoo-mybatis-plus.instruction,NotBlank.instruction,NotBlank.java.lang.String,NotBlank]; arguments [org.springframework.context.support.DefaultMessageSourceResolvable: codes [zoo.guide.diy.zoo-mybatis-plus.instruction,instruction]; arguments []; default message [instruction]]; default message [diy component instruction cannot be blank.]
   - Field error in object 'zoo.guide.diy.zoo-mybatis-plus' on field 'name': rejected value [null]; codes [NotBlank.zoo.guide.diy.zoo-mybatis-plus.name,NotBlank.name,NotBlank.java.lang.String,NotBlank]; arguments [org.springframework.context.support.DefaultMessageSourceResolvable: codes [zoo.guide.diy.zoo-mybatis-plus.name,name]; arguments []; default message [name]]; default message [diy component name cannot be blank.]
	at org.springframework.boot.context.properties.bind.validation.ValidationBindHandler.validateAndPush(ValidationBindHandler.java:141)
	at org.springframework.boot.context.properties.bind.validation.ValidationBindHandler.validate(ValidationBindHandler.java:114)
	at org.springframework.boot.context.properties.bind.validation.ValidationBindHandler.onFinish(ValidationBindHandler.java:105)
	at org.springframework.boot.context.properties.bind.Binder.handleBindResult(Binder.java:363)
	at org.springframework.boot.context.properties.bind.Binder.bind(Binder.java:344)
	... 101 common frames omitted
2024-06-30 19:39:30.369 INFO  demo [] background-preinit org.hibernate.validator.internal.util.Version:21 HV000001: Hibernate Validator 8.0.0.Final
2024-06-30 19:39:30.401 INFO  demo [] main c.i.zoo.example.springboot.mybatisplus.BasicTest:51 Starting BasicTest using Java 17.0.3.1 with PID 3560 (started by 13548 in D:\working\spring-cloud-jd\zoo-example\zoo-example-springboot\zoo-example-springboot-mybatisplus)
2024-06-30 19:39:30.402 DEBUG demo [] main c.i.zoo.example.springboot.mybatisplus.BasicTest:52 Running with Spring Boot v3.0.2, Spring v6.0.4
2024-06-30 19:39:30.403 INFO  demo [] main c.i.zoo.example.springboot.mybatisplus.BasicTest:630 No active profile set, falling back to 1 default profile: "default"
2024-06-30 19:39:32.563 WARN  demo [] main o.s.w.context.support.GenericWebApplicationContext:592 Exception encountered during context initialization - cancelling refresh attempt: org.springframework.boot.context.properties.ConfigurationPropertiesBindException: Error creating bean with name 'zoo.guide.diy.zoo-mybatis-plus-com.ideaaedi.zoo.diy.artifact.mybatisplus.properties.ZooMybatisPlusDIYGuideProperties': Could not bind properties to 'ZooMybatisPlusDIYGuideProperties' : prefix=zoo.guide.diy.zoo-mybatis-plus, ignoreInvalidFields=false, ignoreUnknownFields=true
2024-06-30 19:39:32.570 INFO  demo [] main o.s.b.a.logging.ConditionEvaluationReportLogger:82 

Error starting ApplicationContext. To display the condition evaluation report re-run your application with 'debug' enabled.
2024-06-30 19:39:32.586 ERROR demo [] main o.s.b.diagnostics.LoggingFailureAnalysisReporter:40 

***************************
APPLICATION FAILED TO START
***************************

Description:

Binding to target org.springframework.boot.context.properties.bind.BindException: Failed to bind properties under 'zoo.guide.diy.zoo-mybatis-plus' to com.ideaaedi.zoo.diy.artifact.mybatisplus.properties.ZooMybatisPlusDIYGuideProperties failed:

    Property: zoo.guide.diy.zoo-mybatis-plus.instruction
    Value: "null"
    Reason: diy component instruction cannot be blank.

    Property: zoo.guide.diy.zoo-mybatis-plus.name
    Value: "null"
    Reason: diy component name cannot be blank.


Action:

Update your application's configuration

2024-06-30 19:39:32.590 ERROR demo [] main o.springframework.test.context.TestContextManager:245 Caught exception while allowing TestExecutionListener [org.springframework.test.context.web.ServletTestExecutionListener] to prepare test instance [com.ideaaedi.zoo.example.springboot.mybatisplus.BasicTest@723742b2]
java.lang.IllegalStateException: Failed to load ApplicationContext for [WebMergedContextConfiguration@48499739 testClass = com.ideaaedi.zoo.example.springboot.mybatisplus.BasicTest, locations = [], classes = [com.ideaaedi.zoo.example.springboot.mybatisplus.ExampleSpringbootMybatisPlusApplication], contextInitializerClasses = [], activeProfiles = [], propertySourceLocations = [], propertySourceProperties = ["org.springframework.boot.test.context.SpringBootTestContextBootstrapper=true"], contextCustomizers = [org.springframework.boot.test.context.filter.ExcludeFilterContextCustomizer@58695725, org.springframework.boot.test.json.DuplicateJsonObjectContextCustomizerFactory$DuplicateJsonObjectContextCustomizer@25fb8912, org.springframework.boot.test.mock.mockito.MockitoContextCustomizer@0, org.springframework.boot.test.web.client.TestRestTemplateContextCustomizer@7c711375, org.springframework.boot.test.autoconfigure.actuate.observability.ObservabilityContextCustomizerFactory$DisableObservabilityContextCustomizer@9da1, org.springframework.boot.test.autoconfigure.properties.PropertyMappingContextCustomizer@0, org.springframework.boot.test.autoconfigure.web.servlet.WebDriverContextCustomizerFactory$Customizer@61001b64, org.springframework.boot.test.context.SpringBootTestAnnotation@426e704a], resourceBasePath = "src/main/webapp", contextLoader = org.springframework.boot.test.context.SpringBootContextLoader, parent = null]
	at org.springframework.test.context.cache.DefaultCacheAwareContextLoaderDelegate.loadContext(DefaultCacheAwareContextLoaderDelegate.java:142)
	at org.springframework.test.context.support.DefaultTestContext.getApplicationContext(DefaultTestContext.java:127)
	at org.springframework.test.context.web.ServletTestExecutionListener.setUpRequestContextIfNecessary(ServletTestExecutionListener.java:191)
	at org.springframework.test.context.web.ServletTestExecutionListener.prepareTestInstance(ServletTestExecutionListener.java:130)
	at org.springframework.test.context.TestContextManager.prepareTestInstance(TestContextManager.java:241)
	at org.springframework.test.context.junit.jupiter.SpringExtension.postProcessTestInstance(SpringExtension.java:138)
	at org.junit.jupiter.engine.descriptor.ClassBasedTestDescriptor.lambda$invokeTestInstancePostProcessors$10(ClassBasedTestDescriptor.java:377)
	at org.junit.jupiter.engine.descriptor.ClassBasedTestDescriptor.executeAndMaskThrowable(ClassBasedTestDescriptor.java:382)
	at org.junit.jupiter.engine.descriptor.ClassBasedTestDescriptor.lambda$invokeTestInstancePostProcessors$11(ClassBasedTestDescriptor.java:377)
	at java.base/java.util.stream.ReferencePipeline$3$1.accept(ReferencePipeline.java:197)
	at java.base/java.util.stream.ReferencePipeline$2$1.accept(ReferencePipeline.java:179)
	at java.base/java.util.ArrayList$ArrayListSpliterator.forEachRemaining(ArrayList.java:1625)
	at java.base/java.util.stream.AbstractPipeline.copyInto(AbstractPipeline.java:509)
	at java.base/java.util.stream.AbstractPipeline.wrapAndCopyInto(AbstractPipeline.java:499)
	at java.base/java.util.stream.StreamSpliterators$WrappingSpliterator.forEachRemaining(StreamSpliterators.java:310)
	at java.base/java.util.stream.Streams$ConcatSpliterator.forEachRemaining(Streams.java:735)
	at java.base/java.util.stream.Streams$ConcatSpliterator.forEachRemaining(Streams.java:734)
	at java.base/java.util.stream.ReferencePipeline$Head.forEach(ReferencePipeline.java:762)
	at org.junit.jupiter.engine.descriptor.ClassBasedTestDescriptor.invokeTestInstancePostProcessors(ClassBasedTestDescriptor.java:376)
	at org.junit.jupiter.engine.descriptor.ClassBasedTestDescriptor.lambda$instantiateAndPostProcessTestInstance$6(ClassBasedTestDescriptor.java:289)
	at org.junit.platform.engine.support.hierarchical.ThrowableCollector.execute(ThrowableCollector.java:73)
	at org.junit.jupiter.engine.descriptor.ClassBasedTestDescriptor.instantiateAndPostProcessTestInstance(ClassBasedTestDescriptor.java:288)
	at org.junit.jupiter.engine.descriptor.ClassBasedTestDescriptor.lambda$testInstancesProvider$4(ClassBasedTestDescriptor.java:278)
	at java.base/java.util.Optional.orElseGet(Optional.java:364)
	at org.junit.jupiter.engine.descriptor.ClassBasedTestDescriptor.lambda$testInstancesProvider$5(ClassBasedTestDescriptor.java:277)
	at org.junit.jupiter.engine.execution.TestInstancesProvider.getTestInstances(TestInstancesProvider.java:31)
	at org.junit.jupiter.engine.descriptor.TestMethodTestDescriptor.lambda$prepare$0(TestMethodTestDescriptor.java:105)
	at org.junit.platform.engine.support.hierarchical.ThrowableCollector.execute(ThrowableCollector.java:73)
	at org.junit.jupiter.engine.descriptor.TestMethodTestDescriptor.prepare(TestMethodTestDescriptor.java:104)
	at org.junit.jupiter.engine.descriptor.TestMethodTestDescriptor.prepare(TestMethodTestDescriptor.java:68)
	at org.junit.platform.engine.support.hierarchical.NodeTestTask.lambda$prepare$2(NodeTestTask.java:123)
	at org.junit.platform.engine.support.hierarchical.ThrowableCollector.execute(ThrowableCollector.java:73)
	at org.junit.platform.engine.support.hierarchical.NodeTestTask.prepare(NodeTestTask.java:123)
	at org.junit.platform.engine.support.hierarchical.NodeTestTask.execute(NodeTestTask.java:90)
	at java.base/java.util.ArrayList.forEach(ArrayList.java:1511)
	at org.junit.platform.engine.support.hierarchical.SameThreadHierarchicalTestExecutorService.invokeAll(SameThreadHierarchicalTestExecutorService.java:41)
	at org.junit.platform.engine.support.hierarchical.NodeTestTask.lambda$executeRecursively$6(NodeTestTask.java:155)
	at org.junit.platform.engine.support.hierarchical.ThrowableCollector.execute(ThrowableCollector.java:73)
	at org.junit.platform.engine.support.hierarchical.NodeTestTask.lambda$executeRecursively$8(NodeTestTask.java:141)
	at org.junit.platform.engine.support.hierarchical.Node.around(Node.java:137)
	at org.junit.platform.engine.support.hierarchical.NodeTestTask.lambda$executeRecursively$9(NodeTestTask.java:139)
	at org.junit.platform.engine.support.hierarchical.ThrowableCollector.execute(ThrowableCollector.java:73)
	at org.junit.platform.engine.support.hierarchical.NodeTestTask.executeRecursively(NodeTestTask.java:138)
	at org.junit.platform.engine.support.hierarchical.NodeTestTask.execute(NodeTestTask.java:95)
	at java.base/java.util.ArrayList.forEach(ArrayList.java:1511)
	at org.junit.platform.engine.support.hierarchical.SameThreadHierarchicalTestExecutorService.invokeAll(SameThreadHierarchicalTestExecutorService.java:41)
	at org.junit.platform.engine.support.hierarchical.NodeTestTask.lambda$executeRecursively$6(NodeTestTask.java:155)
	at org.junit.platform.engine.support.hierarchical.ThrowableCollector.execute(ThrowableCollector.java:73)
	at org.junit.platform.engine.support.hierarchical.NodeTestTask.lambda$executeRecursively$8(NodeTestTask.java:141)
	at org.junit.platform.engine.support.hierarchical.Node.around(Node.java:137)
	at org.junit.platform.engine.support.hierarchical.NodeTestTask.lambda$executeRecursively$9(NodeTestTask.java:139)
	at org.junit.platform.engine.support.hierarchical.ThrowableCollector.execute(ThrowableCollector.java:73)
	at org.junit.platform.engine.support.hierarchical.NodeTestTask.executeRecursively(NodeTestTask.java:138)
	at org.junit.platform.engine.support.hierarchical.NodeTestTask.execute(NodeTestTask.java:95)
	at org.junit.platform.engine.support.hierarchical.SameThreadHierarchicalTestExecutorService.submit(SameThreadHierarchicalTestExecutorService.java:35)
	at org.junit.platform.engine.support.hierarchical.HierarchicalTestExecutor.execute(HierarchicalTestExecutor.java:57)
	at org.junit.platform.engine.support.hierarchical.HierarchicalTestEngine.execute(HierarchicalTestEngine.java:54)
	at org.junit.platform.launcher.core.EngineExecutionOrchestrator.execute(EngineExecutionOrchestrator.java:147)
	at org.junit.platform.launcher.core.EngineExecutionOrchestrator.execute(EngineExecutionOrchestrator.java:127)
	at org.junit.platform.launcher.core.EngineExecutionOrchestrator.execute(EngineExecutionOrchestrator.java:90)
	at org.junit.platform.launcher.core.EngineExecutionOrchestrator.lambda$execute$0(EngineExecutionOrchestrator.java:55)
	at org.junit.platform.launcher.core.EngineExecutionOrchestrator.withInterceptedStreams(EngineExecutionOrchestrator.java:102)
	at org.junit.platform.launcher.core.EngineExecutionOrchestrator.execute(EngineExecutionOrchestrator.java:54)
	at org.junit.platform.launcher.core.DefaultLauncher.execute(DefaultLauncher.java:114)
	at org.junit.platform.launcher.core.DefaultLauncher.execute(DefaultLauncher.java:86)
	at org.junit.platform.launcher.core.DefaultLauncherSession$DelegatingLauncher.execute(DefaultLauncherSession.java:86)
	at org.junit.platform.launcher.core.SessionPerRequestLauncher.execute(SessionPerRequestLauncher.java:53)
	at com.intellij.junit5.JUnit5IdeaTestRunner.startRunnerWithArgs(JUnit5IdeaTestRunner.java:57)
	at com.intellij.rt.junit.IdeaTestRunner$Repeater$1.execute(IdeaTestRunner.java:38)
	at com.intellij.rt.execution.junit.TestsRepeater.repeat(TestsRepeater.java:11)
	at com.intellij.rt.junit.IdeaTestRunner$Repeater.startRunnerWithArgs(IdeaTestRunner.java:35)
	at com.intellij.rt.junit.JUnitStarter.prepareStreamsAndStart(JUnitStarter.java:235)
	at com.intellij.rt.junit.JUnitStarter.main(JUnitStarter.java:54)
Caused by: org.springframework.boot.context.properties.ConfigurationPropertiesBindException: Error creating bean with name 'zoo.guide.diy.zoo-mybatis-plus-com.ideaaedi.zoo.diy.artifact.mybatisplus.properties.ZooMybatisPlusDIYGuideProperties': Could not bind properties to 'ZooMybatisPlusDIYGuideProperties' : prefix=zoo.guide.diy.zoo-mybatis-plus, ignoreInvalidFields=false, ignoreUnknownFields=true
	at org.springframework.boot.context.properties.ConfigurationPropertiesBindingPostProcessor.bind(ConfigurationPropertiesBindingPostProcessor.java:99)
	at org.springframework.boot.context.properties.ConfigurationPropertiesBindingPostProcessor.postProcessBeforeInitialization(ConfigurationPropertiesBindingPostProcessor.java:79)
	at org.springframework.beans.factory.support.AbstractAutowireCapableBeanFactory.applyBeanPostProcessorsBeforeInitialization(AbstractAutowireCapableBeanFactory.java:420)
	at org.springframework.beans.factory.support.AbstractAutowireCapableBeanFactory.initializeBean(AbstractAutowireCapableBeanFactory.java:1743)
	at org.springframework.beans.factory.support.AbstractAutowireCapableBeanFactory.doCreateBean(AbstractAutowireCapableBeanFactory.java:599)
	at org.springframework.beans.factory.support.AbstractAutowireCapableBeanFactory.createBean(AbstractAutowireCapableBeanFactory.java:521)
	at org.springframework.beans.factory.support.AbstractBeanFactory.lambda$doGetBean$0(AbstractBeanFactory.java:326)
	at org.springframework.beans.factory.support.DefaultSingletonBeanRegistry.getSingleton(DefaultSingletonBeanRegistry.java:234)
	at org.springframework.beans.factory.support.AbstractBeanFactory.doGetBean(AbstractBeanFactory.java:324)
	at org.springframework.beans.factory.support.AbstractBeanFactory.getBean(AbstractBeanFactory.java:200)
	at org.springframework.beans.factory.support.DefaultListableBeanFactory.preInstantiateSingletons(DefaultListableBeanFactory.java:961)
	at org.springframework.context.support.AbstractApplicationContext.finishBeanFactoryInitialization(AbstractApplicationContext.java:915)
	at org.springframework.context.support.AbstractApplicationContext.refresh(AbstractApplicationContext.java:584)
	at org.springframework.boot.SpringApplication.refresh(SpringApplication.java:730)
	at org.springframework.boot.SpringApplication.refreshContext(SpringApplication.java:432)
	at org.springframework.boot.SpringApplication.run(SpringApplication.java:308)
	at org.springframework.boot.test.context.SpringBootContextLoader.lambda$loadContext$3(SpringBootContextLoader.java:137)
	at org.springframework.util.function.ThrowingSupplier.get(ThrowingSupplier.java:59)
	at org.springframework.util.function.ThrowingSupplier.get(ThrowingSupplier.java:47)
	at org.springframework.boot.SpringApplication.withHook(SpringApplication.java:1386)
	at org.springframework.boot.test.context.SpringBootContextLoader$ContextLoaderHook.run(SpringBootContextLoader.java:543)
	at org.springframework.boot.test.context.SpringBootContextLoader.loadContext(SpringBootContextLoader.java:137)
	at org.springframework.boot.test.context.SpringBootContextLoader.loadContext(SpringBootContextLoader.java:108)
	at org.springframework.test.context.cache.DefaultCacheAwareContextLoaderDelegate.loadContextInternal(DefaultCacheAwareContextLoaderDelegate.java:184)
	at org.springframework.test.context.cache.DefaultCacheAwareContextLoaderDelegate.loadContext(DefaultCacheAwareContextLoaderDelegate.java:118)
	... 72 common frames omitted
Caused by: org.springframework.boot.context.properties.bind.BindException: Failed to bind properties under 'zoo.guide.diy.zoo-mybatis-plus' to com.ideaaedi.zoo.diy.artifact.mybatisplus.properties.ZooMybatisPlusDIYGuideProperties
	at org.springframework.boot.context.properties.bind.Binder.handleBindError(Binder.java:387)
	at org.springframework.boot.context.properties.bind.Binder.bind(Binder.java:347)
	at org.springframework.boot.context.properties.bind.Binder.bind(Binder.java:332)
	at org.springframework.boot.context.properties.bind.Binder.bind(Binder.java:262)
	at org.springframework.boot.context.properties.bind.Binder.bind(Binder.java:249)
	at org.springframework.boot.context.properties.ConfigurationPropertiesBinder.bind(ConfigurationPropertiesBinder.java:93)
	at org.springframework.boot.context.properties.ConfigurationPropertiesBindingPostProcessor.bind(ConfigurationPropertiesBindingPostProcessor.java:96)
	... 96 common frames omitted
Caused by: org.springframework.boot.context.properties.bind.validation.BindValidationException: Binding validation errors on zoo.guide.diy.zoo-mybatis-plus
   - Field error in object 'zoo.guide.diy.zoo-mybatis-plus' on field 'instruction': rejected value [null]; codes [NotBlank.zoo.guide.diy.zoo-mybatis-plus.instruction,NotBlank.instruction,NotBlank.java.lang.String,NotBlank]; arguments [org.springframework.context.support.DefaultMessageSourceResolvable: codes [zoo.guide.diy.zoo-mybatis-plus.instruction,instruction]; arguments []; default message [instruction]]; default message [diy component instruction cannot be blank.]
   - Field error in object 'zoo.guide.diy.zoo-mybatis-plus' on field 'name': rejected value [null]; codes [NotBlank.zoo.guide.diy.zoo-mybatis-plus.name,NotBlank.name,NotBlank.java.lang.String,NotBlank]; arguments [org.springframework.context.support.DefaultMessageSourceResolvable: codes [zoo.guide.diy.zoo-mybatis-plus.name,name]; arguments []; default message [name]]; default message [diy component name cannot be blank.]
	at org.springframework.boot.context.properties.bind.validation.ValidationBindHandler.validateAndPush(ValidationBindHandler.java:141)
	at org.springframework.boot.context.properties.bind.validation.ValidationBindHandler.validate(ValidationBindHandler.java:114)
	at org.springframework.boot.context.properties.bind.validation.ValidationBindHandler.onFinish(ValidationBindHandler.java:105)
	at org.springframework.boot.context.properties.bind.Binder.handleBindResult(Binder.java:363)
	at org.springframework.boot.context.properties.bind.Binder.bind(Binder.java:344)
	... 101 common frames omitted
2024-06-30 19:42:19.568 INFO  demo [] background-preinit org.hibernate.validator.internal.util.Version:21 HV000001: Hibernate Validator 8.0.0.Final
2024-06-30 19:42:19.602 INFO  demo [] main c.i.zoo.example.springboot.mybatisplus.BasicTest:51 Starting BasicTest using Java 17.0.3.1 with PID 7536 (started by 13548 in D:\working\spring-cloud-jd\zoo-example\zoo-example-springboot\zoo-example-springboot-mybatisplus)
2024-06-30 19:42:19.604 DEBUG demo [] main c.i.zoo.example.springboot.mybatisplus.BasicTest:52 Running with Spring Boot v3.0.2, Spring v6.0.4
2024-06-30 19:42:19.605 INFO  demo [] main c.i.zoo.example.springboot.mybatisplus.BasicTest:630 No active profile set, falling back to 1 default profile: "default"
2024-06-30 19:42:21.567 WARN  demo [] main o.s.w.context.support.GenericWebApplicationContext:592 Exception encountered during context initialization - cancelling refresh attempt: org.springframework.boot.context.properties.ConfigurationPropertiesBindException: Error creating bean with name 'zoo.guide.diy.zoo-mybatis-plus-com.ideaaedi.zoo.diy.artifact.mybatisplus.properties.ZooMybatisPlusDIYGuideProperties': Could not bind properties to 'ZooMybatisPlusDIYGuideProperties' : prefix=zoo.guide.diy.zoo-mybatis-plus, ignoreInvalidFields=false, ignoreUnknownFields=true
2024-06-30 19:42:21.576 INFO  demo [] main o.s.b.a.logging.ConditionEvaluationReportLogger:82 

Error starting ApplicationContext. To display the condition evaluation report re-run your application with 'debug' enabled.
2024-06-30 19:42:21.594 ERROR demo [] main o.s.b.diagnostics.LoggingFailureAnalysisReporter:40 

***************************
APPLICATION FAILED TO START
***************************

Description:

Binding to target org.springframework.boot.context.properties.bind.BindException: Failed to bind properties under 'zoo.guide.diy.zoo-mybatis-plus' to com.ideaaedi.zoo.diy.artifact.mybatisplus.properties.ZooMybatisPlusDIYGuideProperties failed:

    Property: zoo.guide.diy.zoo-mybatis-plus.name
    Value: "null"
    Reason: diy component name cannot be blank.

    Property: zoo.guide.diy.zoo-mybatis-plus.instruction
    Value: "null"
    Reason: diy component instruction cannot be blank.


Action:

Update your application's configuration

2024-06-30 19:42:21.600 ERROR demo [] main o.springframework.test.context.TestContextManager:245 Caught exception while allowing TestExecutionListener [org.springframework.test.context.web.ServletTestExecutionListener] to prepare test instance [com.ideaaedi.zoo.example.springboot.mybatisplus.BasicTest@561f9d92]
java.lang.IllegalStateException: Failed to load ApplicationContext for [WebMergedContextConfiguration@46bb0bdf testClass = com.ideaaedi.zoo.example.springboot.mybatisplus.BasicTest, locations = [], classes = [com.ideaaedi.zoo.example.springboot.mybatisplus.ExampleSpringbootMybatisPlusApplication], contextInitializerClasses = [], activeProfiles = [], propertySourceLocations = [], propertySourceProperties = ["org.springframework.boot.test.context.SpringBootTestContextBootstrapper=true"], contextCustomizers = [org.springframework.boot.test.context.filter.ExcludeFilterContextCustomizer@58695725, org.springframework.boot.test.json.DuplicateJsonObjectContextCustomizerFactory$DuplicateJsonObjectContextCustomizer@25fb8912, org.springframework.boot.test.mock.mockito.MockitoContextCustomizer@0, org.springframework.boot.test.web.client.TestRestTemplateContextCustomizer@7c711375, org.springframework.boot.test.autoconfigure.actuate.observability.ObservabilityContextCustomizerFactory$DisableObservabilityContextCustomizer@9da1, org.springframework.boot.test.autoconfigure.properties.PropertyMappingContextCustomizer@0, org.springframework.boot.test.autoconfigure.web.servlet.WebDriverContextCustomizerFactory$Customizer@61001b64, org.springframework.boot.test.context.SpringBootTestAnnotation@426e704a], resourceBasePath = "src/main/webapp", contextLoader = org.springframework.boot.test.context.SpringBootContextLoader, parent = null]
	at org.springframework.test.context.cache.DefaultCacheAwareContextLoaderDelegate.loadContext(DefaultCacheAwareContextLoaderDelegate.java:142)
	at org.springframework.test.context.support.DefaultTestContext.getApplicationContext(DefaultTestContext.java:127)
	at org.springframework.test.context.web.ServletTestExecutionListener.setUpRequestContextIfNecessary(ServletTestExecutionListener.java:191)
	at org.springframework.test.context.web.ServletTestExecutionListener.prepareTestInstance(ServletTestExecutionListener.java:130)
	at org.springframework.test.context.TestContextManager.prepareTestInstance(TestContextManager.java:241)
	at org.springframework.test.context.junit.jupiter.SpringExtension.postProcessTestInstance(SpringExtension.java:138)
	at org.junit.jupiter.engine.descriptor.ClassBasedTestDescriptor.lambda$invokeTestInstancePostProcessors$10(ClassBasedTestDescriptor.java:377)
	at org.junit.jupiter.engine.descriptor.ClassBasedTestDescriptor.executeAndMaskThrowable(ClassBasedTestDescriptor.java:382)
	at org.junit.jupiter.engine.descriptor.ClassBasedTestDescriptor.lambda$invokeTestInstancePostProcessors$11(ClassBasedTestDescriptor.java:377)
	at java.base/java.util.stream.ReferencePipeline$3$1.accept(ReferencePipeline.java:197)
	at java.base/java.util.stream.ReferencePipeline$2$1.accept(ReferencePipeline.java:179)
	at java.base/java.util.ArrayList$ArrayListSpliterator.forEachRemaining(ArrayList.java:1625)
	at java.base/java.util.stream.AbstractPipeline.copyInto(AbstractPipeline.java:509)
	at java.base/java.util.stream.AbstractPipeline.wrapAndCopyInto(AbstractPipeline.java:499)
	at java.base/java.util.stream.StreamSpliterators$WrappingSpliterator.forEachRemaining(StreamSpliterators.java:310)
	at java.base/java.util.stream.Streams$ConcatSpliterator.forEachRemaining(Streams.java:735)
	at java.base/java.util.stream.Streams$ConcatSpliterator.forEachRemaining(Streams.java:734)
	at java.base/java.util.stream.ReferencePipeline$Head.forEach(ReferencePipeline.java:762)
	at org.junit.jupiter.engine.descriptor.ClassBasedTestDescriptor.invokeTestInstancePostProcessors(ClassBasedTestDescriptor.java:376)
	at org.junit.jupiter.engine.descriptor.ClassBasedTestDescriptor.lambda$instantiateAndPostProcessTestInstance$6(ClassBasedTestDescriptor.java:289)
	at org.junit.platform.engine.support.hierarchical.ThrowableCollector.execute(ThrowableCollector.java:73)
	at org.junit.jupiter.engine.descriptor.ClassBasedTestDescriptor.instantiateAndPostProcessTestInstance(ClassBasedTestDescriptor.java:288)
	at org.junit.jupiter.engine.descriptor.ClassBasedTestDescriptor.lambda$testInstancesProvider$4(ClassBasedTestDescriptor.java:278)
	at java.base/java.util.Optional.orElseGet(Optional.java:364)
	at org.junit.jupiter.engine.descriptor.ClassBasedTestDescriptor.lambda$testInstancesProvider$5(ClassBasedTestDescriptor.java:277)
	at org.junit.jupiter.engine.execution.TestInstancesProvider.getTestInstances(TestInstancesProvider.java:31)
	at org.junit.jupiter.engine.descriptor.TestMethodTestDescriptor.lambda$prepare$0(TestMethodTestDescriptor.java:105)
	at org.junit.platform.engine.support.hierarchical.ThrowableCollector.execute(ThrowableCollector.java:73)
	at org.junit.jupiter.engine.descriptor.TestMethodTestDescriptor.prepare(TestMethodTestDescriptor.java:104)
	at org.junit.jupiter.engine.descriptor.TestMethodTestDescriptor.prepare(TestMethodTestDescriptor.java:68)
	at org.junit.platform.engine.support.hierarchical.NodeTestTask.lambda$prepare$2(NodeTestTask.java:123)
	at org.junit.platform.engine.support.hierarchical.ThrowableCollector.execute(ThrowableCollector.java:73)
	at org.junit.platform.engine.support.hierarchical.NodeTestTask.prepare(NodeTestTask.java:123)
	at org.junit.platform.engine.support.hierarchical.NodeTestTask.execute(NodeTestTask.java:90)
	at java.base/java.util.ArrayList.forEach(ArrayList.java:1511)
	at org.junit.platform.engine.support.hierarchical.SameThreadHierarchicalTestExecutorService.invokeAll(SameThreadHierarchicalTestExecutorService.java:41)
	at org.junit.platform.engine.support.hierarchical.NodeTestTask.lambda$executeRecursively$6(NodeTestTask.java:155)
	at org.junit.platform.engine.support.hierarchical.ThrowableCollector.execute(ThrowableCollector.java:73)
	at org.junit.platform.engine.support.hierarchical.NodeTestTask.lambda$executeRecursively$8(NodeTestTask.java:141)
	at org.junit.platform.engine.support.hierarchical.Node.around(Node.java:137)
	at org.junit.platform.engine.support.hierarchical.NodeTestTask.lambda$executeRecursively$9(NodeTestTask.java:139)
	at org.junit.platform.engine.support.hierarchical.ThrowableCollector.execute(ThrowableCollector.java:73)
	at org.junit.platform.engine.support.hierarchical.NodeTestTask.executeRecursively(NodeTestTask.java:138)
	at org.junit.platform.engine.support.hierarchical.NodeTestTask.execute(NodeTestTask.java:95)
	at java.base/java.util.ArrayList.forEach(ArrayList.java:1511)
	at org.junit.platform.engine.support.hierarchical.SameThreadHierarchicalTestExecutorService.invokeAll(SameThreadHierarchicalTestExecutorService.java:41)
	at org.junit.platform.engine.support.hierarchical.NodeTestTask.lambda$executeRecursively$6(NodeTestTask.java:155)
	at org.junit.platform.engine.support.hierarchical.ThrowableCollector.execute(ThrowableCollector.java:73)
	at org.junit.platform.engine.support.hierarchical.NodeTestTask.lambda$executeRecursively$8(NodeTestTask.java:141)
	at org.junit.platform.engine.support.hierarchical.Node.around(Node.java:137)
	at org.junit.platform.engine.support.hierarchical.NodeTestTask.lambda$executeRecursively$9(NodeTestTask.java:139)
	at org.junit.platform.engine.support.hierarchical.ThrowableCollector.execute(ThrowableCollector.java:73)
	at org.junit.platform.engine.support.hierarchical.NodeTestTask.executeRecursively(NodeTestTask.java:138)
	at org.junit.platform.engine.support.hierarchical.NodeTestTask.execute(NodeTestTask.java:95)
	at org.junit.platform.engine.support.hierarchical.SameThreadHierarchicalTestExecutorService.submit(SameThreadHierarchicalTestExecutorService.java:35)
	at org.junit.platform.engine.support.hierarchical.HierarchicalTestExecutor.execute(HierarchicalTestExecutor.java:57)
	at org.junit.platform.engine.support.hierarchical.HierarchicalTestEngine.execute(HierarchicalTestEngine.java:54)
	at org.junit.platform.launcher.core.EngineExecutionOrchestrator.execute(EngineExecutionOrchestrator.java:147)
	at org.junit.platform.launcher.core.EngineExecutionOrchestrator.execute(EngineExecutionOrchestrator.java:127)
	at org.junit.platform.launcher.core.EngineExecutionOrchestrator.execute(EngineExecutionOrchestrator.java:90)
	at org.junit.platform.launcher.core.EngineExecutionOrchestrator.lambda$execute$0(EngineExecutionOrchestrator.java:55)
	at org.junit.platform.launcher.core.EngineExecutionOrchestrator.withInterceptedStreams(EngineExecutionOrchestrator.java:102)
	at org.junit.platform.launcher.core.EngineExecutionOrchestrator.execute(EngineExecutionOrchestrator.java:54)
	at org.junit.platform.launcher.core.DefaultLauncher.execute(DefaultLauncher.java:114)
	at org.junit.platform.launcher.core.DefaultLauncher.execute(DefaultLauncher.java:86)
	at org.junit.platform.launcher.core.DefaultLauncherSession$DelegatingLauncher.execute(DefaultLauncherSession.java:86)
	at org.junit.platform.launcher.core.SessionPerRequestLauncher.execute(SessionPerRequestLauncher.java:53)
	at com.intellij.junit5.JUnit5IdeaTestRunner.startRunnerWithArgs(JUnit5IdeaTestRunner.java:57)
	at com.intellij.rt.junit.IdeaTestRunner$Repeater$1.execute(IdeaTestRunner.java:38)
	at com.intellij.rt.execution.junit.TestsRepeater.repeat(TestsRepeater.java:11)
	at com.intellij.rt.junit.IdeaTestRunner$Repeater.startRunnerWithArgs(IdeaTestRunner.java:35)
	at com.intellij.rt.junit.JUnitStarter.prepareStreamsAndStart(JUnitStarter.java:235)
	at com.intellij.rt.junit.JUnitStarter.main(JUnitStarter.java:54)
Caused by: org.springframework.boot.context.properties.ConfigurationPropertiesBindException: Error creating bean with name 'zoo.guide.diy.zoo-mybatis-plus-com.ideaaedi.zoo.diy.artifact.mybatisplus.properties.ZooMybatisPlusDIYGuideProperties': Could not bind properties to 'ZooMybatisPlusDIYGuideProperties' : prefix=zoo.guide.diy.zoo-mybatis-plus, ignoreInvalidFields=false, ignoreUnknownFields=true
	at org.springframework.boot.context.properties.ConfigurationPropertiesBindingPostProcessor.bind(ConfigurationPropertiesBindingPostProcessor.java:99)
	at org.springframework.boot.context.properties.ConfigurationPropertiesBindingPostProcessor.postProcessBeforeInitialization(ConfigurationPropertiesBindingPostProcessor.java:79)
	at org.springframework.beans.factory.support.AbstractAutowireCapableBeanFactory.applyBeanPostProcessorsBeforeInitialization(AbstractAutowireCapableBeanFactory.java:420)
	at org.springframework.beans.factory.support.AbstractAutowireCapableBeanFactory.initializeBean(AbstractAutowireCapableBeanFactory.java:1743)
	at org.springframework.beans.factory.support.AbstractAutowireCapableBeanFactory.doCreateBean(AbstractAutowireCapableBeanFactory.java:599)
	at org.springframework.beans.factory.support.AbstractAutowireCapableBeanFactory.createBean(AbstractAutowireCapableBeanFactory.java:521)
	at org.springframework.beans.factory.support.AbstractBeanFactory.lambda$doGetBean$0(AbstractBeanFactory.java:326)
	at org.springframework.beans.factory.support.DefaultSingletonBeanRegistry.getSingleton(DefaultSingletonBeanRegistry.java:234)
	at org.springframework.beans.factory.support.AbstractBeanFactory.doGetBean(AbstractBeanFactory.java:324)
	at org.springframework.beans.factory.support.AbstractBeanFactory.getBean(AbstractBeanFactory.java:200)
	at org.springframework.beans.factory.support.DefaultListableBeanFactory.preInstantiateSingletons(DefaultListableBeanFactory.java:961)
	at org.springframework.context.support.AbstractApplicationContext.finishBeanFactoryInitialization(AbstractApplicationContext.java:915)
	at org.springframework.context.support.AbstractApplicationContext.refresh(AbstractApplicationContext.java:584)
	at org.springframework.boot.SpringApplication.refresh(SpringApplication.java:730)
	at org.springframework.boot.SpringApplication.refreshContext(SpringApplication.java:432)
	at org.springframework.boot.SpringApplication.run(SpringApplication.java:308)
	at org.springframework.boot.test.context.SpringBootContextLoader.lambda$loadContext$3(SpringBootContextLoader.java:137)
	at org.springframework.util.function.ThrowingSupplier.get(ThrowingSupplier.java:59)
	at org.springframework.util.function.ThrowingSupplier.get(ThrowingSupplier.java:47)
	at org.springframework.boot.SpringApplication.withHook(SpringApplication.java:1386)
	at org.springframework.boot.test.context.SpringBootContextLoader$ContextLoaderHook.run(SpringBootContextLoader.java:543)
	at org.springframework.boot.test.context.SpringBootContextLoader.loadContext(SpringBootContextLoader.java:137)
	at org.springframework.boot.test.context.SpringBootContextLoader.loadContext(SpringBootContextLoader.java:108)
	at org.springframework.test.context.cache.DefaultCacheAwareContextLoaderDelegate.loadContextInternal(DefaultCacheAwareContextLoaderDelegate.java:184)
	at org.springframework.test.context.cache.DefaultCacheAwareContextLoaderDelegate.loadContext(DefaultCacheAwareContextLoaderDelegate.java:118)
	... 72 common frames omitted
Caused by: org.springframework.boot.context.properties.bind.BindException: Failed to bind properties under 'zoo.guide.diy.zoo-mybatis-plus' to com.ideaaedi.zoo.diy.artifact.mybatisplus.properties.ZooMybatisPlusDIYGuideProperties
	at org.springframework.boot.context.properties.bind.Binder.handleBindError(Binder.java:387)
	at org.springframework.boot.context.properties.bind.Binder.bind(Binder.java:347)
	at org.springframework.boot.context.properties.bind.Binder.bind(Binder.java:332)
	at org.springframework.boot.context.properties.bind.Binder.bind(Binder.java:262)
	at org.springframework.boot.context.properties.bind.Binder.bind(Binder.java:249)
	at org.springframework.boot.context.properties.ConfigurationPropertiesBinder.bind(ConfigurationPropertiesBinder.java:93)
	at org.springframework.boot.context.properties.ConfigurationPropertiesBindingPostProcessor.bind(ConfigurationPropertiesBindingPostProcessor.java:96)
	... 96 common frames omitted
Caused by: org.springframework.boot.context.properties.bind.validation.BindValidationException: Binding validation errors on zoo.guide.diy.zoo-mybatis-plus
   - Field error in object 'zoo.guide.diy.zoo-mybatis-plus' on field 'name': rejected value [null]; codes [NotBlank.zoo.guide.diy.zoo-mybatis-plus.name,NotBlank.name,NotBlank.java.lang.String,NotBlank]; arguments [org.springframework.context.support.DefaultMessageSourceResolvable: codes [zoo.guide.diy.zoo-mybatis-plus.name,name]; arguments []; default message [name]]; default message [diy component name cannot be blank.]
   - Field error in object 'zoo.guide.diy.zoo-mybatis-plus' on field 'instruction': rejected value [null]; codes [NotBlank.zoo.guide.diy.zoo-mybatis-plus.instruction,NotBlank.instruction,NotBlank.java.lang.String,NotBlank]; arguments [org.springframework.context.support.DefaultMessageSourceResolvable: codes [zoo.guide.diy.zoo-mybatis-plus.instruction,instruction]; arguments []; default message [instruction]]; default message [diy component instruction cannot be blank.]
	at org.springframework.boot.context.properties.bind.validation.ValidationBindHandler.validateAndPush(ValidationBindHandler.java:141)
	at org.springframework.boot.context.properties.bind.validation.ValidationBindHandler.validate(ValidationBindHandler.java:114)
	at org.springframework.boot.context.properties.bind.validation.ValidationBindHandler.onFinish(ValidationBindHandler.java:105)
	at org.springframework.boot.context.properties.bind.Binder.handleBindResult(Binder.java:363)
	at org.springframework.boot.context.properties.bind.Binder.bind(Binder.java:344)
	... 101 common frames omitted
2024-06-30 19:51:20.058 INFO  demo [] background-preinit org.hibernate.validator.internal.util.Version:21 HV000001: Hibernate Validator 8.0.0.Final
2024-06-30 19:51:20.091 INFO  demo [] main c.i.zoo.example.springboot.mybatisplus.BasicTest:51 Starting BasicTest using Java 17.0.3.1 with PID 10688 (started by 13548 in D:\working\spring-cloud-jd\zoo-example\zoo-example-springboot\zoo-example-springboot-mybatisplus)
2024-06-30 19:51:20.092 DEBUG demo [] main c.i.zoo.example.springboot.mybatisplus.BasicTest:52 Running with Spring Boot v3.0.2, Spring v6.0.4
2024-06-30 19:51:20.093 INFO  demo [] main c.i.zoo.example.springboot.mybatisplus.BasicTest:630 No active profile set, falling back to 1 default profile: "default"
2024-06-30 19:51:22.205 WARN  demo [] main o.s.w.context.support.GenericWebApplicationContext:592 Exception encountered during context initialization - cancelling refresh attempt: org.springframework.boot.context.properties.ConfigurationPropertiesBindException: Error creating bean with name 'zoo.guide.diy.zoo-mybatis-plus-com.ideaaedi.zoo.diy.artifact.mybatisplus.properties.ZooMybatisPlusDIYGuideProperties': Could not bind properties to 'ZooMybatisPlusDIYGuideProperties' : prefix=zoo.guide.diy.zoo-mybatis-plus, ignoreInvalidFields=false, ignoreUnknownFields=true
2024-06-30 19:51:22.217 INFO  demo [] main o.s.b.a.logging.ConditionEvaluationReportLogger:82 

Error starting ApplicationContext. To display the condition evaluation report re-run your application with 'debug' enabled.
2024-06-30 19:51:22.236 ERROR demo [] main o.s.b.diagnostics.LoggingFailureAnalysisReporter:40 

***************************
APPLICATION FAILED TO START
***************************

Description:

Binding to target org.springframework.boot.context.properties.bind.BindException: Failed to bind properties under 'zoo.guide.diy.zoo-mybatis-plus' to com.ideaaedi.zoo.diy.artifact.mybatisplus.properties.ZooMybatisPlusDIYGuideProperties failed:

    Property: zoo.guide.diy.zoo-mybatis-plus.instruction
    Value: "null"
    Reason: diy component instruction cannot be blank.

    Property: zoo.guide.diy.zoo-mybatis-plus.name
    Value: "null"
    Reason: diy component name cannot be blank.


Action:

Update your application's configuration

2024-06-30 19:51:22.240 ERROR demo [] main o.springframework.test.context.TestContextManager:245 Caught exception while allowing TestExecutionListener [org.springframework.test.context.web.ServletTestExecutionListener] to prepare test instance [com.ideaaedi.zoo.example.springboot.mybatisplus.BasicTest@78c74647]
java.lang.IllegalStateException: Failed to load ApplicationContext for [WebMergedContextConfiguration@203e705e testClass = com.ideaaedi.zoo.example.springboot.mybatisplus.BasicTest, locations = [], classes = [com.ideaaedi.zoo.example.springboot.mybatisplus.ExampleSpringbootMybatisPlusApplication], contextInitializerClasses = [], activeProfiles = [], propertySourceLocations = [], propertySourceProperties = ["org.springframework.boot.test.context.SpringBootTestContextBootstrapper=true"], contextCustomizers = [org.springframework.boot.test.context.filter.ExcludeFilterContextCustomizer@58695725, org.springframework.boot.test.json.DuplicateJsonObjectContextCustomizerFactory$DuplicateJsonObjectContextCustomizer@25fb8912, org.springframework.boot.test.mock.mockito.MockitoContextCustomizer@0, org.springframework.boot.test.web.client.TestRestTemplateContextCustomizer@7c711375, org.springframework.boot.test.autoconfigure.actuate.observability.ObservabilityContextCustomizerFactory$DisableObservabilityContextCustomizer@9da1, org.springframework.boot.test.autoconfigure.properties.PropertyMappingContextCustomizer@0, org.springframework.boot.test.autoconfigure.web.servlet.WebDriverContextCustomizerFactory$Customizer@61001b64, org.springframework.boot.test.context.SpringBootTestAnnotation@426e704a], resourceBasePath = "src/main/webapp", contextLoader = org.springframework.boot.test.context.SpringBootContextLoader, parent = null]
	at org.springframework.test.context.cache.DefaultCacheAwareContextLoaderDelegate.loadContext(DefaultCacheAwareContextLoaderDelegate.java:142)
	at org.springframework.test.context.support.DefaultTestContext.getApplicationContext(DefaultTestContext.java:127)
	at org.springframework.test.context.web.ServletTestExecutionListener.setUpRequestContextIfNecessary(ServletTestExecutionListener.java:191)
	at org.springframework.test.context.web.ServletTestExecutionListener.prepareTestInstance(ServletTestExecutionListener.java:130)
	at org.springframework.test.context.TestContextManager.prepareTestInstance(TestContextManager.java:241)
	at org.springframework.test.context.junit.jupiter.SpringExtension.postProcessTestInstance(SpringExtension.java:138)
	at org.junit.jupiter.engine.descriptor.ClassBasedTestDescriptor.lambda$invokeTestInstancePostProcessors$10(ClassBasedTestDescriptor.java:377)
	at org.junit.jupiter.engine.descriptor.ClassBasedTestDescriptor.executeAndMaskThrowable(ClassBasedTestDescriptor.java:382)
	at org.junit.jupiter.engine.descriptor.ClassBasedTestDescriptor.lambda$invokeTestInstancePostProcessors$11(ClassBasedTestDescriptor.java:377)
	at java.base/java.util.stream.ReferencePipeline$3$1.accept(ReferencePipeline.java:197)
	at java.base/java.util.stream.ReferencePipeline$2$1.accept(ReferencePipeline.java:179)
	at java.base/java.util.ArrayList$ArrayListSpliterator.forEachRemaining(ArrayList.java:1625)
	at java.base/java.util.stream.AbstractPipeline.copyInto(AbstractPipeline.java:509)
	at java.base/java.util.stream.AbstractPipeline.wrapAndCopyInto(AbstractPipeline.java:499)
	at java.base/java.util.stream.StreamSpliterators$WrappingSpliterator.forEachRemaining(StreamSpliterators.java:310)
	at java.base/java.util.stream.Streams$ConcatSpliterator.forEachRemaining(Streams.java:735)
	at java.base/java.util.stream.Streams$ConcatSpliterator.forEachRemaining(Streams.java:734)
	at java.base/java.util.stream.ReferencePipeline$Head.forEach(ReferencePipeline.java:762)
	at org.junit.jupiter.engine.descriptor.ClassBasedTestDescriptor.invokeTestInstancePostProcessors(ClassBasedTestDescriptor.java:376)
	at org.junit.jupiter.engine.descriptor.ClassBasedTestDescriptor.lambda$instantiateAndPostProcessTestInstance$6(ClassBasedTestDescriptor.java:289)
	at org.junit.platform.engine.support.hierarchical.ThrowableCollector.execute(ThrowableCollector.java:73)
	at org.junit.jupiter.engine.descriptor.ClassBasedTestDescriptor.instantiateAndPostProcessTestInstance(ClassBasedTestDescriptor.java:288)
	at org.junit.jupiter.engine.descriptor.ClassBasedTestDescriptor.lambda$testInstancesProvider$4(ClassBasedTestDescriptor.java:278)
	at java.base/java.util.Optional.orElseGet(Optional.java:364)
	at org.junit.jupiter.engine.descriptor.ClassBasedTestDescriptor.lambda$testInstancesProvider$5(ClassBasedTestDescriptor.java:277)
	at org.junit.jupiter.engine.execution.TestInstancesProvider.getTestInstances(TestInstancesProvider.java:31)
	at org.junit.jupiter.engine.descriptor.TestMethodTestDescriptor.lambda$prepare$0(TestMethodTestDescriptor.java:105)
	at org.junit.platform.engine.support.hierarchical.ThrowableCollector.execute(ThrowableCollector.java:73)
	at org.junit.jupiter.engine.descriptor.TestMethodTestDescriptor.prepare(TestMethodTestDescriptor.java:104)
	at org.junit.jupiter.engine.descriptor.TestMethodTestDescriptor.prepare(TestMethodTestDescriptor.java:68)
	at org.junit.platform.engine.support.hierarchical.NodeTestTask.lambda$prepare$2(NodeTestTask.java:123)
	at org.junit.platform.engine.support.hierarchical.ThrowableCollector.execute(ThrowableCollector.java:73)
	at org.junit.platform.engine.support.hierarchical.NodeTestTask.prepare(NodeTestTask.java:123)
	at org.junit.platform.engine.support.hierarchical.NodeTestTask.execute(NodeTestTask.java:90)
	at java.base/java.util.ArrayList.forEach(ArrayList.java:1511)
	at org.junit.platform.engine.support.hierarchical.SameThreadHierarchicalTestExecutorService.invokeAll(SameThreadHierarchicalTestExecutorService.java:41)
	at org.junit.platform.engine.support.hierarchical.NodeTestTask.lambda$executeRecursively$6(NodeTestTask.java:155)
	at org.junit.platform.engine.support.hierarchical.ThrowableCollector.execute(ThrowableCollector.java:73)
	at org.junit.platform.engine.support.hierarchical.NodeTestTask.lambda$executeRecursively$8(NodeTestTask.java:141)
	at org.junit.platform.engine.support.hierarchical.Node.around(Node.java:137)
	at org.junit.platform.engine.support.hierarchical.NodeTestTask.lambda$executeRecursively$9(NodeTestTask.java:139)
	at org.junit.platform.engine.support.hierarchical.ThrowableCollector.execute(ThrowableCollector.java:73)
	at org.junit.platform.engine.support.hierarchical.NodeTestTask.executeRecursively(NodeTestTask.java:138)
	at org.junit.platform.engine.support.hierarchical.NodeTestTask.execute(NodeTestTask.java:95)
	at java.base/java.util.ArrayList.forEach(ArrayList.java:1511)
	at org.junit.platform.engine.support.hierarchical.SameThreadHierarchicalTestExecutorService.invokeAll(SameThreadHierarchicalTestExecutorService.java:41)
	at org.junit.platform.engine.support.hierarchical.NodeTestTask.lambda$executeRecursively$6(NodeTestTask.java:155)
	at org.junit.platform.engine.support.hierarchical.ThrowableCollector.execute(ThrowableCollector.java:73)
	at org.junit.platform.engine.support.hierarchical.NodeTestTask.lambda$executeRecursively$8(NodeTestTask.java:141)
	at org.junit.platform.engine.support.hierarchical.Node.around(Node.java:137)
	at org.junit.platform.engine.support.hierarchical.NodeTestTask.lambda$executeRecursively$9(NodeTestTask.java:139)
	at org.junit.platform.engine.support.hierarchical.ThrowableCollector.execute(ThrowableCollector.java:73)
	at org.junit.platform.engine.support.hierarchical.NodeTestTask.executeRecursively(NodeTestTask.java:138)
	at org.junit.platform.engine.support.hierarchical.NodeTestTask.execute(NodeTestTask.java:95)
	at org.junit.platform.engine.support.hierarchical.SameThreadHierarchicalTestExecutorService.submit(SameThreadHierarchicalTestExecutorService.java:35)
	at org.junit.platform.engine.support.hierarchical.HierarchicalTestExecutor.execute(HierarchicalTestExecutor.java:57)
	at org.junit.platform.engine.support.hierarchical.HierarchicalTestEngine.execute(HierarchicalTestEngine.java:54)
	at org.junit.platform.launcher.core.EngineExecutionOrchestrator.execute(EngineExecutionOrchestrator.java:147)
	at org.junit.platform.launcher.core.EngineExecutionOrchestrator.execute(EngineExecutionOrchestrator.java:127)
	at org.junit.platform.launcher.core.EngineExecutionOrchestrator.execute(EngineExecutionOrchestrator.java:90)
	at org.junit.platform.launcher.core.EngineExecutionOrchestrator.lambda$execute$0(EngineExecutionOrchestrator.java:55)
	at org.junit.platform.launcher.core.EngineExecutionOrchestrator.withInterceptedStreams(EngineExecutionOrchestrator.java:102)
	at org.junit.platform.launcher.core.EngineExecutionOrchestrator.execute(EngineExecutionOrchestrator.java:54)
	at org.junit.platform.launcher.core.DefaultLauncher.execute(DefaultLauncher.java:114)
	at org.junit.platform.launcher.core.DefaultLauncher.execute(DefaultLauncher.java:86)
	at org.junit.platform.launcher.core.DefaultLauncherSession$DelegatingLauncher.execute(DefaultLauncherSession.java:86)
	at org.junit.platform.launcher.core.SessionPerRequestLauncher.execute(SessionPerRequestLauncher.java:53)
	at com.intellij.junit5.JUnit5IdeaTestRunner.startRunnerWithArgs(JUnit5IdeaTestRunner.java:57)
	at com.intellij.rt.junit.IdeaTestRunner$Repeater$1.execute(IdeaTestRunner.java:38)
	at com.intellij.rt.execution.junit.TestsRepeater.repeat(TestsRepeater.java:11)
	at com.intellij.rt.junit.IdeaTestRunner$Repeater.startRunnerWithArgs(IdeaTestRunner.java:35)
	at com.intellij.rt.junit.JUnitStarter.prepareStreamsAndStart(JUnitStarter.java:235)
	at com.intellij.rt.junit.JUnitStarter.main(JUnitStarter.java:54)
Caused by: org.springframework.boot.context.properties.ConfigurationPropertiesBindException: Error creating bean with name 'zoo.guide.diy.zoo-mybatis-plus-com.ideaaedi.zoo.diy.artifact.mybatisplus.properties.ZooMybatisPlusDIYGuideProperties': Could not bind properties to 'ZooMybatisPlusDIYGuideProperties' : prefix=zoo.guide.diy.zoo-mybatis-plus, ignoreInvalidFields=false, ignoreUnknownFields=true
	at org.springframework.boot.context.properties.ConfigurationPropertiesBindingPostProcessor.bind(ConfigurationPropertiesBindingPostProcessor.java:99)
	at org.springframework.boot.context.properties.ConfigurationPropertiesBindingPostProcessor.postProcessBeforeInitialization(ConfigurationPropertiesBindingPostProcessor.java:79)
	at org.springframework.beans.factory.support.AbstractAutowireCapableBeanFactory.applyBeanPostProcessorsBeforeInitialization(AbstractAutowireCapableBeanFactory.java:420)
	at org.springframework.beans.factory.support.AbstractAutowireCapableBeanFactory.initializeBean(AbstractAutowireCapableBeanFactory.java:1743)
	at org.springframework.beans.factory.support.AbstractAutowireCapableBeanFactory.doCreateBean(AbstractAutowireCapableBeanFactory.java:599)
	at org.springframework.beans.factory.support.AbstractAutowireCapableBeanFactory.createBean(AbstractAutowireCapableBeanFactory.java:521)
	at org.springframework.beans.factory.support.AbstractBeanFactory.lambda$doGetBean$0(AbstractBeanFactory.java:326)
	at org.springframework.beans.factory.support.DefaultSingletonBeanRegistry.getSingleton(DefaultSingletonBeanRegistry.java:234)
	at org.springframework.beans.factory.support.AbstractBeanFactory.doGetBean(AbstractBeanFactory.java:324)
	at org.springframework.beans.factory.support.AbstractBeanFactory.getBean(AbstractBeanFactory.java:200)
	at org.springframework.beans.factory.support.DefaultListableBeanFactory.preInstantiateSingletons(DefaultListableBeanFactory.java:961)
	at org.springframework.context.support.AbstractApplicationContext.finishBeanFactoryInitialization(AbstractApplicationContext.java:915)
	at org.springframework.context.support.AbstractApplicationContext.refresh(AbstractApplicationContext.java:584)
	at org.springframework.boot.SpringApplication.refresh(SpringApplication.java:730)
	at org.springframework.boot.SpringApplication.refreshContext(SpringApplication.java:432)
	at org.springframework.boot.SpringApplication.run(SpringApplication.java:308)
	at org.springframework.boot.test.context.SpringBootContextLoader.lambda$loadContext$3(SpringBootContextLoader.java:137)
	at org.springframework.util.function.ThrowingSupplier.get(ThrowingSupplier.java:59)
	at org.springframework.util.function.ThrowingSupplier.get(ThrowingSupplier.java:47)
	at org.springframework.boot.SpringApplication.withHook(SpringApplication.java:1386)
	at org.springframework.boot.test.context.SpringBootContextLoader$ContextLoaderHook.run(SpringBootContextLoader.java:543)
	at org.springframework.boot.test.context.SpringBootContextLoader.loadContext(SpringBootContextLoader.java:137)
	at org.springframework.boot.test.context.SpringBootContextLoader.loadContext(SpringBootContextLoader.java:108)
	at org.springframework.test.context.cache.DefaultCacheAwareContextLoaderDelegate.loadContextInternal(DefaultCacheAwareContextLoaderDelegate.java:184)
	at org.springframework.test.context.cache.DefaultCacheAwareContextLoaderDelegate.loadContext(DefaultCacheAwareContextLoaderDelegate.java:118)
	... 72 common frames omitted
Caused by: org.springframework.boot.context.properties.bind.BindException: Failed to bind properties under 'zoo.guide.diy.zoo-mybatis-plus' to com.ideaaedi.zoo.diy.artifact.mybatisplus.properties.ZooMybatisPlusDIYGuideProperties
	at org.springframework.boot.context.properties.bind.Binder.handleBindError(Binder.java:387)
	at org.springframework.boot.context.properties.bind.Binder.bind(Binder.java:347)
	at org.springframework.boot.context.properties.bind.Binder.bind(Binder.java:332)
	at org.springframework.boot.context.properties.bind.Binder.bind(Binder.java:262)
	at org.springframework.boot.context.properties.bind.Binder.bind(Binder.java:249)
	at org.springframework.boot.context.properties.ConfigurationPropertiesBinder.bind(ConfigurationPropertiesBinder.java:93)
	at org.springframework.boot.context.properties.ConfigurationPropertiesBindingPostProcessor.bind(ConfigurationPropertiesBindingPostProcessor.java:96)
	... 96 common frames omitted
Caused by: org.springframework.boot.context.properties.bind.validation.BindValidationException: Binding validation errors on zoo.guide.diy.zoo-mybatis-plus
   - Field error in object 'zoo.guide.diy.zoo-mybatis-plus' on field 'instruction': rejected value [null]; codes [NotBlank.zoo.guide.diy.zoo-mybatis-plus.instruction,NotBlank.instruction,NotBlank.java.lang.String,NotBlank]; arguments [org.springframework.context.support.DefaultMessageSourceResolvable: codes [zoo.guide.diy.zoo-mybatis-plus.instruction,instruction]; arguments []; default message [instruction]]; default message [diy component instruction cannot be blank.]
   - Field error in object 'zoo.guide.diy.zoo-mybatis-plus' on field 'name': rejected value [null]; codes [NotBlank.zoo.guide.diy.zoo-mybatis-plus.name,NotBlank.name,NotBlank.java.lang.String,NotBlank]; arguments [org.springframework.context.support.DefaultMessageSourceResolvable: codes [zoo.guide.diy.zoo-mybatis-plus.name,name]; arguments []; default message [name]]; default message [diy component name cannot be blank.]
	at org.springframework.boot.context.properties.bind.validation.ValidationBindHandler.validateAndPush(ValidationBindHandler.java:141)
	at org.springframework.boot.context.properties.bind.validation.ValidationBindHandler.validate(ValidationBindHandler.java:114)
	at org.springframework.boot.context.properties.bind.validation.ValidationBindHandler.onFinish(ValidationBindHandler.java:105)
	at org.springframework.boot.context.properties.bind.Binder.handleBindResult(Binder.java:363)
	at org.springframework.boot.context.properties.bind.Binder.bind(Binder.java:344)
	... 101 common frames omitted
2024-06-30 19:53:38.460 INFO  demo [] background-preinit org.hibernate.validator.internal.util.Version:21 HV000001: Hibernate Validator 8.0.0.Final
2024-06-30 19:53:38.483 INFO  demo [] main c.i.zoo.example.springboot.mybatisplus.BasicTest:51 Starting BasicTest using Java 17.0.3.1 with PID 5220 (started by 13548 in D:\working\spring-cloud-jd\zoo-example\zoo-example-springboot\zoo-example-springboot-mybatisplus)
2024-06-30 19:53:38.483 DEBUG demo [] main c.i.zoo.example.springboot.mybatisplus.BasicTest:52 Running with Spring Boot v3.0.2, Spring v6.0.4
2024-06-30 19:53:38.484 INFO  demo [] main c.i.zoo.example.springboot.mybatisplus.BasicTest:630 No active profile set, falling back to 1 default profile: "default"
2024-06-30 19:53:40.322 WARN  demo [] main o.s.w.context.support.GenericWebApplicationContext:592 Exception encountered during context initialization - cancelling refresh attempt: org.springframework.boot.context.properties.ConfigurationPropertiesBindException: Error creating bean with name 'zoo.guide.diy.zoo-mybatis-plus-com.ideaaedi.zoo.diy.artifact.mybatisplus.properties.ZooMybatisPlusDIYGuideProperties': Could not bind properties to 'ZooMybatisPlusDIYGuideProperties' : prefix=zoo.guide.diy.zoo-mybatis-plus, ignoreInvalidFields=false, ignoreUnknownFields=true
2024-06-30 19:53:40.336 INFO  demo [] main o.s.b.a.logging.ConditionEvaluationReportLogger:82 

Error starting ApplicationContext. To display the condition evaluation report re-run your application with 'debug' enabled.
2024-06-30 19:53:40.359 ERROR demo [] main o.s.b.diagnostics.LoggingFailureAnalysisReporter:40 

***************************
APPLICATION FAILED TO START
***************************

Description:

Binding to target org.springframework.boot.context.properties.bind.BindException: Failed to bind properties under 'zoo.guide.diy.zoo-mybatis-plus' to com.ideaaedi.zoo.diy.artifact.mybatisplus.properties.ZooMybatisPlusDIYGuideProperties failed:

    Property: zoo.guide.diy.zoo-mybatis-plus.name
    Value: "null"
    Reason: diy component name cannot be blank.

    Property: zoo.guide.diy.zoo-mybatis-plus.instruction
    Value: "null"
    Reason: diy component instruction cannot be blank.


Action:

Update your application's configuration

2024-06-30 19:53:40.364 ERROR demo [] main o.springframework.test.context.TestContextManager:245 Caught exception while allowing TestExecutionListener [org.springframework.test.context.web.ServletTestExecutionListener] to prepare test instance [com.ideaaedi.zoo.example.springboot.mybatisplus.BasicTest@6aea99e7]
java.lang.IllegalStateException: Failed to load ApplicationContext for [WebMergedContextConfiguration@565d7d2f testClass = com.ideaaedi.zoo.example.springboot.mybatisplus.BasicTest, locations = [], classes = [com.ideaaedi.zoo.example.springboot.mybatisplus.ExampleSpringbootMybatisPlusApplication], contextInitializerClasses = [], activeProfiles = [], propertySourceLocations = [], propertySourceProperties = ["org.springframework.boot.test.context.SpringBootTestContextBootstrapper=true"], contextCustomizers = [org.springframework.boot.test.context.filter.ExcludeFilterContextCustomizer@58695725, org.springframework.boot.test.json.DuplicateJsonObjectContextCustomizerFactory$DuplicateJsonObjectContextCustomizer@25fb8912, org.springframework.boot.test.mock.mockito.MockitoContextCustomizer@0, org.springframework.boot.test.web.client.TestRestTemplateContextCustomizer@7c711375, org.springframework.boot.test.autoconfigure.actuate.observability.ObservabilityContextCustomizerFactory$DisableObservabilityContextCustomizer@9da1, org.springframework.boot.test.autoconfigure.properties.PropertyMappingContextCustomizer@0, org.springframework.boot.test.autoconfigure.web.servlet.WebDriverContextCustomizerFactory$Customizer@61001b64, org.springframework.boot.test.context.SpringBootTestAnnotation@426e704a], resourceBasePath = "src/main/webapp", contextLoader = org.springframework.boot.test.context.SpringBootContextLoader, parent = null]
	at org.springframework.test.context.cache.DefaultCacheAwareContextLoaderDelegate.loadContext(DefaultCacheAwareContextLoaderDelegate.java:142)
	at org.springframework.test.context.support.DefaultTestContext.getApplicationContext(DefaultTestContext.java:127)
	at org.springframework.test.context.web.ServletTestExecutionListener.setUpRequestContextIfNecessary(ServletTestExecutionListener.java:191)
	at org.springframework.test.context.web.ServletTestExecutionListener.prepareTestInstance(ServletTestExecutionListener.java:130)
	at org.springframework.test.context.TestContextManager.prepareTestInstance(TestContextManager.java:241)
	at org.springframework.test.context.junit.jupiter.SpringExtension.postProcessTestInstance(SpringExtension.java:138)
	at org.junit.jupiter.engine.descriptor.ClassBasedTestDescriptor.lambda$invokeTestInstancePostProcessors$10(ClassBasedTestDescriptor.java:377)
	at org.junit.jupiter.engine.descriptor.ClassBasedTestDescriptor.executeAndMaskThrowable(ClassBasedTestDescriptor.java:382)
	at org.junit.jupiter.engine.descriptor.ClassBasedTestDescriptor.lambda$invokeTestInstancePostProcessors$11(ClassBasedTestDescriptor.java:377)
	at java.base/java.util.stream.ReferencePipeline$3$1.accept(ReferencePipeline.java:197)
	at java.base/java.util.stream.ReferencePipeline$2$1.accept(ReferencePipeline.java:179)
	at java.base/java.util.ArrayList$ArrayListSpliterator.forEachRemaining(ArrayList.java:1625)
	at java.base/java.util.stream.AbstractPipeline.copyInto(AbstractPipeline.java:509)
	at java.base/java.util.stream.AbstractPipeline.wrapAndCopyInto(AbstractPipeline.java:499)
	at java.base/java.util.stream.StreamSpliterators$WrappingSpliterator.forEachRemaining(StreamSpliterators.java:310)
	at java.base/java.util.stream.Streams$ConcatSpliterator.forEachRemaining(Streams.java:735)
	at java.base/java.util.stream.Streams$ConcatSpliterator.forEachRemaining(Streams.java:734)
	at java.base/java.util.stream.ReferencePipeline$Head.forEach(ReferencePipeline.java:762)
	at org.junit.jupiter.engine.descriptor.ClassBasedTestDescriptor.invokeTestInstancePostProcessors(ClassBasedTestDescriptor.java:376)
	at org.junit.jupiter.engine.descriptor.ClassBasedTestDescriptor.lambda$instantiateAndPostProcessTestInstance$6(ClassBasedTestDescriptor.java:289)
	at org.junit.platform.engine.support.hierarchical.ThrowableCollector.execute(ThrowableCollector.java:73)
	at org.junit.jupiter.engine.descriptor.ClassBasedTestDescriptor.instantiateAndPostProcessTestInstance(ClassBasedTestDescriptor.java:288)
	at org.junit.jupiter.engine.descriptor.ClassBasedTestDescriptor.lambda$testInstancesProvider$4(ClassBasedTestDescriptor.java:278)
	at java.base/java.util.Optional.orElseGet(Optional.java:364)
	at org.junit.jupiter.engine.descriptor.ClassBasedTestDescriptor.lambda$testInstancesProvider$5(ClassBasedTestDescriptor.java:277)
	at org.junit.jupiter.engine.execution.TestInstancesProvider.getTestInstances(TestInstancesProvider.java:31)
	at org.junit.jupiter.engine.descriptor.TestMethodTestDescriptor.lambda$prepare$0(TestMethodTestDescriptor.java:105)
	at org.junit.platform.engine.support.hierarchical.ThrowableCollector.execute(ThrowableCollector.java:73)
	at org.junit.jupiter.engine.descriptor.TestMethodTestDescriptor.prepare(TestMethodTestDescriptor.java:104)
	at org.junit.jupiter.engine.descriptor.TestMethodTestDescriptor.prepare(TestMethodTestDescriptor.java:68)
	at org.junit.platform.engine.support.hierarchical.NodeTestTask.lambda$prepare$2(NodeTestTask.java:123)
	at org.junit.platform.engine.support.hierarchical.ThrowableCollector.execute(ThrowableCollector.java:73)
	at org.junit.platform.engine.support.hierarchical.NodeTestTask.prepare(NodeTestTask.java:123)
	at org.junit.platform.engine.support.hierarchical.NodeTestTask.execute(NodeTestTask.java:90)
	at java.base/java.util.ArrayList.forEach(ArrayList.java:1511)
	at org.junit.platform.engine.support.hierarchical.SameThreadHierarchicalTestExecutorService.invokeAll(SameThreadHierarchicalTestExecutorService.java:41)
	at org.junit.platform.engine.support.hierarchical.NodeTestTask.lambda$executeRecursively$6(NodeTestTask.java:155)
	at org.junit.platform.engine.support.hierarchical.ThrowableCollector.execute(ThrowableCollector.java:73)
	at org.junit.platform.engine.support.hierarchical.NodeTestTask.lambda$executeRecursively$8(NodeTestTask.java:141)
	at org.junit.platform.engine.support.hierarchical.Node.around(Node.java:137)
	at org.junit.platform.engine.support.hierarchical.NodeTestTask.lambda$executeRecursively$9(NodeTestTask.java:139)
	at org.junit.platform.engine.support.hierarchical.ThrowableCollector.execute(ThrowableCollector.java:73)
	at org.junit.platform.engine.support.hierarchical.NodeTestTask.executeRecursively(NodeTestTask.java:138)
	at org.junit.platform.engine.support.hierarchical.NodeTestTask.execute(NodeTestTask.java:95)
	at java.base/java.util.ArrayList.forEach(ArrayList.java:1511)
	at org.junit.platform.engine.support.hierarchical.SameThreadHierarchicalTestExecutorService.invokeAll(SameThreadHierarchicalTestExecutorService.java:41)
	at org.junit.platform.engine.support.hierarchical.NodeTestTask.lambda$executeRecursively$6(NodeTestTask.java:155)
	at org.junit.platform.engine.support.hierarchical.ThrowableCollector.execute(ThrowableCollector.java:73)
	at org.junit.platform.engine.support.hierarchical.NodeTestTask.lambda$executeRecursively$8(NodeTestTask.java:141)
	at org.junit.platform.engine.support.hierarchical.Node.around(Node.java:137)
	at org.junit.platform.engine.support.hierarchical.NodeTestTask.lambda$executeRecursively$9(NodeTestTask.java:139)
	at org.junit.platform.engine.support.hierarchical.ThrowableCollector.execute(ThrowableCollector.java:73)
	at org.junit.platform.engine.support.hierarchical.NodeTestTask.executeRecursively(NodeTestTask.java:138)
	at org.junit.platform.engine.support.hierarchical.NodeTestTask.execute(NodeTestTask.java:95)
	at org.junit.platform.engine.support.hierarchical.SameThreadHierarchicalTestExecutorService.submit(SameThreadHierarchicalTestExecutorService.java:35)
	at org.junit.platform.engine.support.hierarchical.HierarchicalTestExecutor.execute(HierarchicalTestExecutor.java:57)
	at org.junit.platform.engine.support.hierarchical.HierarchicalTestEngine.execute(HierarchicalTestEngine.java:54)
	at org.junit.platform.launcher.core.EngineExecutionOrchestrator.execute(EngineExecutionOrchestrator.java:147)
	at org.junit.platform.launcher.core.EngineExecutionOrchestrator.execute(EngineExecutionOrchestrator.java:127)
	at org.junit.platform.launcher.core.EngineExecutionOrchestrator.execute(EngineExecutionOrchestrator.java:90)
	at org.junit.platform.launcher.core.EngineExecutionOrchestrator.lambda$execute$0(EngineExecutionOrchestrator.java:55)
	at org.junit.platform.launcher.core.EngineExecutionOrchestrator.withInterceptedStreams(EngineExecutionOrchestrator.java:102)
	at org.junit.platform.launcher.core.EngineExecutionOrchestrator.execute(EngineExecutionOrchestrator.java:54)
	at org.junit.platform.launcher.core.DefaultLauncher.execute(DefaultLauncher.java:114)
	at org.junit.platform.launcher.core.DefaultLauncher.execute(DefaultLauncher.java:86)
	at org.junit.platform.launcher.core.DefaultLauncherSession$DelegatingLauncher.execute(DefaultLauncherSession.java:86)
	at org.junit.platform.launcher.core.SessionPerRequestLauncher.execute(SessionPerRequestLauncher.java:53)
	at com.intellij.junit5.JUnit5IdeaTestRunner.startRunnerWithArgs(JUnit5IdeaTestRunner.java:57)
	at com.intellij.rt.junit.IdeaTestRunner$Repeater$1.execute(IdeaTestRunner.java:38)
	at com.intellij.rt.execution.junit.TestsRepeater.repeat(TestsRepeater.java:11)
	at com.intellij.rt.junit.IdeaTestRunner$Repeater.startRunnerWithArgs(IdeaTestRunner.java:35)
	at com.intellij.rt.junit.JUnitStarter.prepareStreamsAndStart(JUnitStarter.java:235)
	at com.intellij.rt.junit.JUnitStarter.main(JUnitStarter.java:54)
Caused by: org.springframework.boot.context.properties.ConfigurationPropertiesBindException: Error creating bean with name 'zoo.guide.diy.zoo-mybatis-plus-com.ideaaedi.zoo.diy.artifact.mybatisplus.properties.ZooMybatisPlusDIYGuideProperties': Could not bind properties to 'ZooMybatisPlusDIYGuideProperties' : prefix=zoo.guide.diy.zoo-mybatis-plus, ignoreInvalidFields=false, ignoreUnknownFields=true
	at org.springframework.boot.context.properties.ConfigurationPropertiesBindingPostProcessor.bind(ConfigurationPropertiesBindingPostProcessor.java:99)
	at org.springframework.boot.context.properties.ConfigurationPropertiesBindingPostProcessor.postProcessBeforeInitialization(ConfigurationPropertiesBindingPostProcessor.java:79)
	at org.springframework.beans.factory.support.AbstractAutowireCapableBeanFactory.applyBeanPostProcessorsBeforeInitialization(AbstractAutowireCapableBeanFactory.java:420)
	at org.springframework.beans.factory.support.AbstractAutowireCapableBeanFactory.initializeBean(AbstractAutowireCapableBeanFactory.java:1743)
	at org.springframework.beans.factory.support.AbstractAutowireCapableBeanFactory.doCreateBean(AbstractAutowireCapableBeanFactory.java:599)
	at org.springframework.beans.factory.support.AbstractAutowireCapableBeanFactory.createBean(AbstractAutowireCapableBeanFactory.java:521)
	at org.springframework.beans.factory.support.AbstractBeanFactory.lambda$doGetBean$0(AbstractBeanFactory.java:326)
	at org.springframework.beans.factory.support.DefaultSingletonBeanRegistry.getSingleton(DefaultSingletonBeanRegistry.java:234)
	at org.springframework.beans.factory.support.AbstractBeanFactory.doGetBean(AbstractBeanFactory.java:324)
	at org.springframework.beans.factory.support.AbstractBeanFactory.getBean(AbstractBeanFactory.java:200)
	at org.springframework.beans.factory.support.DefaultListableBeanFactory.preInstantiateSingletons(DefaultListableBeanFactory.java:961)
	at org.springframework.context.support.AbstractApplicationContext.finishBeanFactoryInitialization(AbstractApplicationContext.java:915)
	at org.springframework.context.support.AbstractApplicationContext.refresh(AbstractApplicationContext.java:584)
	at org.springframework.boot.SpringApplication.refresh(SpringApplication.java:730)
	at org.springframework.boot.SpringApplication.refreshContext(SpringApplication.java:432)
	at org.springframework.boot.SpringApplication.run(SpringApplication.java:308)
	at org.springframework.boot.test.context.SpringBootContextLoader.lambda$loadContext$3(SpringBootContextLoader.java:137)
	at org.springframework.util.function.ThrowingSupplier.get(ThrowingSupplier.java:59)
	at org.springframework.util.function.ThrowingSupplier.get(ThrowingSupplier.java:47)
	at org.springframework.boot.SpringApplication.withHook(SpringApplication.java:1386)
	at org.springframework.boot.test.context.SpringBootContextLoader$ContextLoaderHook.run(SpringBootContextLoader.java:543)
	at org.springframework.boot.test.context.SpringBootContextLoader.loadContext(SpringBootContextLoader.java:137)
	at org.springframework.boot.test.context.SpringBootContextLoader.loadContext(SpringBootContextLoader.java:108)
	at org.springframework.test.context.cache.DefaultCacheAwareContextLoaderDelegate.loadContextInternal(DefaultCacheAwareContextLoaderDelegate.java:184)
	at org.springframework.test.context.cache.DefaultCacheAwareContextLoaderDelegate.loadContext(DefaultCacheAwareContextLoaderDelegate.java:118)
	... 72 common frames omitted
Caused by: org.springframework.boot.context.properties.bind.BindException: Failed to bind properties under 'zoo.guide.diy.zoo-mybatis-plus' to com.ideaaedi.zoo.diy.artifact.mybatisplus.properties.ZooMybatisPlusDIYGuideProperties
	at org.springframework.boot.context.properties.bind.Binder.handleBindError(Binder.java:387)
	at org.springframework.boot.context.properties.bind.Binder.bind(Binder.java:347)
	at org.springframework.boot.context.properties.bind.Binder.bind(Binder.java:332)
	at org.springframework.boot.context.properties.bind.Binder.bind(Binder.java:262)
	at org.springframework.boot.context.properties.bind.Binder.bind(Binder.java:249)
	at org.springframework.boot.context.properties.ConfigurationPropertiesBinder.bind(ConfigurationPropertiesBinder.java:93)
	at org.springframework.boot.context.properties.ConfigurationPropertiesBindingPostProcessor.bind(ConfigurationPropertiesBindingPostProcessor.java:96)
	... 96 common frames omitted
Caused by: org.springframework.boot.context.properties.bind.validation.BindValidationException: Binding validation errors on zoo.guide.diy.zoo-mybatis-plus
   - Field error in object 'zoo.guide.diy.zoo-mybatis-plus' on field 'name': rejected value [null]; codes [NotBlank.zoo.guide.diy.zoo-mybatis-plus.name,NotBlank.name,NotBlank.java.lang.String,NotBlank]; arguments [org.springframework.context.support.DefaultMessageSourceResolvable: codes [zoo.guide.diy.zoo-mybatis-plus.name,name]; arguments []; default message [name]]; default message [diy component name cannot be blank.]
   - Field error in object 'zoo.guide.diy.zoo-mybatis-plus' on field 'instruction': rejected value [null]; codes [NotBlank.zoo.guide.diy.zoo-mybatis-plus.instruction,NotBlank.instruction,NotBlank.java.lang.String,NotBlank]; arguments [org.springframework.context.support.DefaultMessageSourceResolvable: codes [zoo.guide.diy.zoo-mybatis-plus.instruction,instruction]; arguments []; default message [instruction]]; default message [diy component instruction cannot be blank.]
	at org.springframework.boot.context.properties.bind.validation.ValidationBindHandler.validateAndPush(ValidationBindHandler.java:141)
	at org.springframework.boot.context.properties.bind.validation.ValidationBindHandler.validate(ValidationBindHandler.java:114)
	at org.springframework.boot.context.properties.bind.validation.ValidationBindHandler.onFinish(ValidationBindHandler.java:105)
	at org.springframework.boot.context.properties.bind.Binder.handleBindResult(Binder.java:363)
	at org.springframework.boot.context.properties.bind.Binder.bind(Binder.java:344)
	... 101 common frames omitted
2024-06-30 19:55:59.181 INFO  demo [] background-preinit org.hibernate.validator.internal.util.Version:21 HV000001: Hibernate Validator 8.0.0.Final
2024-06-30 19:55:59.202 INFO  demo [] main c.i.zoo.example.springboot.mybatisplus.BasicTest:51 Starting BasicTest using Java 17.0.3.1 with PID 18672 (started by 13548 in D:\working\spring-cloud-jd\zoo-example\zoo-example-springboot\zoo-example-springboot-mybatisplus)
2024-06-30 19:55:59.203 DEBUG demo [] main c.i.zoo.example.springboot.mybatisplus.BasicTest:52 Running with Spring Boot v3.0.2, Spring v6.0.4
2024-06-30 19:55:59.203 INFO  demo [] main c.i.zoo.example.springboot.mybatisplus.BasicTest:630 No active profile set, falling back to 1 default profile: "default"
2024-06-30 19:56:01.244 WARN  demo [] main o.s.w.context.support.GenericWebApplicationContext:592 Exception encountered during context initialization - cancelling refresh attempt: org.springframework.boot.context.properties.ConfigurationPropertiesBindException: Error creating bean with name 'zoo.guide.diy.zoo-mybatis-plus-com.ideaaedi.zoo.diy.artifact.mybatisplus.properties.ZooMybatisPlusDIYGuideProperties': Could not bind properties to 'ZooMybatisPlusDIYGuideProperties' : prefix=zoo.guide.diy.zoo-mybatis-plus, ignoreInvalidFields=false, ignoreUnknownFields=true
2024-06-30 19:56:01.260 INFO  demo [] main o.s.b.a.logging.ConditionEvaluationReportLogger:82 

Error starting ApplicationContext. To display the condition evaluation report re-run your application with 'debug' enabled.
2024-06-30 19:56:01.288 ERROR demo [] main o.s.b.diagnostics.LoggingFailureAnalysisReporter:40 

***************************
APPLICATION FAILED TO START
***************************

Description:

Binding to target org.springframework.boot.context.properties.bind.BindException: Failed to bind properties under 'zoo.guide.diy.zoo-mybatis-plus' to com.ideaaedi.zoo.diy.artifact.mybatisplus.properties.ZooMybatisPlusDIYGuideProperties failed:

    Property: zoo.guide.diy.zoo-mybatis-plus.name
    Value: "null"
    Reason: diy component name cannot be blank.

    Property: zoo.guide.diy.zoo-mybatis-plus.instruction
    Value: "null"
    Reason: diy component instruction cannot be blank.


Action:

Update your application's configuration

2024-06-30 19:56:01.294 ERROR demo [] main o.springframework.test.context.TestContextManager:245 Caught exception while allowing TestExecutionListener [org.springframework.test.context.web.ServletTestExecutionListener] to prepare test instance [com.ideaaedi.zoo.example.springboot.mybatisplus.BasicTest@6aea99e7]
java.lang.IllegalStateException: Failed to load ApplicationContext for [WebMergedContextConfiguration@565d7d2f testClass = com.ideaaedi.zoo.example.springboot.mybatisplus.BasicTest, locations = [], classes = [com.ideaaedi.zoo.example.springboot.mybatisplus.ExampleSpringbootMybatisPlusApplication], contextInitializerClasses = [], activeProfiles = [], propertySourceLocations = [], propertySourceProperties = ["org.springframework.boot.test.context.SpringBootTestContextBootstrapper=true"], contextCustomizers = [org.springframework.boot.test.context.filter.ExcludeFilterContextCustomizer@58695725, org.springframework.boot.test.json.DuplicateJsonObjectContextCustomizerFactory$DuplicateJsonObjectContextCustomizer@25fb8912, org.springframework.boot.test.mock.mockito.MockitoContextCustomizer@0, org.springframework.boot.test.web.client.TestRestTemplateContextCustomizer@7c711375, org.springframework.boot.test.autoconfigure.actuate.observability.ObservabilityContextCustomizerFactory$DisableObservabilityContextCustomizer@9da1, org.springframework.boot.test.autoconfigure.properties.PropertyMappingContextCustomizer@0, org.springframework.boot.test.autoconfigure.web.servlet.WebDriverContextCustomizerFactory$Customizer@61001b64, org.springframework.boot.test.context.SpringBootTestAnnotation@426e704a], resourceBasePath = "src/main/webapp", contextLoader = org.springframework.boot.test.context.SpringBootContextLoader, parent = null]
	at org.springframework.test.context.cache.DefaultCacheAwareContextLoaderDelegate.loadContext(DefaultCacheAwareContextLoaderDelegate.java:142)
	at org.springframework.test.context.support.DefaultTestContext.getApplicationContext(DefaultTestContext.java:127)
	at org.springframework.test.context.web.ServletTestExecutionListener.setUpRequestContextIfNecessary(ServletTestExecutionListener.java:191)
	at org.springframework.test.context.web.ServletTestExecutionListener.prepareTestInstance(ServletTestExecutionListener.java:130)
	at org.springframework.test.context.TestContextManager.prepareTestInstance(TestContextManager.java:241)
	at org.springframework.test.context.junit.jupiter.SpringExtension.postProcessTestInstance(SpringExtension.java:138)
	at org.junit.jupiter.engine.descriptor.ClassBasedTestDescriptor.lambda$invokeTestInstancePostProcessors$10(ClassBasedTestDescriptor.java:377)
	at org.junit.jupiter.engine.descriptor.ClassBasedTestDescriptor.executeAndMaskThrowable(ClassBasedTestDescriptor.java:382)
	at org.junit.jupiter.engine.descriptor.ClassBasedTestDescriptor.lambda$invokeTestInstancePostProcessors$11(ClassBasedTestDescriptor.java:377)
	at java.base/java.util.stream.ReferencePipeline$3$1.accept(ReferencePipeline.java:197)
	at java.base/java.util.stream.ReferencePipeline$2$1.accept(ReferencePipeline.java:179)
	at java.base/java.util.ArrayList$ArrayListSpliterator.forEachRemaining(ArrayList.java:1625)
	at java.base/java.util.stream.AbstractPipeline.copyInto(AbstractPipeline.java:509)
	at java.base/java.util.stream.AbstractPipeline.wrapAndCopyInto(AbstractPipeline.java:499)
	at java.base/java.util.stream.StreamSpliterators$WrappingSpliterator.forEachRemaining(StreamSpliterators.java:310)
	at java.base/java.util.stream.Streams$ConcatSpliterator.forEachRemaining(Streams.java:735)
	at java.base/java.util.stream.Streams$ConcatSpliterator.forEachRemaining(Streams.java:734)
	at java.base/java.util.stream.ReferencePipeline$Head.forEach(ReferencePipeline.java:762)
	at org.junit.jupiter.engine.descriptor.ClassBasedTestDescriptor.invokeTestInstancePostProcessors(ClassBasedTestDescriptor.java:376)
	at org.junit.jupiter.engine.descriptor.ClassBasedTestDescriptor.lambda$instantiateAndPostProcessTestInstance$6(ClassBasedTestDescriptor.java:289)
	at org.junit.platform.engine.support.hierarchical.ThrowableCollector.execute(ThrowableCollector.java:73)
	at org.junit.jupiter.engine.descriptor.ClassBasedTestDescriptor.instantiateAndPostProcessTestInstance(ClassBasedTestDescriptor.java:288)
	at org.junit.jupiter.engine.descriptor.ClassBasedTestDescriptor.lambda$testInstancesProvider$4(ClassBasedTestDescriptor.java:278)
	at java.base/java.util.Optional.orElseGet(Optional.java:364)
	at org.junit.jupiter.engine.descriptor.ClassBasedTestDescriptor.lambda$testInstancesProvider$5(ClassBasedTestDescriptor.java:277)
	at org.junit.jupiter.engine.execution.TestInstancesProvider.getTestInstances(TestInstancesProvider.java:31)
	at org.junit.jupiter.engine.descriptor.TestMethodTestDescriptor.lambda$prepare$0(TestMethodTestDescriptor.java:105)
	at org.junit.platform.engine.support.hierarchical.ThrowableCollector.execute(ThrowableCollector.java:73)
	at org.junit.jupiter.engine.descriptor.TestMethodTestDescriptor.prepare(TestMethodTestDescriptor.java:104)
	at org.junit.jupiter.engine.descriptor.TestMethodTestDescriptor.prepare(TestMethodTestDescriptor.java:68)
	at org.junit.platform.engine.support.hierarchical.NodeTestTask.lambda$prepare$2(NodeTestTask.java:123)
	at org.junit.platform.engine.support.hierarchical.ThrowableCollector.execute(ThrowableCollector.java:73)
	at org.junit.platform.engine.support.hierarchical.NodeTestTask.prepare(NodeTestTask.java:123)
	at org.junit.platform.engine.support.hierarchical.NodeTestTask.execute(NodeTestTask.java:90)
	at java.base/java.util.ArrayList.forEach(ArrayList.java:1511)
	at org.junit.platform.engine.support.hierarchical.SameThreadHierarchicalTestExecutorService.invokeAll(SameThreadHierarchicalTestExecutorService.java:41)
	at org.junit.platform.engine.support.hierarchical.NodeTestTask.lambda$executeRecursively$6(NodeTestTask.java:155)
	at org.junit.platform.engine.support.hierarchical.ThrowableCollector.execute(ThrowableCollector.java:73)
	at org.junit.platform.engine.support.hierarchical.NodeTestTask.lambda$executeRecursively$8(NodeTestTask.java:141)
	at org.junit.platform.engine.support.hierarchical.Node.around(Node.java:137)
	at org.junit.platform.engine.support.hierarchical.NodeTestTask.lambda$executeRecursively$9(NodeTestTask.java:139)
	at org.junit.platform.engine.support.hierarchical.ThrowableCollector.execute(ThrowableCollector.java:73)
	at org.junit.platform.engine.support.hierarchical.NodeTestTask.executeRecursively(NodeTestTask.java:138)
	at org.junit.platform.engine.support.hierarchical.NodeTestTask.execute(NodeTestTask.java:95)
	at java.base/java.util.ArrayList.forEach(ArrayList.java:1511)
	at org.junit.platform.engine.support.hierarchical.SameThreadHierarchicalTestExecutorService.invokeAll(SameThreadHierarchicalTestExecutorService.java:41)
	at org.junit.platform.engine.support.hierarchical.NodeTestTask.lambda$executeRecursively$6(NodeTestTask.java:155)
	at org.junit.platform.engine.support.hierarchical.ThrowableCollector.execute(ThrowableCollector.java:73)
	at org.junit.platform.engine.support.hierarchical.NodeTestTask.lambda$executeRecursively$8(NodeTestTask.java:141)
	at org.junit.platform.engine.support.hierarchical.Node.around(Node.java:137)
	at org.junit.platform.engine.support.hierarchical.NodeTestTask.lambda$executeRecursively$9(NodeTestTask.java:139)
	at org.junit.platform.engine.support.hierarchical.ThrowableCollector.execute(ThrowableCollector.java:73)
	at org.junit.platform.engine.support.hierarchical.NodeTestTask.executeRecursively(NodeTestTask.java:138)
	at org.junit.platform.engine.support.hierarchical.NodeTestTask.execute(NodeTestTask.java:95)
	at org.junit.platform.engine.support.hierarchical.SameThreadHierarchicalTestExecutorService.submit(SameThreadHierarchicalTestExecutorService.java:35)
	at org.junit.platform.engine.support.hierarchical.HierarchicalTestExecutor.execute(HierarchicalTestExecutor.java:57)
	at org.junit.platform.engine.support.hierarchical.HierarchicalTestEngine.execute(HierarchicalTestEngine.java:54)
	at org.junit.platform.launcher.core.EngineExecutionOrchestrator.execute(EngineExecutionOrchestrator.java:147)
	at org.junit.platform.launcher.core.EngineExecutionOrchestrator.execute(EngineExecutionOrchestrator.java:127)
	at org.junit.platform.launcher.core.EngineExecutionOrchestrator.execute(EngineExecutionOrchestrator.java:90)
	at org.junit.platform.launcher.core.EngineExecutionOrchestrator.lambda$execute$0(EngineExecutionOrchestrator.java:55)
	at org.junit.platform.launcher.core.EngineExecutionOrchestrator.withInterceptedStreams(EngineExecutionOrchestrator.java:102)
	at org.junit.platform.launcher.core.EngineExecutionOrchestrator.execute(EngineExecutionOrchestrator.java:54)
	at org.junit.platform.launcher.core.DefaultLauncher.execute(DefaultLauncher.java:114)
	at org.junit.platform.launcher.core.DefaultLauncher.execute(DefaultLauncher.java:86)
	at org.junit.platform.launcher.core.DefaultLauncherSession$DelegatingLauncher.execute(DefaultLauncherSession.java:86)
	at org.junit.platform.launcher.core.SessionPerRequestLauncher.execute(SessionPerRequestLauncher.java:53)
	at com.intellij.junit5.JUnit5IdeaTestRunner.startRunnerWithArgs(JUnit5IdeaTestRunner.java:57)
	at com.intellij.rt.junit.IdeaTestRunner$Repeater$1.execute(IdeaTestRunner.java:38)
	at com.intellij.rt.execution.junit.TestsRepeater.repeat(TestsRepeater.java:11)
	at com.intellij.rt.junit.IdeaTestRunner$Repeater.startRunnerWithArgs(IdeaTestRunner.java:35)
	at com.intellij.rt.junit.JUnitStarter.prepareStreamsAndStart(JUnitStarter.java:235)
	at com.intellij.rt.junit.JUnitStarter.main(JUnitStarter.java:54)
Caused by: org.springframework.boot.context.properties.ConfigurationPropertiesBindException: Error creating bean with name 'zoo.guide.diy.zoo-mybatis-plus-com.ideaaedi.zoo.diy.artifact.mybatisplus.properties.ZooMybatisPlusDIYGuideProperties': Could not bind properties to 'ZooMybatisPlusDIYGuideProperties' : prefix=zoo.guide.diy.zoo-mybatis-plus, ignoreInvalidFields=false, ignoreUnknownFields=true
	at org.springframework.boot.context.properties.ConfigurationPropertiesBindingPostProcessor.bind(ConfigurationPropertiesBindingPostProcessor.java:99)
	at org.springframework.boot.context.properties.ConfigurationPropertiesBindingPostProcessor.postProcessBeforeInitialization(ConfigurationPropertiesBindingPostProcessor.java:79)
	at org.springframework.beans.factory.support.AbstractAutowireCapableBeanFactory.applyBeanPostProcessorsBeforeInitialization(AbstractAutowireCapableBeanFactory.java:420)
	at org.springframework.beans.factory.support.AbstractAutowireCapableBeanFactory.initializeBean(AbstractAutowireCapableBeanFactory.java:1743)
	at org.springframework.beans.factory.support.AbstractAutowireCapableBeanFactory.doCreateBean(AbstractAutowireCapableBeanFactory.java:599)
	at org.springframework.beans.factory.support.AbstractAutowireCapableBeanFactory.createBean(AbstractAutowireCapableBeanFactory.java:521)
	at org.springframework.beans.factory.support.AbstractBeanFactory.lambda$doGetBean$0(AbstractBeanFactory.java:326)
	at org.springframework.beans.factory.support.DefaultSingletonBeanRegistry.getSingleton(DefaultSingletonBeanRegistry.java:234)
	at org.springframework.beans.factory.support.AbstractBeanFactory.doGetBean(AbstractBeanFactory.java:324)
	at org.springframework.beans.factory.support.AbstractBeanFactory.getBean(AbstractBeanFactory.java:200)
	at org.springframework.beans.factory.support.DefaultListableBeanFactory.preInstantiateSingletons(DefaultListableBeanFactory.java:961)
	at org.springframework.context.support.AbstractApplicationContext.finishBeanFactoryInitialization(AbstractApplicationContext.java:915)
	at org.springframework.context.support.AbstractApplicationContext.refresh(AbstractApplicationContext.java:584)
	at org.springframework.boot.SpringApplication.refresh(SpringApplication.java:730)
	at org.springframework.boot.SpringApplication.refreshContext(SpringApplication.java:432)
	at org.springframework.boot.SpringApplication.run(SpringApplication.java:308)
	at org.springframework.boot.test.context.SpringBootContextLoader.lambda$loadContext$3(SpringBootContextLoader.java:137)
	at org.springframework.util.function.ThrowingSupplier.get(ThrowingSupplier.java:59)
	at org.springframework.util.function.ThrowingSupplier.get(ThrowingSupplier.java:47)
	at org.springframework.boot.SpringApplication.withHook(SpringApplication.java:1386)
	at org.springframework.boot.test.context.SpringBootContextLoader$ContextLoaderHook.run(SpringBootContextLoader.java:543)
	at org.springframework.boot.test.context.SpringBootContextLoader.loadContext(SpringBootContextLoader.java:137)
	at org.springframework.boot.test.context.SpringBootContextLoader.loadContext(SpringBootContextLoader.java:108)
	at org.springframework.test.context.cache.DefaultCacheAwareContextLoaderDelegate.loadContextInternal(DefaultCacheAwareContextLoaderDelegate.java:184)
	at org.springframework.test.context.cache.DefaultCacheAwareContextLoaderDelegate.loadContext(DefaultCacheAwareContextLoaderDelegate.java:118)
	... 72 common frames omitted
Caused by: org.springframework.boot.context.properties.bind.BindException: Failed to bind properties under 'zoo.guide.diy.zoo-mybatis-plus' to com.ideaaedi.zoo.diy.artifact.mybatisplus.properties.ZooMybatisPlusDIYGuideProperties
	at org.springframework.boot.context.properties.bind.Binder.handleBindError(Binder.java:387)
	at org.springframework.boot.context.properties.bind.Binder.bind(Binder.java:347)
	at org.springframework.boot.context.properties.bind.Binder.bind(Binder.java:332)
	at org.springframework.boot.context.properties.bind.Binder.bind(Binder.java:262)
	at org.springframework.boot.context.properties.bind.Binder.bind(Binder.java:249)
	at org.springframework.boot.context.properties.ConfigurationPropertiesBinder.bind(ConfigurationPropertiesBinder.java:93)
	at org.springframework.boot.context.properties.ConfigurationPropertiesBindingPostProcessor.bind(ConfigurationPropertiesBindingPostProcessor.java:96)
	... 96 common frames omitted
Caused by: org.springframework.boot.context.properties.bind.validation.BindValidationException: Binding validation errors on zoo.guide.diy.zoo-mybatis-plus
   - Field error in object 'zoo.guide.diy.zoo-mybatis-plus' on field 'name': rejected value [null]; codes [NotBlank.zoo.guide.diy.zoo-mybatis-plus.name,NotBlank.name,NotBlank.java.lang.String,NotBlank]; arguments [org.springframework.context.support.DefaultMessageSourceResolvable: codes [zoo.guide.diy.zoo-mybatis-plus.name,name]; arguments []; default message [name]]; default message [diy component name cannot be blank.]
   - Field error in object 'zoo.guide.diy.zoo-mybatis-plus' on field 'instruction': rejected value [null]; codes [NotBlank.zoo.guide.diy.zoo-mybatis-plus.instruction,NotBlank.instruction,NotBlank.java.lang.String,NotBlank]; arguments [org.springframework.context.support.DefaultMessageSourceResolvable: codes [zoo.guide.diy.zoo-mybatis-plus.instruction,instruction]; arguments []; default message [instruction]]; default message [diy component instruction cannot be blank.]
	at org.springframework.boot.context.properties.bind.validation.ValidationBindHandler.validateAndPush(ValidationBindHandler.java:141)
	at org.springframework.boot.context.properties.bind.validation.ValidationBindHandler.validate(ValidationBindHandler.java:114)
	at org.springframework.boot.context.properties.bind.validation.ValidationBindHandler.onFinish(ValidationBindHandler.java:105)
	at org.springframework.boot.context.properties.bind.Binder.handleBindResult(Binder.java:363)
	at org.springframework.boot.context.properties.bind.Binder.bind(Binder.java:344)
	... 101 common frames omitted
2024-06-30 23:46:45.609 INFO  demo [] background-preinit org.hibernate.validator.internal.util.Version:21 HV000001: Hibernate Validator 8.0.0.Final
2024-06-30 23:46:45.643 INFO  demo [] main c.i.zoo.example.springboot.mybatisplus.BasicTest:51 Starting BasicTest using Java 17.0.3.1 with PID 4792 (started by 13548 in D:\working\spring-cloud-jd\zoo-example\zoo-example-springboot\zoo-example-springboot-mybatisplus)
2024-06-30 23:46:45.644 DEBUG demo [] main c.i.zoo.example.springboot.mybatisplus.BasicTest:52 Running with Spring Boot v3.0.2, Spring v6.0.4
2024-06-30 23:46:45.645 INFO  demo [] main c.i.zoo.example.springboot.mybatisplus.BasicTest:630 No active profile set, falling back to 1 default profile: "default"
2024-06-30 23:46:47.562 INFO  demo [] main c.i.zoo.example.springboot.mybatisplus.BasicTest:57 Started BasicTest in 2.38 seconds (process running for 3.243)
2024-06-30 23:46:48.280 INFO  demo [] main com.zaxxer.hikari.HikariDataSource:110 HikariPool-1 - Starting...
2024-06-30 23:46:48.418 INFO  demo [] main com.zaxxer.hikari.pool.HikariPool:565 HikariPool-1 - Added connection com.mysql.cj.jdbc.ConnectionImpl@5fb44964
2024-06-30 23:46:48.419 INFO  demo [] main com.zaxxer.hikari.HikariDataSource:123 HikariPool-1 - Start completed.
2024-06-30 23:46:48.427 DEBUG demo [] main c.i.z.e.s.m.mapper.UserInfoMapper.forceSelectList:135 ==>  Preparing: SELECT id,name,gender,deleted FROM user_info
2024-06-30 23:46:48.445 DEBUG demo [] main c.i.z.e.s.m.mapper.UserInfoMapper.forceSelectList:135 ==> Parameters: 
2024-06-30 23:46:48.469 DEBUG demo [] main c.i.z.e.s.m.mapper.UserInfoMapper.forceSelectList:135 <==      Total: 3
2024-06-30 23:46:48.590 DEBUG demo [] main c.i.z.e.s.m.mapper.UserInfoMapper.forceDelete:135 ==>  Preparing: DELETE FROM user_info WHERE deleted=0 AND (id = ?)
2024-06-30 23:46:48.594 DEBUG demo [] main c.i.z.e.s.m.mapper.UserInfoMapper.forceDelete:135 ==> Parameters: 1(Integer)
2024-06-30 23:46:48.596 DEBUG demo [] main c.i.z.e.s.m.mapper.UserInfoMapper.forceDelete:135 <==    Updates: 1
2024-06-30 23:46:48.600 DEBUG demo [] main c.i.z.e.s.m.mapper.UserInfoMapper.forceSelectList:135 ==>  Preparing: SELECT id,name,gender,deleted FROM user_info
2024-06-30 23:46:48.601 DEBUG demo [] main c.i.z.e.s.m.mapper.UserInfoMapper.forceSelectList:135 ==> Parameters: 
2024-06-30 23:46:48.602 DEBUG demo [] main c.i.z.e.s.m.mapper.UserInfoMapper.forceSelectList:135 <==      Total: 2
2024-06-30 23:46:48.618 INFO  demo [] SpringApplicationShutdownHook com.zaxxer.hikari.HikariDataSource:350 HikariPool-1 - Shutdown initiated...
2024-06-30 23:46:48.624 INFO  demo [] SpringApplicationShutdownHook com.zaxxer.hikari.HikariDataSource:352 HikariPool-1 - Shutdown completed.
